#-----------------------------------------------------------
# Vivado v2018.3.1 (64-bit)
# SW Build 2489853 on Tue Mar 26 04:20:25 MDT 2019
# IP Build 2486929 on Tue Mar 26 06:44:21 MDT 2019
# Start of session at: Mon Mar 27 21:51:09 2023
# Process ID: 4748
# Current directory: C:/Users/chelmec4/ip_repo/audio
# Command line: vivado.exe -gui_launcher_event rodinguilauncherevent2772 C:\Users\chelmec4\ip_repo\audio\tmp_edit_project.xpr
# Log file: C:/Users/chelmec4/ip_repo/audio/vivado.log
# Journal file: C:/Users/chelmec4/ip_repo/audio\vivado.jou
#-----------------------------------------------------------
start_gui
open_project C:/Users/chelmec4/ip_repo/audio/tmp_edit_project.xpr
WARNING: [filemgmt 56-99] Vivado Synthesis ignores library specification for Verilog or SystemVerilog files. [C:/Users/chelmec4/ip_repo/audio/src/audio_pwm.v:]
WARNING: [filemgmt 56-99] Vivado Synthesis ignores library specification for Verilog or SystemVerilog files. [C:/Users/chelmec4/ip_repo/audio/src/audio_pwm_testbench.v:]
Scanning sources...
Finished scanning sources
INFO: [IP_Flow 19-234] Refreshing IP repositories
INFO: [IP_Flow 19-1700] Loaded user IP repository 'c:/Users/chelmec4/ip_repo/audio'.
INFO: [IP_Flow 19-1700] Loaded user IP repository 'c:/Users/chelmec4/ip_repo/my_index_axi_ip_1.0'.
INFO: [IP_Flow 19-2313] Loaded Vivado IP repository 'C:/DESL/Xilinx/Vivado/2018.3/data/ip'.
open_project: Time (s): cpu = 00:00:09 ; elapsed = 00:00:05 . Memory (MB): peak = 769.156 ; gain = 118.707
update_compile_order -fileset sources_1
ipx::open_ipxact_file C:/Users/chelmec4/ip_repo/audio/component.xml
WARNING: [IP_Flow 19-5226] Project source file 'c:/Users/chelmec4/ip_repo/audio/component.xml' ignored by IP packager.
ipx::merge_project_changes ports [ipx::current_core]
WARNING: [IP_Flow 19-5226] Project source file 'c:/Users/chelmec4/ip_repo/audio/component.xml' ignored by IP packager.
set_property core_revision 3 [ipx::current_core]
ipx::create_xgui_files [ipx::current_core]
ipx::update_checksums [ipx::current_core]
ipx::save_core [ipx::current_core]
update_ip_catalog -rebuild -repo_path c:/Users/chelmec4/ip_repo/audio
INFO: [IP_Flow 19-725] Reloaded user IP repository 'c:/Users/chelmec4/ip_repo/audio'
exit
INFO: [Common 17-206] Exiting Vivado at Mon Mar 27 21:51:44 2023...
