
*** Running vivado
    with args -log design_1_blk_mem_gen_0_0.vds -m64 -product Vivado -mode batch -messageDb vivado.pb -notrace -source design_1_blk_mem_gen_0_0.tcl


****** Vivado v2018.1 (64-bit)
  **** SW Build 2188600 on Wed Apr  4 18:40:38 MDT 2018
  **** IP Build 2185939 on Wed Apr  4 20:55:05 MDT 2018
    ** Copyright 1986-2018 Xilinx, Inc. All Rights Reserved.

source design_1_blk_mem_gen_0_0.tcl -notrace
Command: synth_design -top design_1_blk_mem_gen_0_0 -part xc7a100tcsg324-1 -mode out_of_context
Starting synth_design
Attempting to get a license for feature 'Synthesis' and/or device 'xc7a100t'
INFO: [Common 17-349] Got license for feature 'Synthesis' and/or device 'xc7a100t'
INFO: Launching helper process for spawning children vivado processes
INFO: Helper process launched with PID 28644 
---------------------------------------------------------------------------------
Starting RTL Elaboration : Time (s): cpu = 00:00:10 ; elapsed = 00:00:11 . Memory (MB): peak = 413.516 ; gain = 99.836
---------------------------------------------------------------------------------
INFO: [Synth 8-638] synthesizing module 'design_1_blk_mem_gen_0_0' [d:/IPs/graphics_module/graphics_module.srcs/sources_1/bd/design_1/ip/design_1_blk_mem_gen_0_0/synth/design_1_blk_mem_gen_0_0.vhd:72]
	Parameter C_FAMILY bound to: artix7 - type: string 
	Parameter C_XDEVICEFAMILY bound to: artix7 - type: string 
	Parameter C_ELABORATION_DIR bound to: ./ - type: string 
	Parameter C_INTERFACE_TYPE bound to: 0 - type: integer 
	Parameter C_AXI_TYPE bound to: 1 - type: integer 
	Parameter C_AXI_SLAVE_TYPE bound to: 0 - type: integer 
	Parameter C_USE_BRAM_BLOCK bound to: 0 - type: integer 
	Parameter C_ENABLE_32BIT_ADDRESS bound to: 0 - type: integer 
	Parameter C_CTRL_ECC_ALGO bound to: NONE - type: string 
	Parameter C_HAS_AXI_ID bound to: 0 - type: integer 
	Parameter C_AXI_ID_WIDTH bound to: 4 - type: integer 
	Parameter C_MEM_TYPE bound to: 1 - type: integer 
	Parameter C_BYTE_SIZE bound to: 9 - type: integer 
	Parameter C_ALGORITHM bound to: 1 - type: integer 
	Parameter C_PRIM_TYPE bound to: 1 - type: integer 
	Parameter C_LOAD_INIT_FILE bound to: 1 - type: integer 
	Parameter C_INIT_FILE_NAME bound to: design_1_blk_mem_gen_0_0.mif - type: string 
	Parameter C_INIT_FILE bound to: NONE - type: string 
	Parameter C_USE_DEFAULT_DATA bound to: 1 - type: integer 
	Parameter C_DEFAULT_DATA bound to: 0 - type: string 
	Parameter C_HAS_RSTA bound to: 0 - type: integer 
	Parameter C_RST_PRIORITY_A bound to: CE - type: string 
	Parameter C_RSTRAM_A bound to: 0 - type: integer 
	Parameter C_INITA_VAL bound to: 0 - type: string 
	Parameter C_HAS_ENA bound to: 1 - type: integer 
	Parameter C_HAS_REGCEA bound to: 0 - type: integer 
	Parameter C_USE_BYTE_WEA bound to: 0 - type: integer 
	Parameter C_WEA_WIDTH bound to: 1 - type: integer 
	Parameter C_WRITE_MODE_A bound to: READ_FIRST - type: string 
	Parameter C_WRITE_WIDTH_A bound to: 13 - type: integer 
	Parameter C_READ_WIDTH_A bound to: 13 - type: integer 
	Parameter C_WRITE_DEPTH_A bound to: 307200 - type: integer 
	Parameter C_READ_DEPTH_A bound to: 307200 - type: integer 
	Parameter C_ADDRA_WIDTH bound to: 19 - type: integer 
	Parameter C_HAS_RSTB bound to: 0 - type: integer 
	Parameter C_RST_PRIORITY_B bound to: CE - type: string 
	Parameter C_RSTRAM_B bound to: 0 - type: integer 
	Parameter C_INITB_VAL bound to: 0 - type: string 
	Parameter C_HAS_ENB bound to: 0 - type: integer 
	Parameter C_HAS_REGCEB bound to: 0 - type: integer 
	Parameter C_USE_BYTE_WEB bound to: 0 - type: integer 
	Parameter C_WEB_WIDTH bound to: 1 - type: integer 
	Parameter C_WRITE_MODE_B bound to: READ_FIRST - type: string 
	Parameter C_WRITE_WIDTH_B bound to: 13 - type: integer 
	Parameter C_READ_WIDTH_B bound to: 13 - type: integer 
	Parameter C_WRITE_DEPTH_B bound to: 307200 - type: integer 
	Parameter C_READ_DEPTH_B bound to: 307200 - type: integer 
	Parameter C_ADDRB_WIDTH bound to: 19 - type: integer 
	Parameter C_HAS_MEM_OUTPUT_REGS_A bound to: 0 - type: integer 
	Parameter C_HAS_MEM_OUTPUT_REGS_B bound to: 0 - type: integer 
	Parameter C_HAS_MUX_OUTPUT_REGS_A bound to: 0 - type: integer 
	Parameter C_HAS_MUX_OUTPUT_REGS_B bound to: 0 - type: integer 
	Parameter C_MUX_PIPELINE_STAGES bound to: 0 - type: integer 
	Parameter C_HAS_SOFTECC_INPUT_REGS_A bound to: 0 - type: integer 
	Parameter C_HAS_SOFTECC_OUTPUT_REGS_B bound to: 0 - type: integer 
	Parameter C_USE_SOFTECC bound to: 0 - type: integer 
	Parameter C_USE_ECC bound to: 0 - type: integer 
	Parameter C_EN_ECC_PIPE bound to: 0 - type: integer 
	Parameter C_HAS_INJECTERR bound to: 0 - type: integer 
	Parameter C_SIM_COLLISION_CHECK bound to: ALL - type: string 
	Parameter C_COMMON_CLK bound to: 1 - type: integer 
	Parameter C_DISABLE_WARN_BHV_COLL bound to: 0 - type: integer 
	Parameter C_EN_SLEEP_PIN bound to: 0 - type: integer 
	Parameter C_USE_URAM bound to: 0 - type: integer 
	Parameter C_EN_RDADDRA_CHG bound to: 0 - type: integer 
	Parameter C_EN_RDADDRB_CHG bound to: 0 - type: integer 
	Parameter C_EN_DEEPSLEEP_PIN bound to: 0 - type: integer 
	Parameter C_EN_SHUTDOWN_PIN bound to: 0 - type: integer 
	Parameter C_EN_SAFETY_CKT bound to: 0 - type: integer 
	Parameter C_DISABLE_WARN_BHV_RANGE bound to: 0 - type: integer 
	Parameter C_COUNT_36K_BRAM bound to: 111 - type: string 
	Parameter C_COUNT_18K_BRAM bound to: 3 - type: string 
	Parameter C_EST_POWER_SUMMARY bound to: Estimated Power for IP     :     24.196292 mW - type: string 
INFO: [Synth 8-3491] module 'blk_mem_gen_v8_4_1' declared at 'd:/IPs/graphics_module/graphics_module.srcs/sources_1/bd/design_1/ipshared/67d8/hdl/blk_mem_gen_v8_4_vhsyn_rfs.vhd:195313' bound to instance 'U0' of component 'blk_mem_gen_v8_4_1' [d:/IPs/graphics_module/graphics_module.srcs/sources_1/bd/design_1/ip/design_1_blk_mem_gen_0_0/synth/design_1_blk_mem_gen_0_0.vhd:239]
INFO: [Synth 8-256] done synthesizing module 'design_1_blk_mem_gen_0_0' (11#1) [d:/IPs/graphics_module/graphics_module.srcs/sources_1/bd/design_1/ip/design_1_blk_mem_gen_0_0/synth/design_1_blk_mem_gen_0_0.vhd:72]
WARNING: [Synth 8-3331] design blk_mem_gen_mux__parameterized0 has unconnected port MUX_RST[0]
WARNING: [Synth 8-3331] design blk_mem_gen_mux__parameterized0 has unconnected port MEM_LAT_RST
WARNING: [Synth 8-3331] design blk_mem_gen_mux__parameterized0 has unconnected port MEM_REG_RST
WARNING: [Synth 8-3331] design blk_mem_gen_mux__parameterized0 has unconnected port MUX_REGCE[0]
WARNING: [Synth 8-3331] design blk_mem_gen_mux__parameterized0 has unconnected port MEM_REGCE
WARNING: [Synth 8-3331] design blk_mem_gen_mux__parameterized0 has unconnected port WE
WARNING: [Synth 8-3331] design blk_mem_gen_mux__parameterized0 has unconnected port ADDR_IN[18]
WARNING: [Synth 8-3331] design blk_mem_gen_mux__parameterized0 has unconnected port ADDR_IN[17]
WARNING: [Synth 8-3331] design blk_mem_gen_mux__parameterized0 has unconnected port ADDR_IN[16]
WARNING: [Synth 8-3331] design blk_mem_gen_mux__parameterized0 has unconnected port ADDR_IN[15]
WARNING: [Synth 8-3331] design blk_mem_gen_mux__parameterized0 has unconnected port ADDR_IN[14]
WARNING: [Synth 8-3331] design blk_mem_gen_mux__parameterized0 has unconnected port ADDR_IN[13]
WARNING: [Synth 8-3331] design blk_mem_gen_mux__parameterized0 has unconnected port ADDR_IN[12]
WARNING: [Synth 8-3331] design blk_mem_gen_mux__parameterized0 has unconnected port ADDR_IN[11]
WARNING: [Synth 8-3331] design blk_mem_gen_mux__parameterized0 has unconnected port ADDR_IN[10]
WARNING: [Synth 8-3331] design blk_mem_gen_mux__parameterized0 has unconnected port ADDR_IN[9]
WARNING: [Synth 8-3331] design blk_mem_gen_mux__parameterized0 has unconnected port ADDR_IN[8]
WARNING: [Synth 8-3331] design blk_mem_gen_mux__parameterized0 has unconnected port ADDR_IN[7]
WARNING: [Synth 8-3331] design blk_mem_gen_mux__parameterized0 has unconnected port ADDR_IN[6]
WARNING: [Synth 8-3331] design blk_mem_gen_mux__parameterized0 has unconnected port ADDR_IN[5]
WARNING: [Synth 8-3331] design blk_mem_gen_mux__parameterized0 has unconnected port ADDR_IN[4]
WARNING: [Synth 8-3331] design blk_mem_gen_mux__parameterized0 has unconnected port ADDR_IN[3]
WARNING: [Synth 8-3331] design blk_mem_gen_mux__parameterized0 has unconnected port ADDR_IN[2]
WARNING: [Synth 8-3331] design blk_mem_gen_mux__parameterized0 has unconnected port ADDR_IN[1]
WARNING: [Synth 8-3331] design blk_mem_gen_mux__parameterized0 has unconnected port ADDR_IN[0]
WARNING: [Synth 8-3331] design blk_mem_gen_mux__parameterized0 has unconnected port SBITERRIN[1663]
WARNING: [Synth 8-3331] design blk_mem_gen_mux__parameterized0 has unconnected port SBITERRIN[1662]
WARNING: [Synth 8-3331] design blk_mem_gen_mux__parameterized0 has unconnected port SBITERRIN[1661]
WARNING: [Synth 8-3331] design blk_mem_gen_mux__parameterized0 has unconnected port SBITERRIN[1660]
WARNING: [Synth 8-3331] design blk_mem_gen_mux__parameterized0 has unconnected port SBITERRIN[1659]
WARNING: [Synth 8-3331] design blk_mem_gen_mux__parameterized0 has unconnected port SBITERRIN[1658]
WARNING: [Synth 8-3331] design blk_mem_gen_mux__parameterized0 has unconnected port SBITERRIN[1657]
WARNING: [Synth 8-3331] design blk_mem_gen_mux__parameterized0 has unconnected port SBITERRIN[1656]
WARNING: [Synth 8-3331] design blk_mem_gen_mux__parameterized0 has unconnected port SBITERRIN[1655]
WARNING: [Synth 8-3331] design blk_mem_gen_mux__parameterized0 has unconnected port SBITERRIN[1654]
WARNING: [Synth 8-3331] design blk_mem_gen_mux__parameterized0 has unconnected port SBITERRIN[1653]
WARNING: [Synth 8-3331] design blk_mem_gen_mux__parameterized0 has unconnected port SBITERRIN[1652]
WARNING: [Synth 8-3331] design blk_mem_gen_mux__parameterized0 has unconnected port SBITERRIN[1651]
WARNING: [Synth 8-3331] design blk_mem_gen_mux__parameterized0 has unconnected port SBITERRIN[1650]
WARNING: [Synth 8-3331] design blk_mem_gen_mux__parameterized0 has unconnected port SBITERRIN[1649]
WARNING: [Synth 8-3331] design blk_mem_gen_mux__parameterized0 has unconnected port SBITERRIN[1648]
WARNING: [Synth 8-3331] design blk_mem_gen_mux__parameterized0 has unconnected port SBITERRIN[1647]
WARNING: [Synth 8-3331] design blk_mem_gen_mux__parameterized0 has unconnected port SBITERRIN[1646]
WARNING: [Synth 8-3331] design blk_mem_gen_mux__parameterized0 has unconnected port SBITERRIN[1645]
WARNING: [Synth 8-3331] design blk_mem_gen_mux__parameterized0 has unconnected port SBITERRIN[1644]
WARNING: [Synth 8-3331] design blk_mem_gen_mux__parameterized0 has unconnected port SBITERRIN[1643]
WARNING: [Synth 8-3331] design blk_mem_gen_mux__parameterized0 has unconnected port SBITERRIN[1642]
WARNING: [Synth 8-3331] design blk_mem_gen_mux__parameterized0 has unconnected port SBITERRIN[1641]
WARNING: [Synth 8-3331] design blk_mem_gen_mux__parameterized0 has unconnected port SBITERRIN[1640]
WARNING: [Synth 8-3331] design blk_mem_gen_mux__parameterized0 has unconnected port SBITERRIN[1639]
WARNING: [Synth 8-3331] design blk_mem_gen_mux__parameterized0 has unconnected port SBITERRIN[1638]
WARNING: [Synth 8-3331] design blk_mem_gen_mux__parameterized0 has unconnected port SBITERRIN[1637]
WARNING: [Synth 8-3331] design blk_mem_gen_mux__parameterized0 has unconnected port SBITERRIN[1636]
WARNING: [Synth 8-3331] design blk_mem_gen_mux__parameterized0 has unconnected port SBITERRIN[1635]
WARNING: [Synth 8-3331] design blk_mem_gen_mux__parameterized0 has unconnected port SBITERRIN[1634]
WARNING: [Synth 8-3331] design blk_mem_gen_mux__parameterized0 has unconnected port SBITERRIN[1633]
WARNING: [Synth 8-3331] design blk_mem_gen_mux__parameterized0 has unconnected port SBITERRIN[1632]
WARNING: [Synth 8-3331] design blk_mem_gen_mux__parameterized0 has unconnected port SBITERRIN[1631]
WARNING: [Synth 8-3331] design blk_mem_gen_mux__parameterized0 has unconnected port SBITERRIN[1630]
WARNING: [Synth 8-3331] design blk_mem_gen_mux__parameterized0 has unconnected port SBITERRIN[1629]
WARNING: [Synth 8-3331] design blk_mem_gen_mux__parameterized0 has unconnected port SBITERRIN[1628]
WARNING: [Synth 8-3331] design blk_mem_gen_mux__parameterized0 has unconnected port SBITERRIN[1627]
WARNING: [Synth 8-3331] design blk_mem_gen_mux__parameterized0 has unconnected port SBITERRIN[1626]
WARNING: [Synth 8-3331] design blk_mem_gen_mux__parameterized0 has unconnected port SBITERRIN[1625]
WARNING: [Synth 8-3331] design blk_mem_gen_mux__parameterized0 has unconnected port SBITERRIN[1624]
WARNING: [Synth 8-3331] design blk_mem_gen_mux__parameterized0 has unconnected port SBITERRIN[1623]
WARNING: [Synth 8-3331] design blk_mem_gen_mux__parameterized0 has unconnected port SBITERRIN[1622]
WARNING: [Synth 8-3331] design blk_mem_gen_mux__parameterized0 has unconnected port SBITERRIN[1621]
WARNING: [Synth 8-3331] design blk_mem_gen_mux__parameterized0 has unconnected port SBITERRIN[1620]
WARNING: [Synth 8-3331] design blk_mem_gen_mux__parameterized0 has unconnected port SBITERRIN[1619]
WARNING: [Synth 8-3331] design blk_mem_gen_mux__parameterized0 has unconnected port SBITERRIN[1618]
WARNING: [Synth 8-3331] design blk_mem_gen_mux__parameterized0 has unconnected port SBITERRIN[1617]
WARNING: [Synth 8-3331] design blk_mem_gen_mux__parameterized0 has unconnected port SBITERRIN[1616]
WARNING: [Synth 8-3331] design blk_mem_gen_mux__parameterized0 has unconnected port SBITERRIN[1615]
WARNING: [Synth 8-3331] design blk_mem_gen_mux__parameterized0 has unconnected port SBITERRIN[1614]
WARNING: [Synth 8-3331] design blk_mem_gen_mux__parameterized0 has unconnected port SBITERRIN[1613]
WARNING: [Synth 8-3331] design blk_mem_gen_mux__parameterized0 has unconnected port SBITERRIN[1612]
WARNING: [Synth 8-3331] design blk_mem_gen_mux__parameterized0 has unconnected port SBITERRIN[1611]
WARNING: [Synth 8-3331] design blk_mem_gen_mux__parameterized0 has unconnected port SBITERRIN[1610]
WARNING: [Synth 8-3331] design blk_mem_gen_mux__parameterized0 has unconnected port SBITERRIN[1609]
WARNING: [Synth 8-3331] design blk_mem_gen_mux__parameterized0 has unconnected port SBITERRIN[1608]
WARNING: [Synth 8-3331] design blk_mem_gen_mux__parameterized0 has unconnected port SBITERRIN[1607]
WARNING: [Synth 8-3331] design blk_mem_gen_mux__parameterized0 has unconnected port SBITERRIN[1606]
WARNING: [Synth 8-3331] design blk_mem_gen_mux__parameterized0 has unconnected port SBITERRIN[1605]
WARNING: [Synth 8-3331] design blk_mem_gen_mux__parameterized0 has unconnected port SBITERRIN[1604]
WARNING: [Synth 8-3331] design blk_mem_gen_mux__parameterized0 has unconnected port SBITERRIN[1603]
WARNING: [Synth 8-3331] design blk_mem_gen_mux__parameterized0 has unconnected port SBITERRIN[1602]
WARNING: [Synth 8-3331] design blk_mem_gen_mux__parameterized0 has unconnected port SBITERRIN[1601]
WARNING: [Synth 8-3331] design blk_mem_gen_mux__parameterized0 has unconnected port SBITERRIN[1600]
WARNING: [Synth 8-3331] design blk_mem_gen_mux__parameterized0 has unconnected port SBITERRIN[1599]
WARNING: [Synth 8-3331] design blk_mem_gen_mux__parameterized0 has unconnected port SBITERRIN[1598]
WARNING: [Synth 8-3331] design blk_mem_gen_mux__parameterized0 has unconnected port SBITERRIN[1597]
WARNING: [Synth 8-3331] design blk_mem_gen_mux__parameterized0 has unconnected port SBITERRIN[1596]
WARNING: [Synth 8-3331] design blk_mem_gen_mux__parameterized0 has unconnected port SBITERRIN[1595]
WARNING: [Synth 8-3331] design blk_mem_gen_mux__parameterized0 has unconnected port SBITERRIN[1594]
WARNING: [Synth 8-3331] design blk_mem_gen_mux__parameterized0 has unconnected port SBITERRIN[1593]
WARNING: [Synth 8-3331] design blk_mem_gen_mux__parameterized0 has unconnected port SBITERRIN[1592]
WARNING: [Synth 8-3331] design blk_mem_gen_mux__parameterized0 has unconnected port SBITERRIN[1591]
WARNING: [Synth 8-3331] design blk_mem_gen_mux__parameterized0 has unconnected port SBITERRIN[1590]
WARNING: [Synth 8-3331] design blk_mem_gen_mux__parameterized0 has unconnected port SBITERRIN[1589]
INFO: [Common 17-14] Message 'Synth 8-3331' appears 100 times and further instances of the messages will be disabled. Use the Tcl command set_msg_config to change the current settings.
---------------------------------------------------------------------------------
Finished RTL Elaboration : Time (s): cpu = 00:05:29 ; elapsed = 00:06:07 . Memory (MB): peak = 1104.445 ; gain = 790.766
---------------------------------------------------------------------------------

Report Check Netlist: 
+------+------------------+-------+---------+-------+------------------+
|      |Item              |Errors |Warnings |Status |Description       |
+------+------------------+-------+---------+-------+------------------+
|1     |multi_driven_nets |      0|        0|Passed |Multi driven nets |
+------+------------------+-------+---------+-------+------------------+
---------------------------------------------------------------------------------
Start Handling Custom Attributes
---------------------------------------------------------------------------------
---------------------------------------------------------------------------------
Finished Handling Custom Attributes : Time (s): cpu = 00:05:29 ; elapsed = 00:06:20 . Memory (MB): peak = 1104.445 ; gain = 790.766
---------------------------------------------------------------------------------
---------------------------------------------------------------------------------
Finished RTL Optimization Phase 1 : Time (s): cpu = 00:05:29 ; elapsed = 00:06:20 . Memory (MB): peak = 1104.445 ; gain = 790.766
---------------------------------------------------------------------------------
INFO: [Netlist 29-17] Analyzing 114 Unisim elements for replacement
INFO: [Netlist 29-28] Unisim Transformation completed in 0 CPU seconds
INFO: [Device 21-403] Loading part xc7a100tcsg324-1
INFO: [Project 1-570] Preparing netlist for logic optimization

Processing XDC Constraints
Initializing timing engine
Parsing XDC File [d:/IPs/graphics_module/graphics_module.srcs/sources_1/bd/design_1/ip/design_1_blk_mem_gen_0_0/design_1_blk_mem_gen_0_0_ooc.xdc] for cell 'U0'
Finished Parsing XDC File [d:/IPs/graphics_module/graphics_module.srcs/sources_1/bd/design_1/ip/design_1_blk_mem_gen_0_0/design_1_blk_mem_gen_0_0_ooc.xdc] for cell 'U0'
Parsing XDC File [D:/IPs/graphics_module/graphics_module.runs/design_1_blk_mem_gen_0_0_synth_1/dont_touch.xdc]
Finished Parsing XDC File [D:/IPs/graphics_module/graphics_module.runs/design_1_blk_mem_gen_0_0_synth_1/dont_touch.xdc]
Completed Processing XDC Constraints

INFO: [Project 1-111] Unisim Transformation Summary:
No Unisim elements were transformed.

Constraint Validation Runtime : Time (s): cpu = 00:00:00 ; elapsed = 00:00:00.068 . Memory (MB): peak = 1104.445 ; gain = 0.000
---------------------------------------------------------------------------------
Finished Constraint Validation : Time (s): cpu = 00:05:44 ; elapsed = 00:06:54 . Memory (MB): peak = 1104.445 ; gain = 790.766
---------------------------------------------------------------------------------
---------------------------------------------------------------------------------
Start Loading Part and Timing Information
---------------------------------------------------------------------------------
Loading part: xc7a100tcsg324-1
---------------------------------------------------------------------------------
Finished Loading Part and Timing Information : Time (s): cpu = 00:05:44 ; elapsed = 00:06:54 . Memory (MB): peak = 1104.445 ; gain = 790.766
---------------------------------------------------------------------------------
---------------------------------------------------------------------------------
Start Applying 'set_property' XDC Constraints
---------------------------------------------------------------------------------
Applied set_property DONT_TOUCH = true for U0. (constraint file  D:/IPs/graphics_module/graphics_module.runs/design_1_blk_mem_gen_0_0_synth_1/dont_touch.xdc, line 9).
---------------------------------------------------------------------------------
Finished applying 'set_property' XDC Constraints : Time (s): cpu = 00:05:44 ; elapsed = 00:06:54 . Memory (MB): peak = 1104.445 ; gain = 790.766
---------------------------------------------------------------------------------
---------------------------------------------------------------------------------
Finished RTL Optimization Phase 2 : Time (s): cpu = 00:05:47 ; elapsed = 00:07:06 . Memory (MB): peak = 1104.445 ; gain = 790.766
---------------------------------------------------------------------------------

Report RTL Partitions: 
+-+--------------+------------+----------+
| |RTL Partition |Replication |Instances |
+-+--------------+------------+----------+
+-+--------------+------------+----------+
---------------------------------------------------------------------------------
Start RTL Component Statistics 
---------------------------------------------------------------------------------
Detailed RTL Component Info : 
+---Registers : 
	                7 Bit    Registers := 2     
+---Muxes : 
	   2 Input      1 Bit        Muxes := 256   
---------------------------------------------------------------------------------
Finished RTL Component Statistics 
---------------------------------------------------------------------------------
---------------------------------------------------------------------------------
Start RTL Hierarchical Component Statistics 
---------------------------------------------------------------------------------
Hierarchical RTL Component report 
Module bindec 
Detailed RTL Component Info : 
+---Muxes : 
	   2 Input      1 Bit        Muxes := 128   
Module blk_mem_gen_mux 
Detailed RTL Component Info : 
+---Registers : 
	                7 Bit    Registers := 1     
Module blk_mem_gen_mux__parameterized0 
Detailed RTL Component Info : 
+---Registers : 
	                7 Bit    Registers := 1     
---------------------------------------------------------------------------------
Finished RTL Hierarchical Component Statistics
---------------------------------------------------------------------------------
---------------------------------------------------------------------------------
Start Part Resource Summary
---------------------------------------------------------------------------------
Part Resources:
DSPs: 240 (col length:80)
BRAMs: 270 (col length: RAMB18 80 RAMB36 40)
---------------------------------------------------------------------------------
Finished Part Resource Summary
---------------------------------------------------------------------------------
---------------------------------------------------------------------------------
Start Cross Boundary and Area Optimization
---------------------------------------------------------------------------------
Warning: Parallel synthesis criteria is not met 
INFO: [Synth 8-3332] Sequential element (inst_blk_mem_gen/gnbram.gnativebmg.native_blk_mem_gen/valid.cstr/has_mux_a.A/no_softecc_sel_reg.ce_pri.sel_pipe_reg[6]) is unused and will be removed from module blk_mem_gen_v8_4_1.
INFO: [Synth 8-3332] Sequential element (inst_blk_mem_gen/gnbram.gnativebmg.native_blk_mem_gen/valid.cstr/has_mux_a.A/no_softecc_sel_reg.ce_pri.sel_pipe_reg[5]) is unused and will be removed from module blk_mem_gen_v8_4_1.
INFO: [Synth 8-3332] Sequential element (inst_blk_mem_gen/gnbram.gnativebmg.native_blk_mem_gen/valid.cstr/has_mux_a.A/no_softecc_sel_reg.ce_pri.sel_pipe_reg[4]) is unused and will be removed from module blk_mem_gen_v8_4_1.
INFO: [Synth 8-3332] Sequential element (inst_blk_mem_gen/gnbram.gnativebmg.native_blk_mem_gen/valid.cstr/has_mux_a.A/no_softecc_sel_reg.ce_pri.sel_pipe_reg[3]) is unused and will be removed from module blk_mem_gen_v8_4_1.
INFO: [Synth 8-3332] Sequential element (inst_blk_mem_gen/gnbram.gnativebmg.native_blk_mem_gen/valid.cstr/has_mux_a.A/no_softecc_sel_reg.ce_pri.sel_pipe_reg[2]) is unused and will be removed from module blk_mem_gen_v8_4_1.
INFO: [Synth 8-3332] Sequential element (inst_blk_mem_gen/gnbram.gnativebmg.native_blk_mem_gen/valid.cstr/has_mux_a.A/no_softecc_sel_reg.ce_pri.sel_pipe_reg[1]) is unused and will be removed from module blk_mem_gen_v8_4_1.
INFO: [Synth 8-3332] Sequential element (inst_blk_mem_gen/gnbram.gnativebmg.native_blk_mem_gen/valid.cstr/has_mux_a.A/no_softecc_sel_reg.ce_pri.sel_pipe_reg[0]) is unused and will be removed from module blk_mem_gen_v8_4_1.
---------------------------------------------------------------------------------
Finished Cross Boundary and Area Optimization : Time (s): cpu = 00:05:50 ; elapsed = 00:07:17 . Memory (MB): peak = 1104.445 ; gain = 790.766
---------------------------------------------------------------------------------

Report RTL Partitions: 
+-+--------------+------------+----------+
| |RTL Partition |Replication |Instances |
+-+--------------+------------+----------+
+-+--------------+------------+----------+
---------------------------------------------------------------------------------
Start Applying XDC Timing Constraints
---------------------------------------------------------------------------------
---------------------------------------------------------------------------------
Finished Applying XDC Timing Constraints : Time (s): cpu = 00:05:59 ; elapsed = 00:07:27 . Memory (MB): peak = 1104.445 ; gain = 790.766
---------------------------------------------------------------------------------
---------------------------------------------------------------------------------
Start Timing Optimization
---------------------------------------------------------------------------------
---------------------------------------------------------------------------------
Finished Timing Optimization : Time (s): cpu = 00:05:59 ; elapsed = 00:07:27 . Memory (MB): peak = 1104.445 ; gain = 790.766
---------------------------------------------------------------------------------

Report RTL Partitions: 
+-+--------------+------------+----------+
| |RTL Partition |Replication |Instances |
+-+--------------+------------+----------+
+-+--------------+------------+----------+
---------------------------------------------------------------------------------
Start Technology Mapping
---------------------------------------------------------------------------------
---------------------------------------------------------------------------------
Finished Technology Mapping : Time (s): cpu = 00:06:00 ; elapsed = 00:07:27 . Memory (MB): peak = 1104.445 ; gain = 790.766
---------------------------------------------------------------------------------

Report RTL Partitions: 
+-+--------------+------------+----------+
| |RTL Partition |Replication |Instances |
+-+--------------+------------+----------+
+-+--------------+------------+----------+
---------------------------------------------------------------------------------
Start IO Insertion
---------------------------------------------------------------------------------
---------------------------------------------------------------------------------
Start Flattening Before IO Insertion
---------------------------------------------------------------------------------
---------------------------------------------------------------------------------
Finished Flattening Before IO Insertion
---------------------------------------------------------------------------------
---------------------------------------------------------------------------------
Start Final Netlist Cleanup
---------------------------------------------------------------------------------
---------------------------------------------------------------------------------
Finished Final Netlist Cleanup
---------------------------------------------------------------------------------
---------------------------------------------------------------------------------
Finished IO Insertion : Time (s): cpu = 00:06:01 ; elapsed = 00:07:28 . Memory (MB): peak = 1104.445 ; gain = 790.766
---------------------------------------------------------------------------------

Report Check Netlist: 
+------+------------------+-------+---------+-------+------------------+
|      |Item              |Errors |Warnings |Status |Description       |
+------+------------------+-------+---------+-------+------------------+
|1     |multi_driven_nets |      0|        0|Passed |Multi driven nets |
+------+------------------+-------+---------+-------+------------------+
---------------------------------------------------------------------------------
Start Renaming Generated Instances
---------------------------------------------------------------------------------
---------------------------------------------------------------------------------
Finished Renaming Generated Instances : Time (s): cpu = 00:06:01 ; elapsed = 00:07:28 . Memory (MB): peak = 1104.445 ; gain = 790.766
---------------------------------------------------------------------------------

Report RTL Partitions: 
+-+--------------+------------+----------+
| |RTL Partition |Replication |Instances |
+-+--------------+------------+----------+
+-+--------------+------------+----------+
---------------------------------------------------------------------------------
Start Rebuilding User Hierarchy
---------------------------------------------------------------------------------
---------------------------------------------------------------------------------
Finished Rebuilding User Hierarchy : Time (s): cpu = 00:06:01 ; elapsed = 00:07:28 . Memory (MB): peak = 1104.445 ; gain = 790.766
---------------------------------------------------------------------------------
---------------------------------------------------------------------------------
Start Renaming Generated Ports
---------------------------------------------------------------------------------
---------------------------------------------------------------------------------
Finished Renaming Generated Ports : Time (s): cpu = 00:06:01 ; elapsed = 00:07:28 . Memory (MB): peak = 1104.445 ; gain = 790.766
---------------------------------------------------------------------------------
---------------------------------------------------------------------------------
Start Handling Custom Attributes
---------------------------------------------------------------------------------
---------------------------------------------------------------------------------
Finished Handling Custom Attributes : Time (s): cpu = 00:06:01 ; elapsed = 00:07:28 . Memory (MB): peak = 1104.445 ; gain = 790.766
---------------------------------------------------------------------------------
---------------------------------------------------------------------------------
Start Renaming Generated Nets
---------------------------------------------------------------------------------
---------------------------------------------------------------------------------
Finished Renaming Generated Nets : Time (s): cpu = 00:06:01 ; elapsed = 00:07:28 . Memory (MB): peak = 1104.445 ; gain = 790.766
---------------------------------------------------------------------------------
---------------------------------------------------------------------------------
Start Writing Synthesis Report
---------------------------------------------------------------------------------

Report BlackBoxes: 
+-+--------------+----------+
| |BlackBox name |Instances |
+-+--------------+----------+
+-+--------------+----------+

Report Cell Usage: 
+------+-----------+------+
|      |Cell       |Count |
+------+-----------+------+
|1     |LUT2       |     1|
|2     |LUT3       |    15|
|3     |LUT4       |    21|
|4     |LUT5       |   149|
|5     |LUT6       |   186|
|6     |MUXF7      |    94|
|7     |MUXF8      |    36|
|8     |RAMB18E1   |     2|
|9     |RAMB18E1_1 |     1|
|10    |RAMB36E1   |    16|
|11    |RAMB36E1_1 |    16|
|12    |RAMB36E1_2 |     4|
|13    |RAMB36E1_3 |    72|
|14    |RAMB36E1_4 |     1|
|15    |RAMB36E1_5 |     1|
|16    |RAMB36E1_6 |     1|
|17    |FDRE       |     7|
+------+-----------+------+

Report Instance Areas: 
+------+---------------------------------------------+-----------------------------------------------+------+
|      |Instance                                     |Module                                         |Cells |
+------+---------------------------------------------+-----------------------------------------------+------+
|1     |top                                          |                                               |   623|
|2     |  U0                                         |blk_mem_gen_v8_4_1                             |   623|
|3     |    inst_blk_mem_gen                         |blk_mem_gen_v8_4_1_synth                       |   623|
|4     |      \gnbram.gnativebmg.native_blk_mem_gen  |blk_mem_gen_top                                |   623|
|5     |        \valid.cstr                          |blk_mem_gen_generic_cstr                       |   623|
|6     |          \has_mux_b.B                       |blk_mem_gen_mux__parameterized0                |   338|
|7     |          \ramloop[0].ram.r                  |blk_mem_gen_prim_width                         |     2|
|8     |            \prim_init.ram                   |blk_mem_gen_prim_wrapper_init                  |     2|
|9     |          \ramloop[10].ram.r                 |blk_mem_gen_prim_width__parameterized9         |     2|
|10    |            \prim_init.ram                   |blk_mem_gen_prim_wrapper_init__parameterized9  |     2|
|11    |          \ramloop[11].ram.r                 |blk_mem_gen_prim_width__parameterized10        |     1|
|12    |            \prim_init.ram                   |blk_mem_gen_prim_wrapper_init__parameterized10 |     1|
|13    |          \ramloop[12].ram.r                 |blk_mem_gen_prim_width__parameterized11        |     4|
|14    |            \prim_init.ram                   |blk_mem_gen_prim_wrapper_init__parameterized11 |     4|
|15    |          \ramloop[13].ram.r                 |blk_mem_gen_prim_width__parameterized12        |     4|
|16    |            \prim_init.ram                   |blk_mem_gen_prim_wrapper_init__parameterized12 |     4|
|17    |          \ramloop[14].ram.r                 |blk_mem_gen_prim_width__parameterized13        |     4|
|18    |            \prim_init.ram                   |blk_mem_gen_prim_wrapper_init__parameterized13 |     4|
|19    |          \ramloop[15].ram.r                 |blk_mem_gen_prim_width__parameterized14        |     4|
|20    |            \prim_init.ram                   |blk_mem_gen_prim_wrapper_init__parameterized14 |     4|
|21    |          \ramloop[16].ram.r                 |blk_mem_gen_prim_width__parameterized15        |     1|
|22    |            \prim_init.ram                   |blk_mem_gen_prim_wrapper_init__parameterized15 |     1|
|23    |          \ramloop[17].ram.r                 |blk_mem_gen_prim_width__parameterized16        |     1|
|24    |            \prim_init.ram                   |blk_mem_gen_prim_wrapper_init__parameterized16 |     1|
|25    |          \ramloop[18].ram.r                 |blk_mem_gen_prim_width__parameterized17        |     2|
|26    |            \prim_init.ram                   |blk_mem_gen_prim_wrapper_init__parameterized17 |     2|
|27    |          \ramloop[19].ram.r                 |blk_mem_gen_prim_width__parameterized18        |     2|
|28    |            \prim_init.ram                   |blk_mem_gen_prim_wrapper_init__parameterized18 |     2|
|29    |          \ramloop[1].ram.r                  |blk_mem_gen_prim_width__parameterized0         |     2|
|30    |            \prim_init.ram                   |blk_mem_gen_prim_wrapper_init__parameterized0  |     2|
|31    |          \ramloop[20].ram.r                 |blk_mem_gen_prim_width__parameterized19        |     2|
|32    |            \prim_init.ram                   |blk_mem_gen_prim_wrapper_init__parameterized19 |     2|
|33    |          \ramloop[21].ram.r                 |blk_mem_gen_prim_width__parameterized20        |     2|
|34    |            \prim_init.ram                   |blk_mem_gen_prim_wrapper_init__parameterized20 |     2|
|35    |          \ramloop[22].ram.r                 |blk_mem_gen_prim_width__parameterized21        |     1|
|36    |            \prim_init.ram                   |blk_mem_gen_prim_wrapper_init__parameterized21 |     1|
|37    |          \ramloop[23].ram.r                 |blk_mem_gen_prim_width__parameterized22        |     3|
|38    |            \prim_init.ram                   |blk_mem_gen_prim_wrapper_init__parameterized22 |     3|
|39    |          \ramloop[24].ram.r                 |blk_mem_gen_prim_width__parameterized23        |     3|
|40    |            \prim_init.ram                   |blk_mem_gen_prim_wrapper_init__parameterized23 |     3|
|41    |          \ramloop[25].ram.r                 |blk_mem_gen_prim_width__parameterized24        |     3|
|42    |            \prim_init.ram                   |blk_mem_gen_prim_wrapper_init__parameterized24 |     3|
|43    |          \ramloop[26].ram.r                 |blk_mem_gen_prim_width__parameterized25        |     3|
|44    |            \prim_init.ram                   |blk_mem_gen_prim_wrapper_init__parameterized25 |     3|
|45    |          \ramloop[27].ram.r                 |blk_mem_gen_prim_width__parameterized26        |     3|
|46    |            \prim_init.ram                   |blk_mem_gen_prim_wrapper_init__parameterized26 |     3|
|47    |          \ramloop[28].ram.r                 |blk_mem_gen_prim_width__parameterized27        |     3|
|48    |            \prim_init.ram                   |blk_mem_gen_prim_wrapper_init__parameterized27 |     3|
|49    |          \ramloop[29].ram.r                 |blk_mem_gen_prim_width__parameterized28        |     3|
|50    |            \prim_init.ram                   |blk_mem_gen_prim_wrapper_init__parameterized28 |     3|
|51    |          \ramloop[2].ram.r                  |blk_mem_gen_prim_width__parameterized1         |     2|
|52    |            \prim_init.ram                   |blk_mem_gen_prim_wrapper_init__parameterized1  |     2|
|53    |          \ramloop[30].ram.r                 |blk_mem_gen_prim_width__parameterized29        |     3|
|54    |            \prim_init.ram                   |blk_mem_gen_prim_wrapper_init__parameterized29 |     3|
|55    |          \ramloop[31].ram.r                 |blk_mem_gen_prim_width__parameterized30        |     3|
|56    |            \prim_init.ram                   |blk_mem_gen_prim_wrapper_init__parameterized30 |     3|
|57    |          \ramloop[32].ram.r                 |blk_mem_gen_prim_width__parameterized31        |     3|
|58    |            \prim_init.ram                   |blk_mem_gen_prim_wrapper_init__parameterized31 |     3|
|59    |          \ramloop[33].ram.r                 |blk_mem_gen_prim_width__parameterized32        |     3|
|60    |            \prim_init.ram                   |blk_mem_gen_prim_wrapper_init__parameterized32 |     3|
|61    |          \ramloop[34].ram.r                 |blk_mem_gen_prim_width__parameterized33        |     3|
|62    |            \prim_init.ram                   |blk_mem_gen_prim_wrapper_init__parameterized33 |     3|
|63    |          \ramloop[35].ram.r                 |blk_mem_gen_prim_width__parameterized34        |     3|
|64    |            \prim_init.ram                   |blk_mem_gen_prim_wrapper_init__parameterized34 |     3|
|65    |          \ramloop[36].ram.r                 |blk_mem_gen_prim_width__parameterized35        |     3|
|66    |            \prim_init.ram                   |blk_mem_gen_prim_wrapper_init__parameterized35 |     3|
|67    |          \ramloop[37].ram.r                 |blk_mem_gen_prim_width__parameterized36        |     3|
|68    |            \prim_init.ram                   |blk_mem_gen_prim_wrapper_init__parameterized36 |     3|
|69    |          \ramloop[38].ram.r                 |blk_mem_gen_prim_width__parameterized37        |     3|
|70    |            \prim_init.ram                   |blk_mem_gen_prim_wrapper_init__parameterized37 |     3|
|71    |          \ramloop[39].ram.r                 |blk_mem_gen_prim_width__parameterized38        |     3|
|72    |            \prim_init.ram                   |blk_mem_gen_prim_wrapper_init__parameterized38 |     3|
|73    |          \ramloop[3].ram.r                  |blk_mem_gen_prim_width__parameterized2         |     2|
|74    |            \prim_init.ram                   |blk_mem_gen_prim_wrapper_init__parameterized2  |     2|
|75    |          \ramloop[40].ram.r                 |blk_mem_gen_prim_width__parameterized39        |     3|
|76    |            \prim_init.ram                   |blk_mem_gen_prim_wrapper_init__parameterized39 |     3|
|77    |          \ramloop[41].ram.r                 |blk_mem_gen_prim_width__parameterized40        |     3|
|78    |            \prim_init.ram                   |blk_mem_gen_prim_wrapper_init__parameterized40 |     3|
|79    |          \ramloop[42].ram.r                 |blk_mem_gen_prim_width__parameterized41        |     4|
|80    |            \prim_init.ram                   |blk_mem_gen_prim_wrapper_init__parameterized41 |     4|
|81    |          \ramloop[43].ram.r                 |blk_mem_gen_prim_width__parameterized42        |     4|
|82    |            \prim_init.ram                   |blk_mem_gen_prim_wrapper_init__parameterized42 |     4|
|83    |          \ramloop[44].ram.r                 |blk_mem_gen_prim_width__parameterized43        |     4|
|84    |            \prim_init.ram                   |blk_mem_gen_prim_wrapper_init__parameterized43 |     4|
|85    |          \ramloop[45].ram.r                 |blk_mem_gen_prim_width__parameterized44        |     4|
|86    |            \prim_init.ram                   |blk_mem_gen_prim_wrapper_init__parameterized44 |     4|
|87    |          \ramloop[46].ram.r                 |blk_mem_gen_prim_width__parameterized45        |     4|
|88    |            \prim_init.ram                   |blk_mem_gen_prim_wrapper_init__parameterized45 |     4|
|89    |          \ramloop[47].ram.r                 |blk_mem_gen_prim_width__parameterized46        |     3|
|90    |            \prim_init.ram                   |blk_mem_gen_prim_wrapper_init__parameterized46 |     3|
|91    |          \ramloop[48].ram.r                 |blk_mem_gen_prim_width__parameterized47        |     3|
|92    |            \prim_init.ram                   |blk_mem_gen_prim_wrapper_init__parameterized47 |     3|
|93    |          \ramloop[49].ram.r                 |blk_mem_gen_prim_width__parameterized48        |     3|
|94    |            \prim_init.ram                   |blk_mem_gen_prim_wrapper_init__parameterized48 |     3|
|95    |          \ramloop[4].ram.r                  |blk_mem_gen_prim_width__parameterized3         |     1|
|96    |            \prim_init.ram                   |blk_mem_gen_prim_wrapper_init__parameterized3  |     1|
|97    |          \ramloop[50].ram.r                 |blk_mem_gen_prim_width__parameterized49        |     3|
|98    |            \prim_init.ram                   |blk_mem_gen_prim_wrapper_init__parameterized49 |     3|
|99    |          \ramloop[51].ram.r                 |blk_mem_gen_prim_width__parameterized50        |     3|
|100   |            \prim_init.ram                   |blk_mem_gen_prim_wrapper_init__parameterized50 |     3|
|101   |          \ramloop[52].ram.r                 |blk_mem_gen_prim_width__parameterized51        |     3|
|102   |            \prim_init.ram                   |blk_mem_gen_prim_wrapper_init__parameterized51 |     3|
|103   |          \ramloop[53].ram.r                 |blk_mem_gen_prim_width__parameterized52        |     3|
|104   |            \prim_init.ram                   |blk_mem_gen_prim_wrapper_init__parameterized52 |     3|
|105   |          \ramloop[54].ram.r                 |blk_mem_gen_prim_width__parameterized53        |     3|
|106   |            \prim_init.ram                   |blk_mem_gen_prim_wrapper_init__parameterized53 |     3|
|107   |          \ramloop[55].ram.r                 |blk_mem_gen_prim_width__parameterized54        |     3|
|108   |            \prim_init.ram                   |blk_mem_gen_prim_wrapper_init__parameterized54 |     3|
|109   |          \ramloop[56].ram.r                 |blk_mem_gen_prim_width__parameterized55        |     3|
|110   |            \prim_init.ram                   |blk_mem_gen_prim_wrapper_init__parameterized55 |     3|
|111   |          \ramloop[57].ram.r                 |blk_mem_gen_prim_width__parameterized56        |     3|
|112   |            \prim_init.ram                   |blk_mem_gen_prim_wrapper_init__parameterized56 |     3|
|113   |          \ramloop[58].ram.r                 |blk_mem_gen_prim_width__parameterized57        |     3|
|114   |            \prim_init.ram                   |blk_mem_gen_prim_wrapper_init__parameterized57 |     3|
|115   |          \ramloop[59].ram.r                 |blk_mem_gen_prim_width__parameterized58        |     3|
|116   |            \prim_init.ram                   |blk_mem_gen_prim_wrapper_init__parameterized58 |     3|
|117   |          \ramloop[5].ram.r                  |blk_mem_gen_prim_width__parameterized4         |     3|
|118   |            \prim_init.ram                   |blk_mem_gen_prim_wrapper_init__parameterized4  |     3|
|119   |          \ramloop[60].ram.r                 |blk_mem_gen_prim_width__parameterized59        |     3|
|120   |            \prim_init.ram                   |blk_mem_gen_prim_wrapper_init__parameterized59 |     3|
|121   |          \ramloop[61].ram.r                 |blk_mem_gen_prim_width__parameterized60        |     3|
|122   |            \prim_init.ram                   |blk_mem_gen_prim_wrapper_init__parameterized60 |     3|
|123   |          \ramloop[62].ram.r                 |blk_mem_gen_prim_width__parameterized61        |     3|
|124   |            \prim_init.ram                   |blk_mem_gen_prim_wrapper_init__parameterized61 |     3|
|125   |          \ramloop[63].ram.r                 |blk_mem_gen_prim_width__parameterized62        |     3|
|126   |            \prim_init.ram                   |blk_mem_gen_prim_wrapper_init__parameterized62 |     3|
|127   |          \ramloop[64].ram.r                 |blk_mem_gen_prim_width__parameterized63        |     3|
|128   |            \prim_init.ram                   |blk_mem_gen_prim_wrapper_init__parameterized63 |     3|
|129   |          \ramloop[65].ram.r                 |blk_mem_gen_prim_width__parameterized64        |     3|
|130   |            \prim_init.ram                   |blk_mem_gen_prim_wrapper_init__parameterized64 |     3|
|131   |          \ramloop[66].ram.r                 |blk_mem_gen_prim_width__parameterized65        |     3|
|132   |            \prim_init.ram                   |blk_mem_gen_prim_wrapper_init__parameterized65 |     3|
|133   |          \ramloop[67].ram.r                 |blk_mem_gen_prim_width__parameterized66        |     3|
|134   |            \prim_init.ram                   |blk_mem_gen_prim_wrapper_init__parameterized66 |     3|
|135   |          \ramloop[68].ram.r                 |blk_mem_gen_prim_width__parameterized67        |     3|
|136   |            \prim_init.ram                   |blk_mem_gen_prim_wrapper_init__parameterized67 |     3|
|137   |          \ramloop[69].ram.r                 |blk_mem_gen_prim_width__parameterized68        |     3|
|138   |            \prim_init.ram                   |blk_mem_gen_prim_wrapper_init__parameterized68 |     3|
|139   |          \ramloop[6].ram.r                  |blk_mem_gen_prim_width__parameterized5         |     1|
|140   |            \prim_init.ram                   |blk_mem_gen_prim_wrapper_init__parameterized5  |     1|
|141   |          \ramloop[70].ram.r                 |blk_mem_gen_prim_width__parameterized69        |     3|
|142   |            \prim_init.ram                   |blk_mem_gen_prim_wrapper_init__parameterized69 |     3|
|143   |          \ramloop[71].ram.r                 |blk_mem_gen_prim_width__parameterized70        |     3|
|144   |            \prim_init.ram                   |blk_mem_gen_prim_wrapper_init__parameterized70 |     3|
|145   |          \ramloop[72].ram.r                 |blk_mem_gen_prim_width__parameterized71        |     3|
|146   |            \prim_init.ram                   |blk_mem_gen_prim_wrapper_init__parameterized71 |     3|
|147   |          \ramloop[73].ram.r                 |blk_mem_gen_prim_width__parameterized72        |     3|
|148   |            \prim_init.ram                   |blk_mem_gen_prim_wrapper_init__parameterized72 |     3|
|149   |          \ramloop[74].ram.r                 |blk_mem_gen_prim_width__parameterized73        |     3|
|150   |            \prim_init.ram                   |blk_mem_gen_prim_wrapper_init__parameterized73 |     3|
|151   |          \ramloop[75].ram.r                 |blk_mem_gen_prim_width__parameterized74        |     3|
|152   |            \prim_init.ram                   |blk_mem_gen_prim_wrapper_init__parameterized74 |     3|
|153   |          \ramloop[76].ram.r                 |blk_mem_gen_prim_width__parameterized75        |     3|
|154   |            \prim_init.ram                   |blk_mem_gen_prim_wrapper_init__parameterized75 |     3|
|155   |          \ramloop[77].ram.r                 |blk_mem_gen_prim_width__parameterized76        |     3|
|156   |            \prim_init.ram                   |blk_mem_gen_prim_wrapper_init__parameterized76 |     3|
|157   |          \ramloop[78].ram.r                 |blk_mem_gen_prim_width__parameterized77        |     3|
|158   |            \prim_init.ram                   |blk_mem_gen_prim_wrapper_init__parameterized77 |     3|
|159   |          \ramloop[79].ram.r                 |blk_mem_gen_prim_width__parameterized78        |     3|
|160   |            \prim_init.ram                   |blk_mem_gen_prim_wrapper_init__parameterized78 |     3|
|161   |          \ramloop[7].ram.r                  |blk_mem_gen_prim_width__parameterized6         |     2|
|162   |            \prim_init.ram                   |blk_mem_gen_prim_wrapper_init__parameterized6  |     2|
|163   |          \ramloop[80].ram.r                 |blk_mem_gen_prim_width__parameterized79        |     3|
|164   |            \prim_init.ram                   |blk_mem_gen_prim_wrapper_init__parameterized79 |     3|
|165   |          \ramloop[81].ram.r                 |blk_mem_gen_prim_width__parameterized80        |     4|
|166   |            \prim_init.ram                   |blk_mem_gen_prim_wrapper_init__parameterized80 |     4|
|167   |          \ramloop[82].ram.r                 |blk_mem_gen_prim_width__parameterized81        |     3|
|168   |            \prim_init.ram                   |blk_mem_gen_prim_wrapper_init__parameterized81 |     3|
|169   |          \ramloop[83].ram.r                 |blk_mem_gen_prim_width__parameterized82        |     3|
|170   |            \prim_init.ram                   |blk_mem_gen_prim_wrapper_init__parameterized82 |     3|
|171   |          \ramloop[84].ram.r                 |blk_mem_gen_prim_width__parameterized83        |     3|
|172   |            \prim_init.ram                   |blk_mem_gen_prim_wrapper_init__parameterized83 |     3|
|173   |          \ramloop[85].ram.r                 |blk_mem_gen_prim_width__parameterized84        |     3|
|174   |            \prim_init.ram                   |blk_mem_gen_prim_wrapper_init__parameterized84 |     3|
|175   |          \ramloop[86].ram.r                 |blk_mem_gen_prim_width__parameterized85        |     3|
|176   |            \prim_init.ram                   |blk_mem_gen_prim_wrapper_init__parameterized85 |     3|
|177   |          \ramloop[87].ram.r                 |blk_mem_gen_prim_width__parameterized86        |     3|
|178   |            \prim_init.ram                   |blk_mem_gen_prim_wrapper_init__parameterized86 |     3|
|179   |          \ramloop[88].ram.r                 |blk_mem_gen_prim_width__parameterized87        |     3|
|180   |            \prim_init.ram                   |blk_mem_gen_prim_wrapper_init__parameterized87 |     3|
|181   |          \ramloop[89].ram.r                 |blk_mem_gen_prim_width__parameterized88        |     4|
|182   |            \prim_init.ram                   |blk_mem_gen_prim_wrapper_init__parameterized88 |     4|
|183   |          \ramloop[8].ram.r                  |blk_mem_gen_prim_width__parameterized7         |     2|
|184   |            \prim_init.ram                   |blk_mem_gen_prim_wrapper_init__parameterized7  |     2|
|185   |          \ramloop[90].ram.r                 |blk_mem_gen_prim_width__parameterized89        |     4|
|186   |            \prim_init.ram                   |blk_mem_gen_prim_wrapper_init__parameterized89 |     4|
|187   |          \ramloop[91].ram.r                 |blk_mem_gen_prim_width__parameterized90        |     3|
|188   |            \prim_init.ram                   |blk_mem_gen_prim_wrapper_init__parameterized90 |     3|
|189   |          \ramloop[92].ram.r                 |blk_mem_gen_prim_width__parameterized91        |     3|
|190   |            \prim_init.ram                   |blk_mem_gen_prim_wrapper_init__parameterized91 |     3|
|191   |          \ramloop[93].ram.r                 |blk_mem_gen_prim_width__parameterized92        |     3|
|192   |            \prim_init.ram                   |blk_mem_gen_prim_wrapper_init__parameterized92 |     3|
|193   |          \ramloop[94].ram.r                 |blk_mem_gen_prim_width__parameterized93        |     3|
|194   |            \prim_init.ram                   |blk_mem_gen_prim_wrapper_init__parameterized93 |     3|
|195   |          \ramloop[95].ram.r                 |blk_mem_gen_prim_width__parameterized94        |     4|
|196   |            \prim_init.ram                   |blk_mem_gen_prim_wrapper_init__parameterized94 |     4|
|197   |          \ramloop[96].ram.r                 |blk_mem_gen_prim_width__parameterized95        |     5|
|198   |            \prim_init.ram                   |blk_mem_gen_prim_wrapper_init__parameterized95 |     5|
|199   |          \ramloop[97].ram.r                 |blk_mem_gen_prim_width__parameterized96        |     3|
|200   |            \prim_init.ram                   |blk_mem_gen_prim_wrapper_init__parameterized96 |     3|
|201   |          \ramloop[9].ram.r                  |blk_mem_gen_prim_width__parameterized8         |     2|
|202   |            \prim_init.ram                   |blk_mem_gen_prim_wrapper_init__parameterized8  |     2|
+------+---------------------------------------------+-----------------------------------------------+------+
---------------------------------------------------------------------------------
Finished Writing Synthesis Report : Time (s): cpu = 00:06:01 ; elapsed = 00:07:28 . Memory (MB): peak = 1104.445 ; gain = 790.766
---------------------------------------------------------------------------------
Synthesis finished with 0 errors, 0 critical warnings and 6869 warnings.
Synthesis Optimization Runtime : Time (s): cpu = 00:00:23 ; elapsed = 00:07:10 . Memory (MB): peak = 1104.445 ; gain = 790.766
Synthesis Optimization Complete : Time (s): cpu = 00:06:01 ; elapsed = 00:07:29 . Memory (MB): peak = 1104.445 ; gain = 790.766
INFO: [Project 1-571] Translating synthesized netlist
INFO: [Netlist 29-17] Analyzing 244 Unisim elements for replacement
INFO: [Netlist 29-28] Unisim Transformation completed in 0 CPU seconds
INFO: [Project 1-570] Preparing netlist for logic optimization
INFO: [Opt 31-138] Pushed 0 inverter(s) to 0 load pin(s).
INFO: [Project 1-111] Unisim Transformation Summary:
No Unisim elements were transformed.

INFO: [Common 17-83] Releasing license: Synthesis
24 Infos, 100 Warnings, 0 Critical Warnings and 0 Errors encountered.
synth_design completed successfully
synth_design: Time (s): cpu = 00:06:04 ; elapsed = 00:07:33 . Memory (MB): peak = 1104.445 ; gain = 802.250
INFO: [Common 17-1381] The checkpoint 'D:/IPs/graphics_module/graphics_module.runs/design_1_blk_mem_gen_0_0_synth_1/design_1_blk_mem_gen_0_0.dcp' has been generated.
write_checkpoint: Time (s): cpu = 00:00:01 ; elapsed = 00:00:08 . Memory (MB): peak = 1104.445 ; gain = 0.000
