#-----------------------------------------------------------
# Vivado v2018.3.1 (64-bit)
# SW Build 2489853 on Tue Mar 26 04:20:25 MDT 2019
# IP Build 2486929 on Tue Mar 26 06:44:21 MDT 2019
# Start of session at: Mon Mar 27 15:34:08 2023
# Process ID: 10868
# Current directory: C:/Users/chelmec4/add_ddr/ip_repo
# Command line: vivado.exe -gui_launcher_event rodinguilauncherevent7512 C:\Users\chelmec4\add_ddr\ip_repo\edit_my_updated_audio_v1_0.xpr
# Log file: C:/Users/chelmec4/add_ddr/ip_repo/vivado.log
# Journal file: C:/Users/chelmec4/add_ddr/ip_repo\vivado.jou
#-----------------------------------------------------------
start_gui
open_project C:/Users/chelmec4/add_ddr/ip_repo/edit_my_updated_audio_v1_0.xpr
WARNING: [filemgmt 56-99] Vivado Synthesis ignores library specification for Verilog or SystemVerilog files. [C:/Users/chelmec4/add_ddr/ip_repo/my_updated_audio_1.0/hdl/my_updated_audio_v1_0_S00_AXI.v:]
WARNING: [filemgmt 56-99] Vivado Synthesis ignores library specification for Verilog or SystemVerilog files. [C:/Users/chelmec4/add_ddr/ip_repo/my_updated_audio_1.0/hdl/my_updated_audio_v1_0.v:]
Scanning sources...
Finished scanning sources
INFO: [IP_Flow 19-234] Refreshing IP repositories
WARNING: [IP_Flow 19-3685] Ignored loading user repository 'c:/Users/chelmec4/add_ddr/ip_repo/my_updated_audio_1.0'. The path is contained within another repository.
INFO: [IP_Flow 19-1700] Loaded user IP repository 'c:/Users/chelmec4'.
WARNING: [IP_Flow 19-3656] If you move the project, the path for repository 'c:/Users/chelmec4' may become invalid. A better location for the repository would be in a path adjacent to the project. (Current project location is 'c:/Users/chelmec4/add_ddr/ip_repo'.)
INFO: [IP_Flow 19-2313] Loaded Vivado IP repository 'C:/DESL/Xilinx/Vivado/2018.3/data/ip'.
open_project: Time (s): cpu = 00:00:11 ; elapsed = 00:00:09 . Memory (MB): peak = 799.855 ; gain = 220.109
update_compile_order -fileset sources_1
exit
INFO: [Common 17-206] Exiting Vivado at Mon Mar 27 15:35:06 2023...
