
*** Running vivado
    with args -log design_1_framebuffer_write_0_0.vds -m64 -product Vivado -mode batch -messageDb vivado.pb -notrace -source design_1_framebuffer_write_0_0.tcl


****** Vivado v2018.1 (64-bit)
  **** SW Build 2188600 on Wed Apr  4 18:40:38 MDT 2018
  **** IP Build 2185939 on Wed Apr  4 20:55:05 MDT 2018
    ** Copyright 1986-2018 Xilinx, Inc. All Rights Reserved.

source design_1_framebuffer_write_0_0.tcl -notrace
Command: synth_design -top design_1_framebuffer_write_0_0 -part xc7a100tcsg324-1 -mode out_of_context
Starting synth_design
Attempting to get a license for feature 'Synthesis' and/or device 'xc7a100t'
INFO: [Common 17-349] Got license for feature 'Synthesis' and/or device 'xc7a100t'
INFO: Launching helper process for spawning children vivado processes
INFO: Helper process launched with PID 17932 
---------------------------------------------------------------------------------
Starting RTL Elaboration : Time (s): cpu = 00:00:09 ; elapsed = 00:00:08 . Memory (MB): peak = 414.141 ; gain = 99.539
---------------------------------------------------------------------------------
INFO: [Synth 8-6157] synthesizing module 'design_1_framebuffer_write_0_0' [d:/IPs/graphics_module/graphics_module.srcs/sources_1/bd/design_1/ip/design_1_framebuffer_write_0_0/synth/design_1_framebuffer_write_0_0.v:57]
INFO: [Synth 8-6157] synthesizing module 'framebuffer_write' [d:/IPs/graphics_module/graphics_module.srcs/sources_1/bd/design_1/ipshared/386a/hdl/framebuffer_write.v:3]
	Parameter C_S00_AXI_DATA_WIDTH bound to: 32 - type: integer 
	Parameter C_S00_AXI_ADDR_WIDTH bound to: 32 - type: integer 
INFO: [Synth 8-6157] synthesizing module 'framebuffer_write_S00_AXI' [d:/IPs/graphics_module/graphics_module.srcs/sources_1/bd/design_1/ipshared/386a/hdl/framebuffer_write_S00_AXI.v:3]
	Parameter C_S_AXI_DATA_WIDTH bound to: 32 - type: integer 
	Parameter C_S_AXI_ADDR_WIDTH bound to: 32 - type: integer 
	Parameter ADDR_LSB bound to: 2 - type: integer 
	Parameter OPT_MEM_ADDR_BITS bound to: 2 - type: integer 
INFO: [Synth 8-155] case statement is not full and has no default [d:/IPs/graphics_module/graphics_module.srcs/sources_1/bd/design_1/ipshared/386a/hdl/framebuffer_write_S00_AXI.v:179]
INFO: [Synth 8-6155] done synthesizing module 'framebuffer_write_S00_AXI' (1#1) [d:/IPs/graphics_module/graphics_module.srcs/sources_1/bd/design_1/ipshared/386a/hdl/framebuffer_write_S00_AXI.v:3]
INFO: [Synth 8-6155] done synthesizing module 'framebuffer_write' (2#1) [d:/IPs/graphics_module/graphics_module.srcs/sources_1/bd/design_1/ipshared/386a/hdl/framebuffer_write.v:3]
INFO: [Synth 8-6155] done synthesizing module 'design_1_framebuffer_write_0_0' (3#1) [d:/IPs/graphics_module/graphics_module.srcs/sources_1/bd/design_1/ip/design_1_framebuffer_write_0_0/synth/design_1_framebuffer_write_0_0.v:57]
WARNING: [Synth 8-3331] design framebuffer_write_S00_AXI has unconnected port S_AXI_AWPROT[2]
WARNING: [Synth 8-3331] design framebuffer_write_S00_AXI has unconnected port S_AXI_AWPROT[1]
WARNING: [Synth 8-3331] design framebuffer_write_S00_AXI has unconnected port S_AXI_AWPROT[0]
WARNING: [Synth 8-3331] design framebuffer_write_S00_AXI has unconnected port S_AXI_ARPROT[2]
WARNING: [Synth 8-3331] design framebuffer_write_S00_AXI has unconnected port S_AXI_ARPROT[1]
WARNING: [Synth 8-3331] design framebuffer_write_S00_AXI has unconnected port S_AXI_ARPROT[0]
---------------------------------------------------------------------------------
Finished RTL Elaboration : Time (s): cpu = 00:00:09 ; elapsed = 00:00:13 . Memory (MB): peak = 468.691 ; gain = 154.090
---------------------------------------------------------------------------------

Report Check Netlist: 
+------+------------------+-------+---------+-------+------------------+
|      |Item              |Errors |Warnings |Status |Description       |
+------+------------------+-------+---------+-------+------------------+
|1     |multi_driven_nets |      0|        0|Passed |Multi driven nets |
+------+------------------+-------+---------+-------+------------------+
---------------------------------------------------------------------------------
Start Handling Custom Attributes
---------------------------------------------------------------------------------
---------------------------------------------------------------------------------
Finished Handling Custom Attributes : Time (s): cpu = 00:00:10 ; elapsed = 00:00:15 . Memory (MB): peak = 468.691 ; gain = 154.090
---------------------------------------------------------------------------------
---------------------------------------------------------------------------------
Finished RTL Optimization Phase 1 : Time (s): cpu = 00:00:10 ; elapsed = 00:00:15 . Memory (MB): peak = 468.691 ; gain = 154.090
---------------------------------------------------------------------------------
INFO: [Device 21-403] Loading part xc7a100tcsg324-1
INFO: [Project 1-570] Preparing netlist for logic optimization

Processing XDC Constraints
Initializing timing engine
Completed Processing XDC Constraints

INFO: [Project 1-111] Unisim Transformation Summary:
No Unisim elements were transformed.

Constraint Validation Runtime : Time (s): cpu = 00:00:00 ; elapsed = 00:00:00.044 . Memory (MB): peak = 801.449 ; gain = 0.320
---------------------------------------------------------------------------------
Finished Constraint Validation : Time (s): cpu = 00:00:20 ; elapsed = 00:00:37 . Memory (MB): peak = 801.449 ; gain = 486.848
---------------------------------------------------------------------------------
---------------------------------------------------------------------------------
Start Loading Part and Timing Information
---------------------------------------------------------------------------------
Loading part: xc7a100tcsg324-1
---------------------------------------------------------------------------------
Finished Loading Part and Timing Information : Time (s): cpu = 00:00:20 ; elapsed = 00:00:37 . Memory (MB): peak = 801.449 ; gain = 486.848
---------------------------------------------------------------------------------
---------------------------------------------------------------------------------
Start Applying 'set_property' XDC Constraints
---------------------------------------------------------------------------------
---------------------------------------------------------------------------------
Finished applying 'set_property' XDC Constraints : Time (s): cpu = 00:00:20 ; elapsed = 00:00:37 . Memory (MB): peak = 801.449 ; gain = 486.848
---------------------------------------------------------------------------------
---------------------------------------------------------------------------------
Finished RTL Optimization Phase 2 : Time (s): cpu = 00:00:21 ; elapsed = 00:00:40 . Memory (MB): peak = 801.449 ; gain = 486.848
---------------------------------------------------------------------------------

Report RTL Partitions: 
+-+--------------+------------+----------+
| |RTL Partition |Replication |Instances |
+-+--------------+------------+----------+
+-+--------------+------------+----------+
---------------------------------------------------------------------------------
Start RTL Component Statistics 
---------------------------------------------------------------------------------
Detailed RTL Component Info : 
+---Adders : 
	   2 Input     11 Bit       Adders := 1     
	   2 Input     10 Bit       Adders := 4     
	   2 Input      3 Bit       Adders := 1     
+---Registers : 
	               32 Bit    Registers := 10    
	               19 Bit    Registers := 1     
	               11 Bit    Registers := 1     
	               10 Bit    Registers := 3     
	                2 Bit    Registers := 2     
	                1 Bit    Registers := 7     
+---Muxes : 
	   2 Input     32 Bit        Muxes := 7     
	   8 Input     32 Bit        Muxes := 7     
	   6 Input     19 Bit        Muxes := 1     
	   2 Input     19 Bit        Muxes := 2     
	   6 Input     11 Bit        Muxes := 1     
	   2 Input     10 Bit        Muxes := 2     
	   6 Input     10 Bit        Muxes := 2     
	   2 Input      3 Bit        Muxes := 8     
	   6 Input      3 Bit        Muxes := 1     
	   2 Input      1 Bit        Muxes := 7     
	   6 Input      1 Bit        Muxes := 5     
---------------------------------------------------------------------------------
Finished RTL Component Statistics 
---------------------------------------------------------------------------------
---------------------------------------------------------------------------------
Start RTL Hierarchical Component Statistics 
---------------------------------------------------------------------------------
Hierarchical RTL Component report 
Module framebuffer_write_S00_AXI 
Detailed RTL Component Info : 
+---Adders : 
	   2 Input     11 Bit       Adders := 1     
	   2 Input     10 Bit       Adders := 4     
	   2 Input      3 Bit       Adders := 1     
+---Registers : 
	               32 Bit    Registers := 10    
	               19 Bit    Registers := 1     
	               11 Bit    Registers := 1     
	               10 Bit    Registers := 3     
	                2 Bit    Registers := 2     
	                1 Bit    Registers := 7     
+---Muxes : 
	   2 Input     32 Bit        Muxes := 7     
	   8 Input     32 Bit        Muxes := 7     
	   6 Input     19 Bit        Muxes := 1     
	   2 Input     19 Bit        Muxes := 2     
	   6 Input     11 Bit        Muxes := 1     
	   2 Input     10 Bit        Muxes := 2     
	   6 Input     10 Bit        Muxes := 2     
	   2 Input      3 Bit        Muxes := 8     
	   6 Input      3 Bit        Muxes := 1     
	   2 Input      1 Bit        Muxes := 7     
	   6 Input      1 Bit        Muxes := 5     
---------------------------------------------------------------------------------
Finished RTL Hierarchical Component Statistics
---------------------------------------------------------------------------------
---------------------------------------------------------------------------------
Start Part Resource Summary
---------------------------------------------------------------------------------
Part Resources:
DSPs: 240 (col length:80)
BRAMs: 270 (col length: RAMB18 80 RAMB36 40)
---------------------------------------------------------------------------------
Finished Part Resource Summary
---------------------------------------------------------------------------------
---------------------------------------------------------------------------------
Start Cross Boundary and Area Optimization
---------------------------------------------------------------------------------
Warning: Parallel synthesis criteria is not met 
INFO: [Synth 8-4471] merging register 'inst/framebuffer_write_S00_AXI_inst/y_position_reg[9:0]' into 'inst/framebuffer_write_S00_AXI_inst/y_position_reg[9:0]' [d:/IPs/graphics_module/graphics_module.srcs/sources_1/bd/design_1/ipshared/386a/hdl/framebuffer_write_S00_AXI.v:175]
INFO: [Synth 8-4471] merging register 'inst/framebuffer_write_S00_AXI_inst/x_position_reg[9:0]' into 'inst/framebuffer_write_S00_AXI_inst/x_position_reg[9:0]' [d:/IPs/graphics_module/graphics_module.srcs/sources_1/bd/design_1/ipshared/386a/hdl/framebuffer_write_S00_AXI.v:174]
WARNING: [Synth 8-6014] Unused sequential element inst/framebuffer_write_S00_AXI_inst/y_position_reg was removed.  [d:/IPs/graphics_module/graphics_module.srcs/sources_1/bd/design_1/ipshared/386a/hdl/framebuffer_write_S00_AXI.v:175]
WARNING: [Synth 8-6014] Unused sequential element inst/framebuffer_write_S00_AXI_inst/x_position_reg was removed.  [d:/IPs/graphics_module/graphics_module.srcs/sources_1/bd/design_1/ipshared/386a/hdl/framebuffer_write_S00_AXI.v:174]
DSP Report: Generating DSP inst/framebuffer_write_S00_AXI_inst/write_address0, operation Mode is: C'+A2*(B:0x280).
DSP Report: register inst/framebuffer_write_S00_AXI_inst/y_position_reg is absorbed into DSP inst/framebuffer_write_S00_AXI_inst/write_address0.
DSP Report: register inst/framebuffer_write_S00_AXI_inst/x_position_reg is absorbed into DSP inst/framebuffer_write_S00_AXI_inst/write_address0.
DSP Report: operator inst/framebuffer_write_S00_AXI_inst/write_address0 is absorbed into DSP inst/framebuffer_write_S00_AXI_inst/write_address0.
DSP Report: operator inst/framebuffer_write_S00_AXI_inst/write_address1 is absorbed into DSP inst/framebuffer_write_S00_AXI_inst/write_address0.
WARNING: [Synth 8-3331] design design_1_framebuffer_write_0_0 has unconnected port s00_axi_awprot[2]
WARNING: [Synth 8-3331] design design_1_framebuffer_write_0_0 has unconnected port s00_axi_awprot[1]
WARNING: [Synth 8-3331] design design_1_framebuffer_write_0_0 has unconnected port s00_axi_awprot[0]
WARNING: [Synth 8-3331] design design_1_framebuffer_write_0_0 has unconnected port s00_axi_arprot[2]
WARNING: [Synth 8-3331] design design_1_framebuffer_write_0_0 has unconnected port s00_axi_arprot[1]
WARNING: [Synth 8-3331] design design_1_framebuffer_write_0_0 has unconnected port s00_axi_arprot[0]
INFO: [Synth 8-3886] merging instance 'inst/framebuffer_write_S00_AXI_inst/axi_rresp_reg[0]' (FDRE) to 'inst/framebuffer_write_S00_AXI_inst/axi_rresp_reg[1]'
INFO: [Synth 8-3333] propagating constant 0 across sequential element (\inst/framebuffer_write_S00_AXI_inst/axi_rresp_reg[1] )
INFO: [Synth 8-3886] merging instance 'inst/framebuffer_write_S00_AXI_inst/axi_bresp_reg[0]' (FDRE) to 'inst/framebuffer_write_S00_AXI_inst/axi_bresp_reg[1]'
INFO: [Synth 8-3333] propagating constant 0 across sequential element (\inst/framebuffer_write_S00_AXI_inst/axi_bresp_reg[1] )
INFO: [Synth 8-3332] Sequential element (inst/framebuffer_write_S00_AXI_inst/axi_awaddr_reg[31]) is unused and will be removed from module design_1_framebuffer_write_0_0.
INFO: [Synth 8-3332] Sequential element (inst/framebuffer_write_S00_AXI_inst/axi_awaddr_reg[30]) is unused and will be removed from module design_1_framebuffer_write_0_0.
INFO: [Synth 8-3332] Sequential element (inst/framebuffer_write_S00_AXI_inst/axi_awaddr_reg[29]) is unused and will be removed from module design_1_framebuffer_write_0_0.
INFO: [Synth 8-3332] Sequential element (inst/framebuffer_write_S00_AXI_inst/axi_awaddr_reg[28]) is unused and will be removed from module design_1_framebuffer_write_0_0.
INFO: [Synth 8-3332] Sequential element (inst/framebuffer_write_S00_AXI_inst/axi_awaddr_reg[27]) is unused and will be removed from module design_1_framebuffer_write_0_0.
INFO: [Synth 8-3332] Sequential element (inst/framebuffer_write_S00_AXI_inst/axi_awaddr_reg[26]) is unused and will be removed from module design_1_framebuffer_write_0_0.
INFO: [Synth 8-3332] Sequential element (inst/framebuffer_write_S00_AXI_inst/axi_awaddr_reg[25]) is unused and will be removed from module design_1_framebuffer_write_0_0.
INFO: [Synth 8-3332] Sequential element (inst/framebuffer_write_S00_AXI_inst/axi_awaddr_reg[24]) is unused and will be removed from module design_1_framebuffer_write_0_0.
INFO: [Synth 8-3332] Sequential element (inst/framebuffer_write_S00_AXI_inst/axi_awaddr_reg[23]) is unused and will be removed from module design_1_framebuffer_write_0_0.
INFO: [Synth 8-3332] Sequential element (inst/framebuffer_write_S00_AXI_inst/axi_awaddr_reg[22]) is unused and will be removed from module design_1_framebuffer_write_0_0.
INFO: [Synth 8-3332] Sequential element (inst/framebuffer_write_S00_AXI_inst/axi_awaddr_reg[21]) is unused and will be removed from module design_1_framebuffer_write_0_0.
INFO: [Synth 8-3332] Sequential element (inst/framebuffer_write_S00_AXI_inst/axi_awaddr_reg[20]) is unused and will be removed from module design_1_framebuffer_write_0_0.
INFO: [Synth 8-3332] Sequential element (inst/framebuffer_write_S00_AXI_inst/axi_awaddr_reg[19]) is unused and will be removed from module design_1_framebuffer_write_0_0.
INFO: [Synth 8-3332] Sequential element (inst/framebuffer_write_S00_AXI_inst/axi_awaddr_reg[18]) is unused and will be removed from module design_1_framebuffer_write_0_0.
INFO: [Synth 8-3332] Sequential element (inst/framebuffer_write_S00_AXI_inst/axi_awaddr_reg[17]) is unused and will be removed from module design_1_framebuffer_write_0_0.
INFO: [Synth 8-3332] Sequential element (inst/framebuffer_write_S00_AXI_inst/axi_awaddr_reg[16]) is unused and will be removed from module design_1_framebuffer_write_0_0.
INFO: [Synth 8-3332] Sequential element (inst/framebuffer_write_S00_AXI_inst/axi_awaddr_reg[15]) is unused and will be removed from module design_1_framebuffer_write_0_0.
INFO: [Synth 8-3332] Sequential element (inst/framebuffer_write_S00_AXI_inst/axi_awaddr_reg[14]) is unused and will be removed from module design_1_framebuffer_write_0_0.
INFO: [Synth 8-3332] Sequential element (inst/framebuffer_write_S00_AXI_inst/axi_awaddr_reg[13]) is unused and will be removed from module design_1_framebuffer_write_0_0.
INFO: [Synth 8-3332] Sequential element (inst/framebuffer_write_S00_AXI_inst/axi_awaddr_reg[12]) is unused and will be removed from module design_1_framebuffer_write_0_0.
INFO: [Synth 8-3332] Sequential element (inst/framebuffer_write_S00_AXI_inst/axi_awaddr_reg[11]) is unused and will be removed from module design_1_framebuffer_write_0_0.
INFO: [Synth 8-3332] Sequential element (inst/framebuffer_write_S00_AXI_inst/axi_awaddr_reg[10]) is unused and will be removed from module design_1_framebuffer_write_0_0.
INFO: [Synth 8-3332] Sequential element (inst/framebuffer_write_S00_AXI_inst/axi_awaddr_reg[9]) is unused and will be removed from module design_1_framebuffer_write_0_0.
INFO: [Synth 8-3332] Sequential element (inst/framebuffer_write_S00_AXI_inst/axi_awaddr_reg[8]) is unused and will be removed from module design_1_framebuffer_write_0_0.
INFO: [Synth 8-3332] Sequential element (inst/framebuffer_write_S00_AXI_inst/axi_awaddr_reg[7]) is unused and will be removed from module design_1_framebuffer_write_0_0.
INFO: [Synth 8-3332] Sequential element (inst/framebuffer_write_S00_AXI_inst/axi_awaddr_reg[6]) is unused and will be removed from module design_1_framebuffer_write_0_0.
INFO: [Synth 8-3332] Sequential element (inst/framebuffer_write_S00_AXI_inst/axi_awaddr_reg[5]) is unused and will be removed from module design_1_framebuffer_write_0_0.
INFO: [Synth 8-3332] Sequential element (inst/framebuffer_write_S00_AXI_inst/axi_awaddr_reg[1]) is unused and will be removed from module design_1_framebuffer_write_0_0.
INFO: [Synth 8-3332] Sequential element (inst/framebuffer_write_S00_AXI_inst/axi_awaddr_reg[0]) is unused and will be removed from module design_1_framebuffer_write_0_0.
INFO: [Synth 8-3332] Sequential element (inst/framebuffer_write_S00_AXI_inst/axi_bresp_reg[1]) is unused and will be removed from module design_1_framebuffer_write_0_0.
INFO: [Synth 8-3332] Sequential element (inst/framebuffer_write_S00_AXI_inst/axi_araddr_reg[31]) is unused and will be removed from module design_1_framebuffer_write_0_0.
INFO: [Synth 8-3332] Sequential element (inst/framebuffer_write_S00_AXI_inst/axi_araddr_reg[30]) is unused and will be removed from module design_1_framebuffer_write_0_0.
INFO: [Synth 8-3332] Sequential element (inst/framebuffer_write_S00_AXI_inst/axi_araddr_reg[29]) is unused and will be removed from module design_1_framebuffer_write_0_0.
INFO: [Synth 8-3332] Sequential element (inst/framebuffer_write_S00_AXI_inst/axi_araddr_reg[28]) is unused and will be removed from module design_1_framebuffer_write_0_0.
INFO: [Synth 8-3332] Sequential element (inst/framebuffer_write_S00_AXI_inst/axi_araddr_reg[27]) is unused and will be removed from module design_1_framebuffer_write_0_0.
INFO: [Synth 8-3332] Sequential element (inst/framebuffer_write_S00_AXI_inst/axi_araddr_reg[26]) is unused and will be removed from module design_1_framebuffer_write_0_0.
INFO: [Synth 8-3332] Sequential element (inst/framebuffer_write_S00_AXI_inst/axi_araddr_reg[25]) is unused and will be removed from module design_1_framebuffer_write_0_0.
INFO: [Synth 8-3332] Sequential element (inst/framebuffer_write_S00_AXI_inst/axi_araddr_reg[24]) is unused and will be removed from module design_1_framebuffer_write_0_0.
INFO: [Synth 8-3332] Sequential element (inst/framebuffer_write_S00_AXI_inst/axi_araddr_reg[23]) is unused and will be removed from module design_1_framebuffer_write_0_0.
INFO: [Synth 8-3332] Sequential element (inst/framebuffer_write_S00_AXI_inst/axi_araddr_reg[22]) is unused and will be removed from module design_1_framebuffer_write_0_0.
INFO: [Synth 8-3332] Sequential element (inst/framebuffer_write_S00_AXI_inst/axi_araddr_reg[21]) is unused and will be removed from module design_1_framebuffer_write_0_0.
INFO: [Synth 8-3332] Sequential element (inst/framebuffer_write_S00_AXI_inst/axi_araddr_reg[20]) is unused and will be removed from module design_1_framebuffer_write_0_0.
INFO: [Synth 8-3332] Sequential element (inst/framebuffer_write_S00_AXI_inst/axi_araddr_reg[19]) is unused and will be removed from module design_1_framebuffer_write_0_0.
INFO: [Synth 8-3332] Sequential element (inst/framebuffer_write_S00_AXI_inst/axi_araddr_reg[18]) is unused and will be removed from module design_1_framebuffer_write_0_0.
INFO: [Synth 8-3332] Sequential element (inst/framebuffer_write_S00_AXI_inst/axi_araddr_reg[17]) is unused and will be removed from module design_1_framebuffer_write_0_0.
INFO: [Synth 8-3332] Sequential element (inst/framebuffer_write_S00_AXI_inst/axi_araddr_reg[16]) is unused and will be removed from module design_1_framebuffer_write_0_0.
INFO: [Synth 8-3332] Sequential element (inst/framebuffer_write_S00_AXI_inst/axi_araddr_reg[15]) is unused and will be removed from module design_1_framebuffer_write_0_0.
INFO: [Synth 8-3332] Sequential element (inst/framebuffer_write_S00_AXI_inst/axi_araddr_reg[14]) is unused and will be removed from module design_1_framebuffer_write_0_0.
INFO: [Synth 8-3332] Sequential element (inst/framebuffer_write_S00_AXI_inst/axi_araddr_reg[13]) is unused and will be removed from module design_1_framebuffer_write_0_0.
INFO: [Synth 8-3332] Sequential element (inst/framebuffer_write_S00_AXI_inst/axi_araddr_reg[12]) is unused and will be removed from module design_1_framebuffer_write_0_0.
INFO: [Synth 8-3332] Sequential element (inst/framebuffer_write_S00_AXI_inst/axi_araddr_reg[11]) is unused and will be removed from module design_1_framebuffer_write_0_0.
INFO: [Synth 8-3332] Sequential element (inst/framebuffer_write_S00_AXI_inst/axi_araddr_reg[10]) is unused and will be removed from module design_1_framebuffer_write_0_0.
INFO: [Synth 8-3332] Sequential element (inst/framebuffer_write_S00_AXI_inst/axi_araddr_reg[9]) is unused and will be removed from module design_1_framebuffer_write_0_0.
INFO: [Synth 8-3332] Sequential element (inst/framebuffer_write_S00_AXI_inst/axi_araddr_reg[8]) is unused and will be removed from module design_1_framebuffer_write_0_0.
INFO: [Synth 8-3332] Sequential element (inst/framebuffer_write_S00_AXI_inst/axi_araddr_reg[7]) is unused and will be removed from module design_1_framebuffer_write_0_0.
INFO: [Synth 8-3332] Sequential element (inst/framebuffer_write_S00_AXI_inst/axi_araddr_reg[6]) is unused and will be removed from module design_1_framebuffer_write_0_0.
INFO: [Synth 8-3332] Sequential element (inst/framebuffer_write_S00_AXI_inst/axi_araddr_reg[5]) is unused and will be removed from module design_1_framebuffer_write_0_0.
INFO: [Synth 8-3332] Sequential element (inst/framebuffer_write_S00_AXI_inst/axi_araddr_reg[1]) is unused and will be removed from module design_1_framebuffer_write_0_0.
INFO: [Synth 8-3332] Sequential element (inst/framebuffer_write_S00_AXI_inst/axi_araddr_reg[0]) is unused and will be removed from module design_1_framebuffer_write_0_0.
INFO: [Synth 8-3332] Sequential element (inst/framebuffer_write_S00_AXI_inst/axi_rresp_reg[1]) is unused and will be removed from module design_1_framebuffer_write_0_0.
---------------------------------------------------------------------------------
Finished Cross Boundary and Area Optimization : Time (s): cpu = 00:00:22 ; elapsed = 00:00:43 . Memory (MB): peak = 801.449 ; gain = 486.848
---------------------------------------------------------------------------------
---------------------------------------------------------------------------------
Start ROM, RAM, DSP and Shift Register Reporting
---------------------------------------------------------------------------------

DSP: Preliminary Mapping  Report (see note below)
+-------------------------------+-----------------+--------+--------+--------+--------+--------+------+------+------+------+-------+------+------+
|Module Name                    | DSP Mapping     | A Size | B Size | C Size | D Size | P Size | AREG | BREG | CREG | DREG | ADREG | MREG | PREG | 
+-------------------------------+-----------------+--------+--------+--------+--------+--------+------+------+------+------+-------+------+------+
|design_1_framebuffer_write_0_0 | C'+A2*(B:0x280) | 10     | 10     | 10     | -      | 19     | 1    | 0    | 1    | -    | -     | 0    | 0    | 
+-------------------------------+-----------------+--------+--------+--------+--------+--------+------+------+------+------+-------+------+------+

Note: The table above is a preliminary report that shows the DSPs inferred at the current stage of the synthesis flow. Some DSP may be reimplemented as non DSP primitives later in the synthesis flow. Multiple instantiated DSPs are reported only once.
---------------------------------------------------------------------------------
Finished ROM, RAM, DSP and Shift Register Reporting
---------------------------------------------------------------------------------

Report RTL Partitions: 
+-+--------------+------------+----------+
| |RTL Partition |Replication |Instances |
+-+--------------+------------+----------+
+-+--------------+------------+----------+
---------------------------------------------------------------------------------
Start Applying XDC Timing Constraints
---------------------------------------------------------------------------------
---------------------------------------------------------------------------------
Finished Applying XDC Timing Constraints : Time (s): cpu = 00:00:40 ; elapsed = 00:01:02 . Memory (MB): peak = 845.148 ; gain = 530.547
---------------------------------------------------------------------------------
---------------------------------------------------------------------------------
Start Timing Optimization
---------------------------------------------------------------------------------
---------------------------------------------------------------------------------
Finished Timing Optimization : Time (s): cpu = 00:00:41 ; elapsed = 00:01:02 . Memory (MB): peak = 845.520 ; gain = 530.918
---------------------------------------------------------------------------------

Report RTL Partitions: 
+-+--------------+------------+----------+
| |RTL Partition |Replication |Instances |
+-+--------------+------------+----------+
+-+--------------+------------+----------+
---------------------------------------------------------------------------------
Start Technology Mapping
---------------------------------------------------------------------------------
---------------------------------------------------------------------------------
Finished Technology Mapping : Time (s): cpu = 00:00:41 ; elapsed = 00:01:03 . Memory (MB): peak = 866.570 ; gain = 551.969
---------------------------------------------------------------------------------

Report RTL Partitions: 
+-+--------------+------------+----------+
| |RTL Partition |Replication |Instances |
+-+--------------+------------+----------+
+-+--------------+------------+----------+
---------------------------------------------------------------------------------
Start IO Insertion
---------------------------------------------------------------------------------
---------------------------------------------------------------------------------
Start Flattening Before IO Insertion
---------------------------------------------------------------------------------
---------------------------------------------------------------------------------
Finished Flattening Before IO Insertion
---------------------------------------------------------------------------------
---------------------------------------------------------------------------------
Start Final Netlist Cleanup
---------------------------------------------------------------------------------
---------------------------------------------------------------------------------
Finished Final Netlist Cleanup
---------------------------------------------------------------------------------
---------------------------------------------------------------------------------
Finished IO Insertion : Time (s): cpu = 00:00:42 ; elapsed = 00:01:04 . Memory (MB): peak = 866.570 ; gain = 551.969
---------------------------------------------------------------------------------

Report Check Netlist: 
+------+------------------+-------+---------+-------+------------------+
|      |Item              |Errors |Warnings |Status |Description       |
+------+------------------+-------+---------+-------+------------------+
|1     |multi_driven_nets |      0|        0|Passed |Multi driven nets |
+------+------------------+-------+---------+-------+------------------+
---------------------------------------------------------------------------------
Start Renaming Generated Instances
---------------------------------------------------------------------------------
---------------------------------------------------------------------------------
Finished Renaming Generated Instances : Time (s): cpu = 00:00:42 ; elapsed = 00:01:04 . Memory (MB): peak = 866.570 ; gain = 551.969
---------------------------------------------------------------------------------

Report RTL Partitions: 
+-+--------------+------------+----------+
| |RTL Partition |Replication |Instances |
+-+--------------+------------+----------+
+-+--------------+------------+----------+
---------------------------------------------------------------------------------
Start Rebuilding User Hierarchy
---------------------------------------------------------------------------------
---------------------------------------------------------------------------------
Finished Rebuilding User Hierarchy : Time (s): cpu = 00:00:42 ; elapsed = 00:01:04 . Memory (MB): peak = 866.570 ; gain = 551.969
---------------------------------------------------------------------------------
---------------------------------------------------------------------------------
Start Renaming Generated Ports
---------------------------------------------------------------------------------
---------------------------------------------------------------------------------
Finished Renaming Generated Ports : Time (s): cpu = 00:00:42 ; elapsed = 00:01:04 . Memory (MB): peak = 866.570 ; gain = 551.969
---------------------------------------------------------------------------------
---------------------------------------------------------------------------------
Start Handling Custom Attributes
---------------------------------------------------------------------------------
---------------------------------------------------------------------------------
Finished Handling Custom Attributes : Time (s): cpu = 00:00:42 ; elapsed = 00:01:04 . Memory (MB): peak = 866.570 ; gain = 551.969
---------------------------------------------------------------------------------
---------------------------------------------------------------------------------
Start Renaming Generated Nets
---------------------------------------------------------------------------------
---------------------------------------------------------------------------------
Finished Renaming Generated Nets : Time (s): cpu = 00:00:42 ; elapsed = 00:01:04 . Memory (MB): peak = 866.570 ; gain = 551.969
---------------------------------------------------------------------------------
---------------------------------------------------------------------------------
Start Writing Synthesis Report
---------------------------------------------------------------------------------

Report BlackBoxes: 
+-+--------------+----------+
| |BlackBox name |Instances |
+-+--------------+----------+
+-+--------------+----------+

Report Cell Usage: 
+------+--------+------+
|      |Cell    |Count |
+------+--------+------+
|1     |CARRY4  |     8|
|2     |DSP48E1 |     1|
|3     |LUT1    |     1|
|4     |LUT2    |     8|
|5     |LUT3    |    20|
|6     |LUT4    |    49|
|7     |LUT5    |    59|
|8     |LUT6    |   117|
|9     |MUXF7   |    32|
|10    |FDRE    |   318|
|11    |FDSE    |     1|
+------+--------+------+

Report Instance Areas: 
+------+-----------------------------------+--------------------------+------+
|      |Instance                           |Module                    |Cells |
+------+-----------------------------------+--------------------------+------+
|1     |top                                |                          |   614|
|2     |  inst                             |framebuffer_write         |   614|
|3     |    framebuffer_write_S00_AXI_inst |framebuffer_write_S00_AXI |   614|
+------+-----------------------------------+--------------------------+------+
---------------------------------------------------------------------------------
Finished Writing Synthesis Report : Time (s): cpu = 00:00:42 ; elapsed = 00:01:04 . Memory (MB): peak = 866.570 ; gain = 551.969
---------------------------------------------------------------------------------
Synthesis finished with 0 errors, 0 critical warnings and 8 warnings.
Synthesis Optimization Runtime : Time (s): cpu = 00:00:27 ; elapsed = 00:00:51 . Memory (MB): peak = 866.570 ; gain = 219.211
Synthesis Optimization Complete : Time (s): cpu = 00:00:42 ; elapsed = 00:01:04 . Memory (MB): peak = 866.570 ; gain = 551.969
INFO: [Project 1-571] Translating synthesized netlist
INFO: [Netlist 29-17] Analyzing 41 Unisim elements for replacement
INFO: [Netlist 29-28] Unisim Transformation completed in 0 CPU seconds
INFO: [Project 1-570] Preparing netlist for logic optimization
INFO: [Opt 31-138] Pushed 0 inverter(s) to 0 load pin(s).
INFO: [Project 1-111] Unisim Transformation Summary:
No Unisim elements were transformed.

INFO: [Common 17-83] Releasing license: Synthesis
84 Infos, 14 Warnings, 0 Critical Warnings and 0 Errors encountered.
synth_design completed successfully
synth_design: Time (s): cpu = 00:00:44 ; elapsed = 00:01:09 . Memory (MB): peak = 866.570 ; gain = 563.449
INFO: [Common 17-1381] The checkpoint 'D:/IPs/graphics_module/graphics_module.runs/design_1_framebuffer_write_0_0_synth_1/design_1_framebuffer_write_0_0.dcp' has been generated.
