13:52:52 INFO  : Registering command handlers for SDK TCF services
13:52:55 INFO  : Launching XSCT server: xsct.bat -interactive D:\On_MicroBlaze_Demo\demo.sdk\temp_xsdb_launch_script.tcl
13:52:59 INFO  : XSCT server has started successfully.
13:52:59 INFO  : Successfully done setting XSCT server connection channel  
13:53:01 INFO  : Processing command line option -hwspec D:/On_MicroBlaze_Demo/demo.sdk/design_1_wrapper.hdf.
13:53:01 INFO  : Successfully done setting SDK workspace  
13:55:40 ERROR : (XSDB Server)ERROR: [Hsi 55-1545] Problem running tcl command ::sw_intc_v3_7::generate : can't read "source_name(1)": no such element in array
    while executing
"string compare -nocase $source_name($i) "system""
    ("foreach" body line 18)
    invoked from within
"foreach periph $periphs {
        #update global array of Interrupt sources for this periph
        intc_update_source_array $periph

        lappend ..."
    (procedure "xredefine_intc" line 21)
    invoked from within
"xredefine_intc $drv_handle $file_handle"
    (procedure "xdefine_canonical_xpars" line 72)
    invoked from within
"xdefine_canonical_xpars $drv_handle "xparameters.h" "Intc" "DEVICE_ID" "C_BASEADDR" "C_HIGHADDR" "C_KIND_OF_INTR" "C_HAS_FAST" "C_IVAR_RESET_VALUE" "C..."
    (procedure "::sw_intc_v3_7::generate" line 57)
    invoked from within
"::sw_intc_v3_7::generate microblaze_0_axi_intc"
ERROR: [Hsi 55-1442] Error(s) while running TCL procedure generate()

13:55:40 ERROR : (XSDB Server)ERROR: [Hsi 55-1450] Error: running generate_bsp.

13:55:44 ERROR : Error generating bsp sources: Failed in generating sources
13:57:24 ERROR : (XSDB Server)ERROR: [Hsi 55-1545] Problem running tcl command ::sw_intc_v3_7::generate : can't read "source_name(1)": no such element in array
    while executing
"string compare -nocase $source_name($i) "system""
    ("foreach" body line 18)
    invoked from within
"foreach periph $periphs {
        #update global array of Interrupt sources for this periph
        intc_update_source_array $periph

        lappend ..."
    (procedure "xredefine_intc" line 21)
    invoked from within
"xredefine_intc $drv_handle $file_handle"
    (procedure "xdefine_canonical_xpars" line 72)
    invoked from within
"xdefine_canonical_xpars $drv_handle "xparameters.h" "Intc" "DEVICE_ID" "C_BASEADDR" "C_HIGHADDR" "C_KIND_OF_INTR" "C_HAS_FAST" "C_IVAR_RESET_VALUE" "C..."
    (procedure "::sw_intc_v3_7::generate" line 57)
    invoked from within
"::sw_intc_v3_7::generate microblaze_0_axi_intc"
ERROR: [Hsi 55-1442] Error(s) while running TCL procedure generate()

13:57:24 ERROR : (XSDB Server)ERROR: [Hsi 55-1450] Error: running generate_bsp.

13:57:27 ERROR : Error generating bsp sources: Failed in generating sources
13:59:25 ERROR : (XSDB Server)ERROR: [Hsi 55-1545] Problem running tcl command ::sw_intc_v3_7::generate : can't read "source_name(1)": no such element in array
    while executing
"string compare -nocase $source_name($i) "system""
    ("foreach" body line 18)
    invoked from within
"foreach periph $periphs {
        #update global array of Interrupt sources for this periph
        intc_update_source_array $periph

        lappend ..."
    (procedure "xredefine_intc" line 21)
    invoked from within
"xredefine_intc $drv_handle $file_handle"
    (procedure "xdefine_canonical_xpars" line 72)
    invoked from within
"xdefine_canonical_xpars $drv_handle "xparameters.h" "Intc" "DEVICE_ID" "C_BASEADDR" "C_HIGHADDR" "C_KIND_OF_INTR" "C_HAS_FAST" "C_IVAR_RESET_VALUE" "C..."
    (procedure "::sw_intc_v3_7::generate" line 57)
    invoked from within
"::sw_intc_v3_7::generate microblaze_0_axi_intc"
ERROR: [Hsi 55-1442] Error(s) while running TCL procedure generate()

13:59:25 ERROR : (XSDB Server)ERROR: [Hsi 55-1450] Error: running generate_bsp.

13:59:29 ERROR : Error generating bsp sources: Failed in generating sources
14:15:31 INFO  : Launching XSCT server: xsct.bat -interactive D:\On_MicroBlaze_Demo\demo.sdk\temp_xsdb_launch_script.tcl
14:15:34 INFO  : XSCT server has started successfully.
14:15:34 INFO  : Successfully done setting XSCT server connection channel  
14:15:37 INFO  : Successfully done setting SDK workspace  
14:15:39 INFO  : Registering command handlers for SDK TCF services
14:15:41 INFO  : Processing command line option -hwspec D:/On_MicroBlaze_Demo/demo.sdk/design_1_wrapper.hdf.
14:15:41 INFO  : Checking for hwspec changes in the project design_1_wrapper_hw_platform_0.
14:15:41 INFO  : SDK has detected change in the last modified timestamps for source hardware specification file Source:1680027262000,  Project:1680025838000
14:15:41 INFO  : The hardware specification for project 'design_1_wrapper_hw_platform_0' is different from D:/On_MicroBlaze_Demo/demo.sdk/design_1_wrapper.hdf.
14:15:41 INFO  : Copied contents of D:/On_MicroBlaze_Demo/demo.sdk/design_1_wrapper.hdf into \design_1_wrapper_hw_platform_0\system.hdf.
14:15:46 INFO  : Synchronizing projects in the workspace with the hardware platform specification changes.
14:15:46 INFO  : Clearing existing target manager status.
14:15:46 INFO  : Workspace synchronized with the new hardware specification file. Cleaning dependent projects...
14:15:46 WARN  : Linker script will not be updated automatically. Users need to update it manually.
18:37:59 INFO  : Registering command handlers for SDK TCF services
18:37:59 INFO  : Launching XSCT server: xsct.bat -interactive D:\On_MicroBlaze_Demo\demo.sdk\temp_xsdb_launch_script.tcl
18:38:02 INFO  : XSCT server has started successfully.
18:38:04 INFO  : Successfully done setting XSCT server connection channel  
18:38:04 INFO  : Processing command line option -hwspec D:/On_MicroBlaze_Demo/demo.sdk/design_1_wrapper.hdf.
18:38:04 INFO  : Successfully done setting SDK workspace  
18:38:04 INFO  : Checking for hwspec changes in the project design_1_wrapper_hw_platform_0.
18:38:06 INFO  : SDK has detected change in the last modified timestamps for source hardware specification file Source:1680042954000,  Project:1680027262000
18:38:06 INFO  : The hardware specification for project 'design_1_wrapper_hw_platform_0' is different from D:/On_MicroBlaze_Demo/demo.sdk/design_1_wrapper.hdf.
18:38:07 INFO  : Copied contents of D:/On_MicroBlaze_Demo/demo.sdk/design_1_wrapper.hdf into \design_1_wrapper_hw_platform_0\system.hdf.
18:38:11 INFO  : Synchronizing projects in the workspace with the hardware platform specification changes.
18:38:42 INFO  : 
18:38:44 INFO  : Updating hardware inferred compiler options for brick_breaker.
18:38:44 INFO  : Clearing existing target manager status.
18:40:44 INFO  : Registering command handlers for SDK TCF services
18:40:45 INFO  : Launching XSCT server: xsct.bat -interactive D:\On_MicroBlaze_Demo\demo.sdk\temp_xsdb_launch_script.tcl
18:40:47 INFO  : XSCT server has started successfully.
18:40:48 INFO  : Processing command line option -hwspec D:/On_MicroBlaze_Demo/demo.sdk/design_1_wrapper.hdf.
18:40:48 INFO  : Successfully done setting XSCT server connection channel  
18:40:48 INFO  : Successfully done setting SDK workspace  
18:43:12 INFO  : Registering command handlers for SDK TCF services
18:43:13 INFO  : Launching XSCT server: xsct.bat -interactive D:\On_MicroBlaze_Demo\demo.sdk\temp_xsdb_launch_script.tcl
18:43:16 INFO  : XSCT server has started successfully.
18:43:17 INFO  : Processing command line option -hwspec D:/On_MicroBlaze_Demo/demo.sdk/design_1_wrapper.hdf.
18:43:17 INFO  : Successfully done setting XSCT server connection channel  
18:43:18 INFO  : Successfully done setting SDK workspace  
18:43:18 INFO  : Checking for hwspec changes in the project design_1_wrapper_hw_platform_0.
09:35:28 INFO  : Registering command handlers for SDK TCF services
09:35:29 INFO  : Launching XSCT server: xsct.bat -interactive D:\On_MicroBlaze_Demo\demo.sdk\temp_xsdb_launch_script.tcl
09:35:33 INFO  : XSCT server has started successfully.
09:35:33 INFO  : Successfully done setting XSCT server connection channel  
09:35:35 INFO  : Successfully done setting SDK workspace  
09:35:35 INFO  : Processing command line option -hwspec D:/On_MicroBlaze_Demo/demo.sdk/design_1_wrapper.hdf.
09:35:36 INFO  : Checking for hwspec changes in the project design_1_wrapper_hw_platform_0.
10:10:02 ERROR : Failed to regenerate sources for BSP project brick_breaker_bsp
org.eclipse.core.internal.resources.ResourceException: Problems encountered while deleting resources.
	at org.eclipse.core.internal.resources.Resource.delete(Resource.java:795)
	at org.eclipse.core.internal.resources.Resource.delete(Resource.java:750)
	at com.xilinx.sdk.sw.ui.handlers.RegenBspSourcesHandler.internalGenerateBsp(RegenBspSourcesHandler.java:170)
	at com.xilinx.sdk.sw.ui.handlers.RegenBspSourcesHandler.access$2(RegenBspSourcesHandler.java:163)
	at com.xilinx.sdk.sw.ui.handlers.RegenBspSourcesHandler$1$1.run(RegenBspSourcesHandler.java:131)
	at org.eclipse.core.internal.resources.Workspace.run(Workspace.java:2240)
	at org.eclipse.core.internal.resources.Workspace.run(Workspace.java:2267)
	at com.xilinx.sdk.sw.ui.handlers.RegenBspSourcesHandler$1.run(RegenBspSourcesHandler.java:135)
	at org.eclipse.jface.operation.ModalContext$ModalContextThread.run(ModalContext.java:119)
Contains: Could not delete '/brick_breaker_bsp/microblaze_0'.
org.eclipse.core.internal.resources.ResourceException: Problems encountered while deleting resources.
	at org.eclipse.core.internal.localstore.FileSystemResourceManager.delete(FileSystemResourceManager.java:370)
	at org.eclipse.core.internal.resources.ResourceTree.internalDeleteFolder(ResourceTree.java:358)
	at org.eclipse.core.internal.resources.ResourceTree.standardDeleteFolder(ResourceTree.java:810)
	at org.eclipse.core.internal.resources.Resource.unprotectedDelete(Resource.java:1832)
	at org.eclipse.core.internal.resources.Resource.delete(Resource.java:782)
	at org.eclipse.core.internal.resources.Resource.delete(Resource.java:750)
	at com.xilinx.sdk.sw.ui.handlers.RegenBspSourcesHandler.internalGenerateBsp(RegenBspSourcesHandler.java:170)
	at com.xilinx.sdk.sw.ui.handlers.RegenBspSourcesHandler.access$2(RegenBspSourcesHandler.java:163)
	at com.xilinx.sdk.sw.ui.handlers.RegenBspSourcesHandler$1$1.run(RegenBspSourcesHandler.java:131)
	at org.eclipse.core.internal.resources.Workspace.run(Workspace.java:2240)
	at org.eclipse.core.internal.resources.Workspace.run(Workspace.java:2267)
	at com.xilinx.sdk.sw.ui.handlers.RegenBspSourcesHandler$1.run(RegenBspSourcesHandler.java:135)
	at org.eclipse.jface.operation.ModalContext$ModalContextThread.run(ModalContext.java:119)
Contains: Problems encountered while deleting files.
Contains: Could not delete: D:\On_MicroBlaze_Demo\demo.sdk\brick_breaker_bsp\microblaze_0\libsrc.
java.nio.file.DirectoryNotEmptyException: D:\On_MicroBlaze_Demo\demo.sdk\brick_breaker_bsp\microblaze_0\libsrc
	at sun.nio.fs.WindowsFileSystemProvider.implDelete(WindowsFileSystemProvider.java:266)
	at sun.nio.fs.AbstractFileSystemProvider.deleteIfExists(AbstractFileSystemProvider.java:108)
	at java.nio.file.Files.deleteIfExists(Files.java:1165)
	at org.eclipse.core.internal.filesystem.local.LocalFile.internalDelete(LocalFile.java:243)
	at org.eclipse.core.internal.filesystem.local.LocalFile.internalDelete(LocalFile.java:238)
	at org.eclipse.core.internal.filesystem.local.LocalFile.delete(LocalFile.java:136)
	at org.eclipse.core.internal.localstore.DeleteVisitor.delete(DeleteVisitor.java:63)
	at org.eclipse.core.internal.localstore.DeleteVisitor.visit(DeleteVisitor.java:151)
	at org.eclipse.core.internal.localstore.UnifiedTree.accept(UnifiedTree.java:111)
	at org.eclipse.core.internal.localstore.FileSystemResourceManager.delete(FileSystemResourceManager.java:367)
	at org.eclipse.core.internal.resources.ResourceTree.internalDeleteFolder(ResourceTree.java:358)
	at org.eclipse.core.internal.resources.ResourceTree.standardDeleteFolder(ResourceTree.java:810)
	at org.eclipse.core.internal.resources.Resource.unprotectedDelete(Resource.java:1832)
	at org.eclipse.core.internal.resources.Resource.delete(Resource.java:782)
	at org.eclipse.core.internal.resources.Resource.delete(Resource.java:750)
	at com.xilinx.sdk.sw.ui.handlers.RegenBspSourcesHandler.internalGenerateBsp(RegenBspSourcesHandler.java:170)
	at com.xilinx.sdk.sw.ui.handlers.RegenBspSourcesHandler.access$2(RegenBspSourcesHandler.java:163)
	at com.xilinx.sdk.sw.ui.handlers.RegenBspSourcesHandler$1$1.run(RegenBspSourcesHandler.java:131)
	at org.eclipse.core.internal.resources.Workspace.run(Workspace.java:2240)
	at org.eclipse.core.internal.resources.Workspace.run(Workspace.java:2267)
	at com.xilinx.sdk.sw.ui.handlers.RegenBspSourcesHandler$1.run(RegenBspSourcesHandler.java:135)
	at org.eclipse.jface.operation.ModalContext$ModalContextThread.run(ModalContext.java:119)
Contains: Could not delete: D:\On_MicroBlaze_Demo\demo.sdk\brick_breaker_bsp\microblaze_0.
10:10:07 INFO  : Refreshed build settings on project brick_breaker
10:10:20 ERROR : Failed to regenerate sources for BSP project brick_breaker_bsp
org.eclipse.core.internal.resources.ResourceException: Problems encountered while deleting resources.
	at org.eclipse.core.internal.resources.Resource.delete(Resource.java:795)
	at org.eclipse.core.internal.resources.Resource.delete(Resource.java:750)
	at com.xilinx.sdk.sw.ui.handlers.RegenBspSourcesHandler.internalGenerateBsp(RegenBspSourcesHandler.java:170)
	at com.xilinx.sdk.sw.ui.handlers.RegenBspSourcesHandler.access$2(RegenBspSourcesHandler.java:163)
	at com.xilinx.sdk.sw.ui.handlers.RegenBspSourcesHandler$1$1.run(RegenBspSourcesHandler.java:131)
	at org.eclipse.core.internal.resources.Workspace.run(Workspace.java:2240)
	at org.eclipse.core.internal.resources.Workspace.run(Workspace.java:2267)
	at com.xilinx.sdk.sw.ui.handlers.RegenBspSourcesHandler$1.run(RegenBspSourcesHandler.java:135)
	at org.eclipse.jface.operation.ModalContext$ModalContextThread.run(ModalContext.java:119)
Contains: Could not delete '/brick_breaker_bsp/microblaze_0'.
org.eclipse.core.internal.resources.ResourceException: Problems encountered while deleting resources.
	at org.eclipse.core.internal.localstore.FileSystemResourceManager.delete(FileSystemResourceManager.java:370)
	at org.eclipse.core.internal.resources.ResourceTree.internalDeleteFolder(ResourceTree.java:358)
	at org.eclipse.core.internal.resources.ResourceTree.standardDeleteFolder(ResourceTree.java:810)
	at org.eclipse.core.internal.resources.Resource.unprotectedDelete(Resource.java:1832)
	at org.eclipse.core.internal.resources.Resource.delete(Resource.java:782)
	at org.eclipse.core.internal.resources.Resource.delete(Resource.java:750)
	at com.xilinx.sdk.sw.ui.handlers.RegenBspSourcesHandler.internalGenerateBsp(RegenBspSourcesHandler.java:170)
	at com.xilinx.sdk.sw.ui.handlers.RegenBspSourcesHandler.access$2(RegenBspSourcesHandler.java:163)
	at com.xilinx.sdk.sw.ui.handlers.RegenBspSourcesHandler$1$1.run(RegenBspSourcesHandler.java:131)
	at org.eclipse.core.internal.resources.Workspace.run(Workspace.java:2240)
	at org.eclipse.core.internal.resources.Workspace.run(Workspace.java:2267)
	at com.xilinx.sdk.sw.ui.handlers.RegenBspSourcesHandler$1.run(RegenBspSourcesHandler.java:135)
	at org.eclipse.jface.operation.ModalContext$ModalContextThread.run(ModalContext.java:119)
Contains: Problems encountered while deleting files.
Contains: Could not delete: D:\On_MicroBlaze_Demo\demo.sdk\brick_breaker_bsp\microblaze_0\libsrc\bram_v4_2.
java.nio.file.AccessDeniedException: D:\On_MicroBlaze_Demo\demo.sdk\brick_breaker_bsp\microblaze_0\libsrc\bram_v4_2
	at sun.nio.fs.WindowsException.translateToIOException(WindowsException.java:83)
	at sun.nio.fs.WindowsException.rethrowAsIOException(WindowsException.java:97)
	at sun.nio.fs.WindowsException.rethrowAsIOException(WindowsException.java:102)
	at sun.nio.fs.WindowsFileSystemProvider.implDelete(WindowsFileSystemProvider.java:269)
	at sun.nio.fs.AbstractFileSystemProvider.deleteIfExists(AbstractFileSystemProvider.java:108)
	at java.nio.file.Files.deleteIfExists(Files.java:1165)
	at org.eclipse.core.internal.filesystem.local.LocalFile.internalDelete(LocalFile.java:218)
	at org.eclipse.core.internal.filesystem.local.LocalFile.internalDelete(LocalFile.java:238)
	at org.eclipse.core.internal.filesystem.local.LocalFile.internalDelete(LocalFile.java:238)
	at org.eclipse.core.internal.filesystem.local.LocalFile.delete(LocalFile.java:136)
	at org.eclipse.core.internal.localstore.DeleteVisitor.delete(DeleteVisitor.java:63)
	at org.eclipse.core.internal.localstore.DeleteVisitor.visit(DeleteVisitor.java:151)
	at org.eclipse.core.internal.localstore.UnifiedTree.accept(UnifiedTree.java:111)
	at org.eclipse.core.internal.localstore.FileSystemResourceManager.delete(FileSystemResourceManager.java:367)
	at org.eclipse.core.internal.resources.ResourceTree.internalDeleteFolder(ResourceTree.java:358)
	at org.eclipse.core.internal.resources.ResourceTree.standardDeleteFolder(ResourceTree.java:810)
	at org.eclipse.core.internal.resources.Resource.unprotectedDelete(Resource.java:1832)
	at org.eclipse.core.internal.resources.Resource.delete(Resource.java:782)
	at org.eclipse.core.internal.resources.Resource.delete(Resource.java:750)
	at com.xilinx.sdk.sw.ui.handlers.RegenBspSourcesHandler.internalGenerateBsp(RegenBspSourcesHandler.java:170)
	at com.xilinx.sdk.sw.ui.handlers.RegenBspSourcesHandler.access$2(RegenBspSourcesHandler.java:163)
	at com.xilinx.sdk.sw.ui.handlers.RegenBspSourcesHandler$1$1.run(RegenBspSourcesHandler.java:131)
	at org.eclipse.core.internal.resources.Workspace.run(Workspace.java:2240)
	at org.eclipse.core.internal.resources.Workspace.run(Workspace.java:2267)
	at com.xilinx.sdk.sw.ui.handlers.RegenBspSourcesHandler$1.run(RegenBspSourcesHandler.java:135)
	at org.eclipse.jface.operation.ModalContext$ModalContextThread.run(ModalContext.java:119)
Contains: Could not delete: D:\On_MicroBlaze_Demo\demo.sdk\brick_breaker_bsp\microblaze_0\libsrc.
Contains: Could not delete: D:\On_MicroBlaze_Demo\demo.sdk\brick_breaker_bsp\microblaze_0.
10:10:40 ERROR : Failed to regenerate sources for BSP project brick_breaker_bsp
org.eclipse.core.internal.resources.ResourceException: Problems encountered while deleting resources.
	at org.eclipse.core.internal.resources.Resource.delete(Resource.java:795)
	at org.eclipse.core.internal.resources.Resource.delete(Resource.java:750)
	at com.xilinx.sdk.sw.ui.handlers.RegenBspSourcesHandler.internalGenerateBsp(RegenBspSourcesHandler.java:170)
	at com.xilinx.sdk.sw.ui.handlers.RegenBspSourcesHandler.access$2(RegenBspSourcesHandler.java:163)
	at com.xilinx.sdk.sw.ui.handlers.RegenBspSourcesHandler$1$1.run(RegenBspSourcesHandler.java:131)
	at org.eclipse.core.internal.resources.Workspace.run(Workspace.java:2240)
	at org.eclipse.core.internal.resources.Workspace.run(Workspace.java:2267)
	at com.xilinx.sdk.sw.ui.handlers.RegenBspSourcesHandler$1.run(RegenBspSourcesHandler.java:135)
	at org.eclipse.jface.operation.ModalContext$ModalContextThread.run(ModalContext.java:119)
Contains: Could not delete '/brick_breaker_bsp/microblaze_0'.
org.eclipse.core.internal.resources.ResourceException: Problems encountered while deleting resources.
	at org.eclipse.core.internal.localstore.FileSystemResourceManager.delete(FileSystemResourceManager.java:370)
	at org.eclipse.core.internal.resources.ResourceTree.internalDeleteFolder(ResourceTree.java:358)
	at org.eclipse.core.internal.resources.ResourceTree.standardDeleteFolder(ResourceTree.java:810)
	at org.eclipse.core.internal.resources.Resource.unprotectedDelete(Resource.java:1832)
	at org.eclipse.core.internal.resources.Resource.delete(Resource.java:782)
	at org.eclipse.core.internal.resources.Resource.delete(Resource.java:750)
	at com.xilinx.sdk.sw.ui.handlers.RegenBspSourcesHandler.internalGenerateBsp(RegenBspSourcesHandler.java:170)
	at com.xilinx.sdk.sw.ui.handlers.RegenBspSourcesHandler.access$2(RegenBspSourcesHandler.java:163)
	at com.xilinx.sdk.sw.ui.handlers.RegenBspSourcesHandler$1$1.run(RegenBspSourcesHandler.java:131)
	at org.eclipse.core.internal.resources.Workspace.run(Workspace.java:2240)
	at org.eclipse.core.internal.resources.Workspace.run(Workspace.java:2267)
	at com.xilinx.sdk.sw.ui.handlers.RegenBspSourcesHandler$1.run(RegenBspSourcesHandler.java:135)
	at org.eclipse.jface.operation.ModalContext$ModalContextThread.run(ModalContext.java:119)
Contains: Problems encountered while deleting files.
Contains: Could not delete: D:\On_MicroBlaze_Demo\demo.sdk\brick_breaker_bsp\microblaze_0\libsrc\bram_v4_2.
java.nio.file.AccessDeniedException: D:\On_MicroBlaze_Demo\demo.sdk\brick_breaker_bsp\microblaze_0\libsrc\bram_v4_2
	at sun.nio.fs.WindowsException.translateToIOException(WindowsException.java:83)
	at sun.nio.fs.WindowsException.rethrowAsIOException(WindowsException.java:97)
	at sun.nio.fs.WindowsException.rethrowAsIOException(WindowsException.java:102)
	at sun.nio.fs.WindowsFileSystemProvider.implDelete(WindowsFileSystemProvider.java:269)
	at sun.nio.fs.AbstractFileSystemProvider.deleteIfExists(AbstractFileSystemProvider.java:108)
	at java.nio.file.Files.deleteIfExists(Files.java:1165)
	at org.eclipse.core.internal.filesystem.local.LocalFile.internalDelete(LocalFile.java:218)
	at org.eclipse.core.internal.filesystem.local.LocalFile.internalDelete(LocalFile.java:238)
	at org.eclipse.core.internal.filesystem.local.LocalFile.internalDelete(LocalFile.java:238)
	at org.eclipse.core.internal.filesystem.local.LocalFile.delete(LocalFile.java:136)
	at org.eclipse.core.internal.localstore.DeleteVisitor.delete(DeleteVisitor.java:63)
	at org.eclipse.core.internal.localstore.DeleteVisitor.visit(DeleteVisitor.java:151)
	at org.eclipse.core.internal.localstore.UnifiedTree.accept(UnifiedTree.java:111)
	at org.eclipse.core.internal.localstore.FileSystemResourceManager.delete(FileSystemResourceManager.java:367)
	at org.eclipse.core.internal.resources.ResourceTree.internalDeleteFolder(ResourceTree.java:358)
	at org.eclipse.core.internal.resources.ResourceTree.standardDeleteFolder(ResourceTree.java:810)
	at org.eclipse.core.internal.resources.Resource.unprotectedDelete(Resource.java:1832)
	at org.eclipse.core.internal.resources.Resource.delete(Resource.java:782)
	at org.eclipse.core.internal.resources.Resource.delete(Resource.java:750)
	at com.xilinx.sdk.sw.ui.handlers.RegenBspSourcesHandler.internalGenerateBsp(RegenBspSourcesHandler.java:170)
	at com.xilinx.sdk.sw.ui.handlers.RegenBspSourcesHandler.access$2(RegenBspSourcesHandler.java:163)
	at com.xilinx.sdk.sw.ui.handlers.RegenBspSourcesHandler$1$1.run(RegenBspSourcesHandler.java:131)
	at org.eclipse.core.internal.resources.Workspace.run(Workspace.java:2240)
	at org.eclipse.core.internal.resources.Workspace.run(Workspace.java:2267)
	at com.xilinx.sdk.sw.ui.handlers.RegenBspSourcesHandler$1.run(RegenBspSourcesHandler.java:135)
	at org.eclipse.jface.operation.ModalContext$ModalContextThread.run(ModalContext.java:119)
Contains: Could not delete: D:\On_MicroBlaze_Demo\demo.sdk\brick_breaker_bsp\microblaze_0\libsrc.
Contains: Could not delete: D:\On_MicroBlaze_Demo\demo.sdk\brick_breaker_bsp\microblaze_0.
10:10:43 ERROR : Failed to regenerate sources for BSP project brick_breaker_bsp
org.eclipse.core.internal.resources.ResourceException: Problems encountered while deleting resources.
	at org.eclipse.core.internal.resources.Resource.delete(Resource.java:795)
	at org.eclipse.core.internal.resources.Resource.delete(Resource.java:750)
	at com.xilinx.sdk.sw.ui.handlers.RegenBspSourcesHandler.internalGenerateBsp(RegenBspSourcesHandler.java:170)
	at com.xilinx.sdk.sw.ui.handlers.RegenBspSourcesHandler.access$2(RegenBspSourcesHandler.java:163)
	at com.xilinx.sdk.sw.ui.handlers.RegenBspSourcesHandler$1$1.run(RegenBspSourcesHandler.java:131)
	at org.eclipse.core.internal.resources.Workspace.run(Workspace.java:2240)
	at org.eclipse.core.internal.resources.Workspace.run(Workspace.java:2267)
	at com.xilinx.sdk.sw.ui.handlers.RegenBspSourcesHandler$1.run(RegenBspSourcesHandler.java:135)
	at org.eclipse.jface.operation.ModalContext$ModalContextThread.run(ModalContext.java:119)
Contains: Could not delete '/brick_breaker_bsp/microblaze_0'.
org.eclipse.core.internal.resources.ResourceException: Problems encountered while deleting resources.
	at org.eclipse.core.internal.localstore.FileSystemResourceManager.delete(FileSystemResourceManager.java:370)
	at org.eclipse.core.internal.resources.ResourceTree.internalDeleteFolder(ResourceTree.java:358)
	at org.eclipse.core.internal.resources.ResourceTree.standardDeleteFolder(ResourceTree.java:810)
	at org.eclipse.core.internal.resources.Resource.unprotectedDelete(Resource.java:1832)
	at org.eclipse.core.internal.resources.Resource.delete(Resource.java:782)
	at org.eclipse.core.internal.resources.Resource.delete(Resource.java:750)
	at com.xilinx.sdk.sw.ui.handlers.RegenBspSourcesHandler.internalGenerateBsp(RegenBspSourcesHandler.java:170)
	at com.xilinx.sdk.sw.ui.handlers.RegenBspSourcesHandler.access$2(RegenBspSourcesHandler.java:163)
	at com.xilinx.sdk.sw.ui.handlers.RegenBspSourcesHandler$1$1.run(RegenBspSourcesHandler.java:131)
	at org.eclipse.core.internal.resources.Workspace.run(Workspace.java:2240)
	at org.eclipse.core.internal.resources.Workspace.run(Workspace.java:2267)
	at com.xilinx.sdk.sw.ui.handlers.RegenBspSourcesHandler$1.run(RegenBspSourcesHandler.java:135)
	at org.eclipse.jface.operation.ModalContext$ModalContextThread.run(ModalContext.java:119)
Contains: Problems encountered while deleting files.
Contains: Could not delete: D:\On_MicroBlaze_Demo\demo.sdk\brick_breaker_bsp\microblaze_0\libsrc\bram_v4_2.
java.nio.file.AccessDeniedException: D:\On_MicroBlaze_Demo\demo.sdk\brick_breaker_bsp\microblaze_0\libsrc\bram_v4_2
	at sun.nio.fs.WindowsException.translateToIOException(WindowsException.java:83)
	at sun.nio.fs.WindowsException.rethrowAsIOException(WindowsException.java:97)
	at sun.nio.fs.WindowsException.rethrowAsIOException(WindowsException.java:102)
	at sun.nio.fs.WindowsFileSystemProvider.implDelete(WindowsFileSystemProvider.java:269)
	at sun.nio.fs.AbstractFileSystemProvider.deleteIfExists(AbstractFileSystemProvider.java:108)
	at java.nio.file.Files.deleteIfExists(Files.java:1165)
	at org.eclipse.core.internal.filesystem.local.LocalFile.internalDelete(LocalFile.java:218)
	at org.eclipse.core.internal.filesystem.local.LocalFile.internalDelete(LocalFile.java:238)
	at org.eclipse.core.internal.filesystem.local.LocalFile.internalDelete(LocalFile.java:238)
	at org.eclipse.core.internal.filesystem.local.LocalFile.delete(LocalFile.java:136)
	at org.eclipse.core.internal.localstore.DeleteVisitor.delete(DeleteVisitor.java:63)
	at org.eclipse.core.internal.localstore.DeleteVisitor.visit(DeleteVisitor.java:151)
	at org.eclipse.core.internal.localstore.UnifiedTree.accept(UnifiedTree.java:111)
	at org.eclipse.core.internal.localstore.FileSystemResourceManager.delete(FileSystemResourceManager.java:367)
	at org.eclipse.core.internal.resources.ResourceTree.internalDeleteFolder(ResourceTree.java:358)
	at org.eclipse.core.internal.resources.ResourceTree.standardDeleteFolder(ResourceTree.java:810)
	at org.eclipse.core.internal.resources.Resource.unprotectedDelete(Resource.java:1832)
	at org.eclipse.core.internal.resources.Resource.delete(Resource.java:782)
	at org.eclipse.core.internal.resources.Resource.delete(Resource.java:750)
	at com.xilinx.sdk.sw.ui.handlers.RegenBspSourcesHandler.internalGenerateBsp(RegenBspSourcesHandler.java:170)
	at com.xilinx.sdk.sw.ui.handlers.RegenBspSourcesHandler.access$2(RegenBspSourcesHandler.java:163)
	at com.xilinx.sdk.sw.ui.handlers.RegenBspSourcesHandler$1$1.run(RegenBspSourcesHandler.java:131)
	at org.eclipse.core.internal.resources.Workspace.run(Workspace.java:2240)
	at org.eclipse.core.internal.resources.Workspace.run(Workspace.java:2267)
	at com.xilinx.sdk.sw.ui.handlers.RegenBspSourcesHandler$1.run(RegenBspSourcesHandler.java:135)
	at org.eclipse.jface.operation.ModalContext$ModalContextThread.run(ModalContext.java:119)
Contains: Could not delete: D:\On_MicroBlaze_Demo\demo.sdk\brick_breaker_bsp\microblaze_0\libsrc.
Contains: Could not delete: D:\On_MicroBlaze_Demo\demo.sdk\brick_breaker_bsp\microblaze_0.
10:10:51 ERROR : Failed to regenerate sources for BSP project brick_breaker_bsp
org.eclipse.core.internal.resources.ResourceException: Problems encountered while deleting resources.
	at org.eclipse.core.internal.resources.Resource.delete(Resource.java:795)
	at org.eclipse.core.internal.resources.Resource.delete(Resource.java:750)
	at com.xilinx.sdk.sw.ui.handlers.RegenBspSourcesHandler.internalGenerateBsp(RegenBspSourcesHandler.java:170)
	at com.xilinx.sdk.sw.ui.handlers.RegenBspSourcesHandler.access$2(RegenBspSourcesHandler.java:163)
	at com.xilinx.sdk.sw.ui.handlers.RegenBspSourcesHandler$1$1.run(RegenBspSourcesHandler.java:131)
	at org.eclipse.core.internal.resources.Workspace.run(Workspace.java:2240)
	at org.eclipse.core.internal.resources.Workspace.run(Workspace.java:2267)
	at com.xilinx.sdk.sw.ui.handlers.RegenBspSourcesHandler$1.run(RegenBspSourcesHandler.java:135)
	at org.eclipse.jface.operation.ModalContext$ModalContextThread.run(ModalContext.java:119)
Contains: Could not delete '/brick_breaker_bsp/microblaze_0'.
org.eclipse.core.internal.resources.ResourceException: Problems encountered while deleting resources.
	at org.eclipse.core.internal.localstore.FileSystemResourceManager.delete(FileSystemResourceManager.java:370)
	at org.eclipse.core.internal.resources.ResourceTree.internalDeleteFolder(ResourceTree.java:358)
	at org.eclipse.core.internal.resources.ResourceTree.standardDeleteFolder(ResourceTree.java:810)
	at org.eclipse.core.internal.resources.Resource.unprotectedDelete(Resource.java:1832)
	at org.eclipse.core.internal.resources.Resource.delete(Resource.java:782)
	at org.eclipse.core.internal.resources.Resource.delete(Resource.java:750)
	at com.xilinx.sdk.sw.ui.handlers.RegenBspSourcesHandler.internalGenerateBsp(RegenBspSourcesHandler.java:170)
	at com.xilinx.sdk.sw.ui.handlers.RegenBspSourcesHandler.access$2(RegenBspSourcesHandler.java:163)
	at com.xilinx.sdk.sw.ui.handlers.RegenBspSourcesHandler$1$1.run(RegenBspSourcesHandler.java:131)
	at org.eclipse.core.internal.resources.Workspace.run(Workspace.java:2240)
	at org.eclipse.core.internal.resources.Workspace.run(Workspace.java:2267)
	at com.xilinx.sdk.sw.ui.handlers.RegenBspSourcesHandler$1.run(RegenBspSourcesHandler.java:135)
	at org.eclipse.jface.operation.ModalContext$ModalContextThread.run(ModalContext.java:119)
Contains: Problems encountered while deleting files.
Contains: Could not delete: D:\On_MicroBlaze_Demo\demo.sdk\brick_breaker_bsp\microblaze_0\libsrc\bram_v4_2.
java.nio.file.AccessDeniedException: D:\On_MicroBlaze_Demo\demo.sdk\brick_breaker_bsp\microblaze_0\libsrc\bram_v4_2
	at sun.nio.fs.WindowsException.translateToIOException(WindowsException.java:83)
	at sun.nio.fs.WindowsException.rethrowAsIOException(WindowsException.java:97)
	at sun.nio.fs.WindowsException.rethrowAsIOException(WindowsException.java:102)
	at sun.nio.fs.WindowsFileSystemProvider.implDelete(WindowsFileSystemProvider.java:269)
	at sun.nio.fs.AbstractFileSystemProvider.deleteIfExists(AbstractFileSystemProvider.java:108)
	at java.nio.file.Files.deleteIfExists(Files.java:1165)
	at org.eclipse.core.internal.filesystem.local.LocalFile.internalDelete(LocalFile.java:218)
	at org.eclipse.core.internal.filesystem.local.LocalFile.internalDelete(LocalFile.java:238)
	at org.eclipse.core.internal.filesystem.local.LocalFile.internalDelete(LocalFile.java:238)
	at org.eclipse.core.internal.filesystem.local.LocalFile.delete(LocalFile.java:136)
	at org.eclipse.core.internal.localstore.DeleteVisitor.delete(DeleteVisitor.java:63)
	at org.eclipse.core.internal.localstore.DeleteVisitor.visit(DeleteVisitor.java:151)
	at org.eclipse.core.internal.localstore.UnifiedTree.accept(UnifiedTree.java:111)
	at org.eclipse.core.internal.localstore.FileSystemResourceManager.delete(FileSystemResourceManager.java:367)
	at org.eclipse.core.internal.resources.ResourceTree.internalDeleteFolder(ResourceTree.java:358)
	at org.eclipse.core.internal.resources.ResourceTree.standardDeleteFolder(ResourceTree.java:810)
	at org.eclipse.core.internal.resources.Resource.unprotectedDelete(Resource.java:1832)
	at org.eclipse.core.internal.resources.Resource.delete(Resource.java:782)
	at org.eclipse.core.internal.resources.Resource.delete(Resource.java:750)
	at com.xilinx.sdk.sw.ui.handlers.RegenBspSourcesHandler.internalGenerateBsp(RegenBspSourcesHandler.java:170)
	at com.xilinx.sdk.sw.ui.handlers.RegenBspSourcesHandler.access$2(RegenBspSourcesHandler.java:163)
	at com.xilinx.sdk.sw.ui.handlers.RegenBspSourcesHandler$1$1.run(RegenBspSourcesHandler.java:131)
	at org.eclipse.core.internal.resources.Workspace.run(Workspace.java:2240)
	at org.eclipse.core.internal.resources.Workspace.run(Workspace.java:2267)
	at com.xilinx.sdk.sw.ui.handlers.RegenBspSourcesHandler$1.run(RegenBspSourcesHandler.java:135)
	at org.eclipse.jface.operation.ModalContext$ModalContextThread.run(ModalContext.java:119)
Contains: Could not delete: D:\On_MicroBlaze_Demo\demo.sdk\brick_breaker_bsp\microblaze_0\libsrc.
Contains: Could not delete: D:\On_MicroBlaze_Demo\demo.sdk\brick_breaker_bsp\microblaze_0.
10:11:03 ERROR : Failed to regenerate sources for BSP project brick_breaker_bsp
org.eclipse.core.internal.resources.ResourceException: Problems encountered while deleting resources.
	at org.eclipse.core.internal.resources.Resource.delete(Resource.java:795)
	at org.eclipse.core.internal.resources.Resource.delete(Resource.java:750)
	at com.xilinx.sdk.sw.ui.handlers.RegenBspSourcesHandler.internalGenerateBsp(RegenBspSourcesHandler.java:170)
	at com.xilinx.sdk.sw.ui.handlers.RegenBspSourcesHandler.access$2(RegenBspSourcesHandler.java:163)
	at com.xilinx.sdk.sw.ui.handlers.RegenBspSourcesHandler$1$1.run(RegenBspSourcesHandler.java:131)
	at org.eclipse.core.internal.resources.Workspace.run(Workspace.java:2240)
	at org.eclipse.core.internal.resources.Workspace.run(Workspace.java:2267)
	at com.xilinx.sdk.sw.ui.handlers.RegenBspSourcesHandler$1.run(RegenBspSourcesHandler.java:135)
	at org.eclipse.jface.operation.ModalContext$ModalContextThread.run(ModalContext.java:119)
Contains: Could not delete '/brick_breaker_bsp/microblaze_0'.
org.eclipse.core.internal.resources.ResourceException: Problems encountered while deleting resources.
	at org.eclipse.core.internal.localstore.FileSystemResourceManager.delete(FileSystemResourceManager.java:370)
	at org.eclipse.core.internal.resources.ResourceTree.internalDeleteFolder(ResourceTree.java:358)
	at org.eclipse.core.internal.resources.ResourceTree.standardDeleteFolder(ResourceTree.java:810)
	at org.eclipse.core.internal.resources.Resource.unprotectedDelete(Resource.java:1832)
	at org.eclipse.core.internal.resources.Resource.delete(Resource.java:782)
	at org.eclipse.core.internal.resources.Resource.delete(Resource.java:750)
	at com.xilinx.sdk.sw.ui.handlers.RegenBspSourcesHandler.internalGenerateBsp(RegenBspSourcesHandler.java:170)
	at com.xilinx.sdk.sw.ui.handlers.RegenBspSourcesHandler.access$2(RegenBspSourcesHandler.java:163)
	at com.xilinx.sdk.sw.ui.handlers.RegenBspSourcesHandler$1$1.run(RegenBspSourcesHandler.java:131)
	at org.eclipse.core.internal.resources.Workspace.run(Workspace.java:2240)
	at org.eclipse.core.internal.resources.Workspace.run(Workspace.java:2267)
	at com.xilinx.sdk.sw.ui.handlers.RegenBspSourcesHandler$1.run(RegenBspSourcesHandler.java:135)
	at org.eclipse.jface.operation.ModalContext$ModalContextThread.run(ModalContext.java:119)
Contains: Problems encountered while deleting files.
Contains: Could not delete: D:\On_MicroBlaze_Demo\demo.sdk\brick_breaker_bsp\microblaze_0\libsrc\bram_v4_2.
java.nio.file.AccessDeniedException: D:\On_MicroBlaze_Demo\demo.sdk\brick_breaker_bsp\microblaze_0\libsrc\bram_v4_2
	at sun.nio.fs.WindowsException.translateToIOException(WindowsException.java:83)
	at sun.nio.fs.WindowsException.rethrowAsIOException(WindowsException.java:97)
	at sun.nio.fs.WindowsException.rethrowAsIOException(WindowsException.java:102)
	at sun.nio.fs.WindowsFileSystemProvider.implDelete(WindowsFileSystemProvider.java:269)
	at sun.nio.fs.AbstractFileSystemProvider.deleteIfExists(AbstractFileSystemProvider.java:108)
	at java.nio.file.Files.deleteIfExists(Files.java:1165)
	at org.eclipse.core.internal.filesystem.local.LocalFile.internalDelete(LocalFile.java:218)
	at org.eclipse.core.internal.filesystem.local.LocalFile.internalDelete(LocalFile.java:238)
	at org.eclipse.core.internal.filesystem.local.LocalFile.internalDelete(LocalFile.java:238)
	at org.eclipse.core.internal.filesystem.local.LocalFile.delete(LocalFile.java:136)
	at org.eclipse.core.internal.localstore.DeleteVisitor.delete(DeleteVisitor.java:63)
	at org.eclipse.core.internal.localstore.DeleteVisitor.visit(DeleteVisitor.java:151)
	at org.eclipse.core.internal.localstore.UnifiedTree.accept(UnifiedTree.java:111)
	at org.eclipse.core.internal.localstore.FileSystemResourceManager.delete(FileSystemResourceManager.java:367)
	at org.eclipse.core.internal.resources.ResourceTree.internalDeleteFolder(ResourceTree.java:358)
	at org.eclipse.core.internal.resources.ResourceTree.standardDeleteFolder(ResourceTree.java:810)
	at org.eclipse.core.internal.resources.Resource.unprotectedDelete(Resource.java:1832)
	at org.eclipse.core.internal.resources.Resource.delete(Resource.java:782)
	at org.eclipse.core.internal.resources.Resource.delete(Resource.java:750)
	at com.xilinx.sdk.sw.ui.handlers.RegenBspSourcesHandler.internalGenerateBsp(RegenBspSourcesHandler.java:170)
	at com.xilinx.sdk.sw.ui.handlers.RegenBspSourcesHandler.access$2(RegenBspSourcesHandler.java:163)
	at com.xilinx.sdk.sw.ui.handlers.RegenBspSourcesHandler$1$1.run(RegenBspSourcesHandler.java:131)
	at org.eclipse.core.internal.resources.Workspace.run(Workspace.java:2240)
	at org.eclipse.core.internal.resources.Workspace.run(Workspace.java:2267)
	at com.xilinx.sdk.sw.ui.handlers.RegenBspSourcesHandler$1.run(RegenBspSourcesHandler.java:135)
	at org.eclipse.jface.operation.ModalContext$ModalContextThread.run(ModalContext.java:119)
Contains: Could not delete: D:\On_MicroBlaze_Demo\demo.sdk\brick_breaker_bsp\microblaze_0\libsrc.
Contains: Could not delete: D:\On_MicroBlaze_Demo\demo.sdk\brick_breaker_bsp\microblaze_0.
10:11:09 ERROR : Failed to regenerate sources for BSP project brick_breaker_bsp
org.eclipse.core.internal.resources.ResourceException: Problems encountered while deleting resources.
	at org.eclipse.core.internal.resources.Resource.delete(Resource.java:795)
	at org.eclipse.core.internal.resources.Resource.delete(Resource.java:750)
	at com.xilinx.sdk.sw.ui.handlers.RegenBspSourcesHandler.internalGenerateBsp(RegenBspSourcesHandler.java:170)
	at com.xilinx.sdk.sw.ui.handlers.RegenBspSourcesHandler.access$2(RegenBspSourcesHandler.java:163)
	at com.xilinx.sdk.sw.ui.handlers.RegenBspSourcesHandler$1$1.run(RegenBspSourcesHandler.java:131)
	at org.eclipse.core.internal.resources.Workspace.run(Workspace.java:2240)
	at org.eclipse.core.internal.resources.Workspace.run(Workspace.java:2267)
	at com.xilinx.sdk.sw.ui.handlers.RegenBspSourcesHandler$1.run(RegenBspSourcesHandler.java:135)
	at org.eclipse.jface.operation.ModalContext$ModalContextThread.run(ModalContext.java:119)
Contains: Could not delete '/brick_breaker_bsp/microblaze_0'.
org.eclipse.core.internal.resources.ResourceException: Problems encountered while deleting resources.
	at org.eclipse.core.internal.localstore.FileSystemResourceManager.delete(FileSystemResourceManager.java:370)
	at org.eclipse.core.internal.resources.ResourceTree.internalDeleteFolder(ResourceTree.java:358)
	at org.eclipse.core.internal.resources.ResourceTree.standardDeleteFolder(ResourceTree.java:810)
	at org.eclipse.core.internal.resources.Resource.unprotectedDelete(Resource.java:1832)
	at org.eclipse.core.internal.resources.Resource.delete(Resource.java:782)
	at org.eclipse.core.internal.resources.Resource.delete(Resource.java:750)
	at com.xilinx.sdk.sw.ui.handlers.RegenBspSourcesHandler.internalGenerateBsp(RegenBspSourcesHandler.java:170)
	at com.xilinx.sdk.sw.ui.handlers.RegenBspSourcesHandler.access$2(RegenBspSourcesHandler.java:163)
	at com.xilinx.sdk.sw.ui.handlers.RegenBspSourcesHandler$1$1.run(RegenBspSourcesHandler.java:131)
	at org.eclipse.core.internal.resources.Workspace.run(Workspace.java:2240)
	at org.eclipse.core.internal.resources.Workspace.run(Workspace.java:2267)
	at com.xilinx.sdk.sw.ui.handlers.RegenBspSourcesHandler$1.run(RegenBspSourcesHandler.java:135)
	at org.eclipse.jface.operation.ModalContext$ModalContextThread.run(ModalContext.java:119)
Contains: Problems encountered while deleting files.
Contains: Could not delete: D:\On_MicroBlaze_Demo\demo.sdk\brick_breaker_bsp\microblaze_0\libsrc\bram_v4_2.
java.nio.file.AccessDeniedException: D:\On_MicroBlaze_Demo\demo.sdk\brick_breaker_bsp\microblaze_0\libsrc\bram_v4_2
	at sun.nio.fs.WindowsException.translateToIOException(WindowsException.java:83)
	at sun.nio.fs.WindowsException.rethrowAsIOException(WindowsException.java:97)
	at sun.nio.fs.WindowsException.rethrowAsIOException(WindowsException.java:102)
	at sun.nio.fs.WindowsFileSystemProvider.implDelete(WindowsFileSystemProvider.java:269)
	at sun.nio.fs.AbstractFileSystemProvider.deleteIfExists(AbstractFileSystemProvider.java:108)
	at java.nio.file.Files.deleteIfExists(Files.java:1165)
	at org.eclipse.core.internal.filesystem.local.LocalFile.internalDelete(LocalFile.java:218)
	at org.eclipse.core.internal.filesystem.local.LocalFile.internalDelete(LocalFile.java:238)
	at org.eclipse.core.internal.filesystem.local.LocalFile.internalDelete(LocalFile.java:238)
	at org.eclipse.core.internal.filesystem.local.LocalFile.delete(LocalFile.java:136)
	at org.eclipse.core.internal.localstore.DeleteVisitor.delete(DeleteVisitor.java:63)
	at org.eclipse.core.internal.localstore.DeleteVisitor.visit(DeleteVisitor.java:151)
	at org.eclipse.core.internal.localstore.UnifiedTree.accept(UnifiedTree.java:111)
	at org.eclipse.core.internal.localstore.FileSystemResourceManager.delete(FileSystemResourceManager.java:367)
	at org.eclipse.core.internal.resources.ResourceTree.internalDeleteFolder(ResourceTree.java:358)
	at org.eclipse.core.internal.resources.ResourceTree.standardDeleteFolder(ResourceTree.java:810)
	at org.eclipse.core.internal.resources.Resource.unprotectedDelete(Resource.java:1832)
	at org.eclipse.core.internal.resources.Resource.delete(Resource.java:782)
	at org.eclipse.core.internal.resources.Resource.delete(Resource.java:750)
	at com.xilinx.sdk.sw.ui.handlers.RegenBspSourcesHandler.internalGenerateBsp(RegenBspSourcesHandler.java:170)
	at com.xilinx.sdk.sw.ui.handlers.RegenBspSourcesHandler.access$2(RegenBspSourcesHandler.java:163)
	at com.xilinx.sdk.sw.ui.handlers.RegenBspSourcesHandler$1$1.run(RegenBspSourcesHandler.java:131)
	at org.eclipse.core.internal.resources.Workspace.run(Workspace.java:2240)
	at org.eclipse.core.internal.resources.Workspace.run(Workspace.java:2267)
	at com.xilinx.sdk.sw.ui.handlers.RegenBspSourcesHandler$1.run(RegenBspSourcesHandler.java:135)
	at org.eclipse.jface.operation.ModalContext$ModalContextThread.run(ModalContext.java:119)
Contains: Could not delete: D:\On_MicroBlaze_Demo\demo.sdk\brick_breaker_bsp\microblaze_0\libsrc.
Contains: Could not delete: D:\On_MicroBlaze_Demo\demo.sdk\brick_breaker_bsp\microblaze_0.
10:11:31 INFO  : Launching XSCT server: xsct.bat -interactive D:\On_MicroBlaze_Demo\demo.sdk\temp_xsdb_launch_script.tcl
10:11:35 INFO  : XSCT server has started successfully.
10:11:36 INFO  : Successfully done setting XSCT server connection channel  
10:11:36 INFO  : Successfully done setting SDK workspace  
10:11:40 INFO  : Registering command handlers for SDK TCF services
10:11:40 INFO  : Processing command line option -hwspec D:/On_MicroBlaze_Demo/demo.sdk/design_1_wrapper.hdf.
10:11:41 INFO  : Checking for hwspec changes in the project design_1_wrapper_hw_platform_0.
10:11:46 ERROR : Failed to regenerate sources for BSP project brick_breaker_bsp
org.eclipse.core.internal.resources.ResourceException: Problems encountered while deleting resources.
	at org.eclipse.core.internal.resources.Resource.delete(Resource.java:795)
	at org.eclipse.core.internal.resources.Resource.delete(Resource.java:750)
	at com.xilinx.sdk.sw.ui.handlers.RegenBspSourcesHandler.internalGenerateBsp(RegenBspSourcesHandler.java:170)
	at com.xilinx.sdk.sw.ui.handlers.RegenBspSourcesHandler.access$2(RegenBspSourcesHandler.java:163)
	at com.xilinx.sdk.sw.ui.handlers.RegenBspSourcesHandler$1$1.run(RegenBspSourcesHandler.java:131)
	at org.eclipse.core.internal.resources.Workspace.run(Workspace.java:2240)
	at org.eclipse.core.internal.resources.Workspace.run(Workspace.java:2267)
	at com.xilinx.sdk.sw.ui.handlers.RegenBspSourcesHandler$1.run(RegenBspSourcesHandler.java:135)
	at org.eclipse.jface.operation.ModalContext$ModalContextThread.run(ModalContext.java:119)
Contains: Could not delete '/brick_breaker_bsp/microblaze_0'.
org.eclipse.core.internal.resources.ResourceException: Problems encountered while deleting resources.
	at org.eclipse.core.internal.localstore.FileSystemResourceManager.delete(FileSystemResourceManager.java:370)
	at org.eclipse.core.internal.resources.ResourceTree.internalDeleteFolder(ResourceTree.java:358)
	at org.eclipse.core.internal.resources.ResourceTree.standardDeleteFolder(ResourceTree.java:810)
	at org.eclipse.core.internal.resources.Resource.unprotectedDelete(Resource.java:1832)
	at org.eclipse.core.internal.resources.Resource.delete(Resource.java:782)
	at org.eclipse.core.internal.resources.Resource.delete(Resource.java:750)
	at com.xilinx.sdk.sw.ui.handlers.RegenBspSourcesHandler.internalGenerateBsp(RegenBspSourcesHandler.java:170)
	at com.xilinx.sdk.sw.ui.handlers.RegenBspSourcesHandler.access$2(RegenBspSourcesHandler.java:163)
	at com.xilinx.sdk.sw.ui.handlers.RegenBspSourcesHandler$1$1.run(RegenBspSourcesHandler.java:131)
	at org.eclipse.core.internal.resources.Workspace.run(Workspace.java:2240)
	at org.eclipse.core.internal.resources.Workspace.run(Workspace.java:2267)
	at com.xilinx.sdk.sw.ui.handlers.RegenBspSourcesHandler$1.run(RegenBspSourcesHandler.java:135)
	at org.eclipse.jface.operation.ModalContext$ModalContextThread.run(ModalContext.java:119)
Contains: Problems encountered while deleting files.
Contains: Could not delete: D:\On_MicroBlaze_Demo\demo.sdk\brick_breaker_bsp\microblaze_0\libsrc\bram_v4_2.
java.nio.file.AccessDeniedException: D:\On_MicroBlaze_Demo\demo.sdk\brick_breaker_bsp\microblaze_0\libsrc\bram_v4_2
	at sun.nio.fs.WindowsException.translateToIOException(WindowsException.java:83)
	at sun.nio.fs.WindowsException.rethrowAsIOException(WindowsException.java:97)
	at sun.nio.fs.WindowsException.rethrowAsIOException(WindowsException.java:102)
	at sun.nio.fs.WindowsFileSystemProvider.implDelete(WindowsFileSystemProvider.java:269)
	at sun.nio.fs.AbstractFileSystemProvider.deleteIfExists(AbstractFileSystemProvider.java:108)
	at java.nio.file.Files.deleteIfExists(Files.java:1165)
	at org.eclipse.core.internal.filesystem.local.LocalFile.internalDelete(LocalFile.java:218)
	at org.eclipse.core.internal.filesystem.local.LocalFile.internalDelete(LocalFile.java:238)
	at org.eclipse.core.internal.filesystem.local.LocalFile.internalDelete(LocalFile.java:238)
	at org.eclipse.core.internal.filesystem.local.LocalFile.delete(LocalFile.java:136)
	at org.eclipse.core.internal.localstore.DeleteVisitor.delete(DeleteVisitor.java:63)
	at org.eclipse.core.internal.localstore.DeleteVisitor.visit(DeleteVisitor.java:151)
	at org.eclipse.core.internal.localstore.UnifiedTree.accept(UnifiedTree.java:111)
	at org.eclipse.core.internal.localstore.FileSystemResourceManager.delete(FileSystemResourceManager.java:367)
	at org.eclipse.core.internal.resources.ResourceTree.internalDeleteFolder(ResourceTree.java:358)
	at org.eclipse.core.internal.resources.ResourceTree.standardDeleteFolder(ResourceTree.java:810)
	at org.eclipse.core.internal.resources.Resource.unprotectedDelete(Resource.java:1832)
	at org.eclipse.core.internal.resources.Resource.delete(Resource.java:782)
	at org.eclipse.core.internal.resources.Resource.delete(Resource.java:750)
	at com.xilinx.sdk.sw.ui.handlers.RegenBspSourcesHandler.internalGenerateBsp(RegenBspSourcesHandler.java:170)
	at com.xilinx.sdk.sw.ui.handlers.RegenBspSourcesHandler.access$2(RegenBspSourcesHandler.java:163)
	at com.xilinx.sdk.sw.ui.handlers.RegenBspSourcesHandler$1$1.run(RegenBspSourcesHandler.java:131)
	at org.eclipse.core.internal.resources.Workspace.run(Workspace.java:2240)
	at org.eclipse.core.internal.resources.Workspace.run(Workspace.java:2267)
	at com.xilinx.sdk.sw.ui.handlers.RegenBspSourcesHandler$1.run(RegenBspSourcesHandler.java:135)
	at org.eclipse.jface.operation.ModalContext$ModalContextThread.run(ModalContext.java:119)
Contains: Could not delete: D:\On_MicroBlaze_Demo\demo.sdk\brick_breaker_bsp\microblaze_0\libsrc.
Contains: Could not delete: D:\On_MicroBlaze_Demo\demo.sdk\brick_breaker_bsp\microblaze_0.
10:11:59 INFO  : No changes in MSS file content so not generating sources.
10:12:57 ERROR : Failed to regenerate sources for BSP project brick_breaker_bsp
org.eclipse.core.internal.resources.ResourceException: Problems encountered while deleting resources.
	at org.eclipse.core.internal.resources.Resource.delete(Resource.java:795)
	at org.eclipse.core.internal.resources.Resource.delete(Resource.java:750)
	at com.xilinx.sdk.sw.ui.handlers.RegenBspSourcesHandler.internalGenerateBsp(RegenBspSourcesHandler.java:170)
	at com.xilinx.sdk.sw.ui.handlers.RegenBspSourcesHandler.access$2(RegenBspSourcesHandler.java:163)
	at com.xilinx.sdk.sw.ui.handlers.RegenBspSourcesHandler$1$1.run(RegenBspSourcesHandler.java:131)
	at org.eclipse.core.internal.resources.Workspace.run(Workspace.java:2240)
	at org.eclipse.core.internal.resources.Workspace.run(Workspace.java:2267)
	at com.xilinx.sdk.sw.ui.handlers.RegenBspSourcesHandler$1.run(RegenBspSourcesHandler.java:135)
	at org.eclipse.jface.operation.ModalContext$ModalContextThread.run(ModalContext.java:119)
Contains: Could not delete '/brick_breaker_bsp/microblaze_0'.
org.eclipse.core.internal.resources.ResourceException: Problems encountered while deleting resources.
	at org.eclipse.core.internal.localstore.FileSystemResourceManager.delete(FileSystemResourceManager.java:370)
	at org.eclipse.core.internal.resources.ResourceTree.internalDeleteFolder(ResourceTree.java:358)
	at org.eclipse.core.internal.resources.ResourceTree.standardDeleteFolder(ResourceTree.java:810)
	at org.eclipse.core.internal.resources.Resource.unprotectedDelete(Resource.java:1832)
	at org.eclipse.core.internal.resources.Resource.delete(Resource.java:782)
	at org.eclipse.core.internal.resources.Resource.delete(Resource.java:750)
	at com.xilinx.sdk.sw.ui.handlers.RegenBspSourcesHandler.internalGenerateBsp(RegenBspSourcesHandler.java:170)
	at com.xilinx.sdk.sw.ui.handlers.RegenBspSourcesHandler.access$2(RegenBspSourcesHandler.java:163)
	at com.xilinx.sdk.sw.ui.handlers.RegenBspSourcesHandler$1$1.run(RegenBspSourcesHandler.java:131)
	at org.eclipse.core.internal.resources.Workspace.run(Workspace.java:2240)
	at org.eclipse.core.internal.resources.Workspace.run(Workspace.java:2267)
	at com.xilinx.sdk.sw.ui.handlers.RegenBspSourcesHandler$1.run(RegenBspSourcesHandler.java:135)
	at org.eclipse.jface.operation.ModalContext$ModalContextThread.run(ModalContext.java:119)
Contains: Problems encountered while deleting files.
Contains: Could not delete: D:\On_MicroBlaze_Demo\demo.sdk\brick_breaker_bsp\microblaze_0\libsrc\bram_v4_2.
java.nio.file.AccessDeniedException: D:\On_MicroBlaze_Demo\demo.sdk\brick_breaker_bsp\microblaze_0\libsrc\bram_v4_2
	at sun.nio.fs.WindowsException.translateToIOException(WindowsException.java:83)
	at sun.nio.fs.WindowsException.rethrowAsIOException(WindowsException.java:97)
	at sun.nio.fs.WindowsException.rethrowAsIOException(WindowsException.java:102)
	at sun.nio.fs.WindowsFileSystemProvider.implDelete(WindowsFileSystemProvider.java:269)
	at sun.nio.fs.AbstractFileSystemProvider.deleteIfExists(AbstractFileSystemProvider.java:108)
	at java.nio.file.Files.deleteIfExists(Files.java:1165)
	at org.eclipse.core.internal.filesystem.local.LocalFile.internalDelete(LocalFile.java:218)
	at org.eclipse.core.internal.filesystem.local.LocalFile.internalDelete(LocalFile.java:238)
	at org.eclipse.core.internal.filesystem.local.LocalFile.internalDelete(LocalFile.java:238)
	at org.eclipse.core.internal.filesystem.local.LocalFile.delete(LocalFile.java:136)
	at org.eclipse.core.internal.localstore.DeleteVisitor.delete(DeleteVisitor.java:63)
	at org.eclipse.core.internal.localstore.DeleteVisitor.visit(DeleteVisitor.java:151)
	at org.eclipse.core.internal.localstore.UnifiedTree.accept(UnifiedTree.java:111)
	at org.eclipse.core.internal.localstore.FileSystemResourceManager.delete(FileSystemResourceManager.java:367)
	at org.eclipse.core.internal.resources.ResourceTree.internalDeleteFolder(ResourceTree.java:358)
	at org.eclipse.core.internal.resources.ResourceTree.standardDeleteFolder(ResourceTree.java:810)
	at org.eclipse.core.internal.resources.Resource.unprotectedDelete(Resource.java:1832)
	at org.eclipse.core.internal.resources.Resource.delete(Resource.java:782)
	at org.eclipse.core.internal.resources.Resource.delete(Resource.java:750)
	at com.xilinx.sdk.sw.ui.handlers.RegenBspSourcesHandler.internalGenerateBsp(RegenBspSourcesHandler.java:170)
	at com.xilinx.sdk.sw.ui.handlers.RegenBspSourcesHandler.access$2(RegenBspSourcesHandler.java:163)
	at com.xilinx.sdk.sw.ui.handlers.RegenBspSourcesHandler$1$1.run(RegenBspSourcesHandler.java:131)
	at org.eclipse.core.internal.resources.Workspace.run(Workspace.java:2240)
	at org.eclipse.core.internal.resources.Workspace.run(Workspace.java:2267)
	at com.xilinx.sdk.sw.ui.handlers.RegenBspSourcesHandler$1.run(RegenBspSourcesHandler.java:135)
	at org.eclipse.jface.operation.ModalContext$ModalContextThread.run(ModalContext.java:119)
Contains: Could not delete: D:\On_MicroBlaze_Demo\demo.sdk\brick_breaker_bsp\microblaze_0\libsrc.
Contains: Could not delete: D:\On_MicroBlaze_Demo\demo.sdk\brick_breaker_bsp\microblaze_0.
10:13:57 ERROR : Failed to regenerate sources for BSP project brick_breaker_bsp
org.eclipse.core.internal.resources.ResourceException: Problems encountered while deleting resources.
	at org.eclipse.core.internal.resources.Resource.delete(Resource.java:795)
	at org.eclipse.core.internal.resources.Resource.delete(Resource.java:750)
	at com.xilinx.sdk.sw.ui.handlers.RegenBspSourcesHandler.internalGenerateBsp(RegenBspSourcesHandler.java:170)
	at com.xilinx.sdk.sw.ui.handlers.RegenBspSourcesHandler.access$2(RegenBspSourcesHandler.java:163)
	at com.xilinx.sdk.sw.ui.handlers.RegenBspSourcesHandler$1$1.run(RegenBspSourcesHandler.java:131)
	at org.eclipse.core.internal.resources.Workspace.run(Workspace.java:2240)
	at org.eclipse.core.internal.resources.Workspace.run(Workspace.java:2267)
	at com.xilinx.sdk.sw.ui.handlers.RegenBspSourcesHandler$1.run(RegenBspSourcesHandler.java:135)
	at org.eclipse.jface.operation.ModalContext$ModalContextThread.run(ModalContext.java:119)
Contains: Could not delete '/brick_breaker_bsp/microblaze_0'.
org.eclipse.core.internal.resources.ResourceException: Problems encountered while deleting resources.
	at org.eclipse.core.internal.localstore.FileSystemResourceManager.delete(FileSystemResourceManager.java:370)
	at org.eclipse.core.internal.resources.ResourceTree.internalDeleteFolder(ResourceTree.java:358)
	at org.eclipse.core.internal.resources.ResourceTree.standardDeleteFolder(ResourceTree.java:810)
	at org.eclipse.core.internal.resources.Resource.unprotectedDelete(Resource.java:1832)
	at org.eclipse.core.internal.resources.Resource.delete(Resource.java:782)
	at org.eclipse.core.internal.resources.Resource.delete(Resource.java:750)
	at com.xilinx.sdk.sw.ui.handlers.RegenBspSourcesHandler.internalGenerateBsp(RegenBspSourcesHandler.java:170)
	at com.xilinx.sdk.sw.ui.handlers.RegenBspSourcesHandler.access$2(RegenBspSourcesHandler.java:163)
	at com.xilinx.sdk.sw.ui.handlers.RegenBspSourcesHandler$1$1.run(RegenBspSourcesHandler.java:131)
	at org.eclipse.core.internal.resources.Workspace.run(Workspace.java:2240)
	at org.eclipse.core.internal.resources.Workspace.run(Workspace.java:2267)
	at com.xilinx.sdk.sw.ui.handlers.RegenBspSourcesHandler$1.run(RegenBspSourcesHandler.java:135)
	at org.eclipse.jface.operation.ModalContext$ModalContextThread.run(ModalContext.java:119)
Contains: Problems encountered while deleting files.
Contains: Could not delete: D:\On_MicroBlaze_Demo\demo.sdk\brick_breaker_bsp\microblaze_0\libsrc\bram_v4_2.
java.nio.file.AccessDeniedException: D:\On_MicroBlaze_Demo\demo.sdk\brick_breaker_bsp\microblaze_0\libsrc\bram_v4_2
	at sun.nio.fs.WindowsException.translateToIOException(WindowsException.java:83)
	at sun.nio.fs.WindowsException.rethrowAsIOException(WindowsException.java:97)
	at sun.nio.fs.WindowsException.rethrowAsIOException(WindowsException.java:102)
	at sun.nio.fs.WindowsFileSystemProvider.implDelete(WindowsFileSystemProvider.java:269)
	at sun.nio.fs.AbstractFileSystemProvider.deleteIfExists(AbstractFileSystemProvider.java:108)
	at java.nio.file.Files.deleteIfExists(Files.java:1165)
	at org.eclipse.core.internal.filesystem.local.LocalFile.internalDelete(LocalFile.java:218)
	at org.eclipse.core.internal.filesystem.local.LocalFile.internalDelete(LocalFile.java:238)
	at org.eclipse.core.internal.filesystem.local.LocalFile.internalDelete(LocalFile.java:238)
	at org.eclipse.core.internal.filesystem.local.LocalFile.delete(LocalFile.java:136)
	at org.eclipse.core.internal.localstore.DeleteVisitor.delete(DeleteVisitor.java:63)
	at org.eclipse.core.internal.localstore.DeleteVisitor.visit(DeleteVisitor.java:151)
	at org.eclipse.core.internal.localstore.UnifiedTree.accept(UnifiedTree.java:111)
	at org.eclipse.core.internal.localstore.FileSystemResourceManager.delete(FileSystemResourceManager.java:367)
	at org.eclipse.core.internal.resources.ResourceTree.internalDeleteFolder(ResourceTree.java:358)
	at org.eclipse.core.internal.resources.ResourceTree.standardDeleteFolder(ResourceTree.java:810)
	at org.eclipse.core.internal.resources.Resource.unprotectedDelete(Resource.java:1832)
	at org.eclipse.core.internal.resources.Resource.delete(Resource.java:782)
	at org.eclipse.core.internal.resources.Resource.delete(Resource.java:750)
	at com.xilinx.sdk.sw.ui.handlers.RegenBspSourcesHandler.internalGenerateBsp(RegenBspSourcesHandler.java:170)
	at com.xilinx.sdk.sw.ui.handlers.RegenBspSourcesHandler.access$2(RegenBspSourcesHandler.java:163)
	at com.xilinx.sdk.sw.ui.handlers.RegenBspSourcesHandler$1$1.run(RegenBspSourcesHandler.java:131)
	at org.eclipse.core.internal.resources.Workspace.run(Workspace.java:2240)
	at org.eclipse.core.internal.resources.Workspace.run(Workspace.java:2267)
	at com.xilinx.sdk.sw.ui.handlers.RegenBspSourcesHandler$1.run(RegenBspSourcesHandler.java:135)
	at org.eclipse.jface.operation.ModalContext$ModalContextThread.run(ModalContext.java:119)
Contains: Could not delete: D:\On_MicroBlaze_Demo\demo.sdk\brick_breaker_bsp\microblaze_0\libsrc.
Contains: Could not delete: D:\On_MicroBlaze_Demo\demo.sdk\brick_breaker_bsp\microblaze_0.
10:14:37 ERROR : Failed to regenerate sources for BSP project brick_breaker_bsp
org.eclipse.core.internal.resources.ResourceException: Problems encountered while deleting resources.
	at org.eclipse.core.internal.resources.Resource.delete(Resource.java:795)
	at org.eclipse.core.internal.resources.Resource.delete(Resource.java:750)
	at com.xilinx.sdk.sw.ui.handlers.RegenBspSourcesHandler.internalGenerateBsp(RegenBspSourcesHandler.java:170)
	at com.xilinx.sdk.sw.ui.handlers.RegenBspSourcesHandler.access$2(RegenBspSourcesHandler.java:163)
	at com.xilinx.sdk.sw.ui.handlers.RegenBspSourcesHandler$1$1.run(RegenBspSourcesHandler.java:131)
	at org.eclipse.core.internal.resources.Workspace.run(Workspace.java:2240)
	at org.eclipse.core.internal.resources.Workspace.run(Workspace.java:2267)
	at com.xilinx.sdk.sw.ui.handlers.RegenBspSourcesHandler$1.run(RegenBspSourcesHandler.java:135)
	at org.eclipse.jface.operation.ModalContext$ModalContextThread.run(ModalContext.java:119)
Contains: Could not delete '/brick_breaker_bsp/microblaze_0'.
org.eclipse.core.internal.resources.ResourceException: Problems encountered while deleting resources.
	at org.eclipse.core.internal.localstore.FileSystemResourceManager.delete(FileSystemResourceManager.java:370)
	at org.eclipse.core.internal.resources.ResourceTree.internalDeleteFolder(ResourceTree.java:358)
	at org.eclipse.core.internal.resources.ResourceTree.standardDeleteFolder(ResourceTree.java:810)
	at org.eclipse.core.internal.resources.Resource.unprotectedDelete(Resource.java:1832)
	at org.eclipse.core.internal.resources.Resource.delete(Resource.java:782)
	at org.eclipse.core.internal.resources.Resource.delete(Resource.java:750)
	at com.xilinx.sdk.sw.ui.handlers.RegenBspSourcesHandler.internalGenerateBsp(RegenBspSourcesHandler.java:170)
	at com.xilinx.sdk.sw.ui.handlers.RegenBspSourcesHandler.access$2(RegenBspSourcesHandler.java:163)
	at com.xilinx.sdk.sw.ui.handlers.RegenBspSourcesHandler$1$1.run(RegenBspSourcesHandler.java:131)
	at org.eclipse.core.internal.resources.Workspace.run(Workspace.java:2240)
	at org.eclipse.core.internal.resources.Workspace.run(Workspace.java:2267)
	at com.xilinx.sdk.sw.ui.handlers.RegenBspSourcesHandler$1.run(RegenBspSourcesHandler.java:135)
	at org.eclipse.jface.operation.ModalContext$ModalContextThread.run(ModalContext.java:119)
Contains: Problems encountered while deleting files.
Contains: Could not delete: D:\On_MicroBlaze_Demo\demo.sdk\brick_breaker_bsp\microblaze_0\libsrc\bram_v4_2.
java.nio.file.AccessDeniedException: D:\On_MicroBlaze_Demo\demo.sdk\brick_breaker_bsp\microblaze_0\libsrc\bram_v4_2
	at sun.nio.fs.WindowsException.translateToIOException(WindowsException.java:83)
	at sun.nio.fs.WindowsException.rethrowAsIOException(WindowsException.java:97)
	at sun.nio.fs.WindowsException.rethrowAsIOException(WindowsException.java:102)
	at sun.nio.fs.WindowsFileSystemProvider.implDelete(WindowsFileSystemProvider.java:269)
	at sun.nio.fs.AbstractFileSystemProvider.deleteIfExists(AbstractFileSystemProvider.java:108)
	at java.nio.file.Files.deleteIfExists(Files.java:1165)
	at org.eclipse.core.internal.filesystem.local.LocalFile.internalDelete(LocalFile.java:218)
	at org.eclipse.core.internal.filesystem.local.LocalFile.internalDelete(LocalFile.java:238)
	at org.eclipse.core.internal.filesystem.local.LocalFile.internalDelete(LocalFile.java:238)
	at org.eclipse.core.internal.filesystem.local.LocalFile.delete(LocalFile.java:136)
	at org.eclipse.core.internal.localstore.DeleteVisitor.delete(DeleteVisitor.java:63)
	at org.eclipse.core.internal.localstore.DeleteVisitor.visit(DeleteVisitor.java:151)
	at org.eclipse.core.internal.localstore.UnifiedTree.accept(UnifiedTree.java:111)
	at org.eclipse.core.internal.localstore.FileSystemResourceManager.delete(FileSystemResourceManager.java:367)
	at org.eclipse.core.internal.resources.ResourceTree.internalDeleteFolder(ResourceTree.java:358)
	at org.eclipse.core.internal.resources.ResourceTree.standardDeleteFolder(ResourceTree.java:810)
	at org.eclipse.core.internal.resources.Resource.unprotectedDelete(Resource.java:1832)
	at org.eclipse.core.internal.resources.Resource.delete(Resource.java:782)
	at org.eclipse.core.internal.resources.Resource.delete(Resource.java:750)
	at com.xilinx.sdk.sw.ui.handlers.RegenBspSourcesHandler.internalGenerateBsp(RegenBspSourcesHandler.java:170)
	at com.xilinx.sdk.sw.ui.handlers.RegenBspSourcesHandler.access$2(RegenBspSourcesHandler.java:163)
	at com.xilinx.sdk.sw.ui.handlers.RegenBspSourcesHandler$1$1.run(RegenBspSourcesHandler.java:131)
	at org.eclipse.core.internal.resources.Workspace.run(Workspace.java:2240)
	at org.eclipse.core.internal.resources.Workspace.run(Workspace.java:2267)
	at com.xilinx.sdk.sw.ui.handlers.RegenBspSourcesHandler$1.run(RegenBspSourcesHandler.java:135)
	at org.eclipse.jface.operation.ModalContext$ModalContextThread.run(ModalContext.java:119)
Contains: Could not delete: D:\On_MicroBlaze_Demo\demo.sdk\brick_breaker_bsp\microblaze_0\libsrc.
Contains: Could not delete: D:\On_MicroBlaze_Demo\demo.sdk\brick_breaker_bsp\microblaze_0.
10:14:39 ERROR : Failed to regenerate sources for BSP project brick_breaker_bsp
org.eclipse.core.internal.resources.ResourceException: Problems encountered while deleting resources.
	at org.eclipse.core.internal.resources.Resource.delete(Resource.java:795)
	at org.eclipse.core.internal.resources.Resource.delete(Resource.java:750)
	at com.xilinx.sdk.sw.ui.handlers.RegenBspSourcesHandler.internalGenerateBsp(RegenBspSourcesHandler.java:170)
	at com.xilinx.sdk.sw.ui.handlers.RegenBspSourcesHandler.access$2(RegenBspSourcesHandler.java:163)
	at com.xilinx.sdk.sw.ui.handlers.RegenBspSourcesHandler$1$1.run(RegenBspSourcesHandler.java:131)
	at org.eclipse.core.internal.resources.Workspace.run(Workspace.java:2240)
	at org.eclipse.core.internal.resources.Workspace.run(Workspace.java:2267)
	at com.xilinx.sdk.sw.ui.handlers.RegenBspSourcesHandler$1.run(RegenBspSourcesHandler.java:135)
	at org.eclipse.jface.operation.ModalContext$ModalContextThread.run(ModalContext.java:119)
Contains: Could not delete '/brick_breaker_bsp/microblaze_0'.
org.eclipse.core.internal.resources.ResourceException: Problems encountered while deleting resources.
	at org.eclipse.core.internal.localstore.FileSystemResourceManager.delete(FileSystemResourceManager.java:370)
	at org.eclipse.core.internal.resources.ResourceTree.internalDeleteFolder(ResourceTree.java:358)
	at org.eclipse.core.internal.resources.ResourceTree.standardDeleteFolder(ResourceTree.java:810)
	at org.eclipse.core.internal.resources.Resource.unprotectedDelete(Resource.java:1832)
	at org.eclipse.core.internal.resources.Resource.delete(Resource.java:782)
	at org.eclipse.core.internal.resources.Resource.delete(Resource.java:750)
	at com.xilinx.sdk.sw.ui.handlers.RegenBspSourcesHandler.internalGenerateBsp(RegenBspSourcesHandler.java:170)
	at com.xilinx.sdk.sw.ui.handlers.RegenBspSourcesHandler.access$2(RegenBspSourcesHandler.java:163)
	at com.xilinx.sdk.sw.ui.handlers.RegenBspSourcesHandler$1$1.run(RegenBspSourcesHandler.java:131)
	at org.eclipse.core.internal.resources.Workspace.run(Workspace.java:2240)
	at org.eclipse.core.internal.resources.Workspace.run(Workspace.java:2267)
	at com.xilinx.sdk.sw.ui.handlers.RegenBspSourcesHandler$1.run(RegenBspSourcesHandler.java:135)
	at org.eclipse.jface.operation.ModalContext$ModalContextThread.run(ModalContext.java:119)
Contains: Problems encountered while deleting files.
Contains: Could not delete: D:\On_MicroBlaze_Demo\demo.sdk\brick_breaker_bsp\microblaze_0\libsrc\bram_v4_2.
java.nio.file.AccessDeniedException: D:\On_MicroBlaze_Demo\demo.sdk\brick_breaker_bsp\microblaze_0\libsrc\bram_v4_2
	at sun.nio.fs.WindowsException.translateToIOException(WindowsException.java:83)
	at sun.nio.fs.WindowsException.rethrowAsIOException(WindowsException.java:97)
	at sun.nio.fs.WindowsException.rethrowAsIOException(WindowsException.java:102)
	at sun.nio.fs.WindowsFileSystemProvider.implDelete(WindowsFileSystemProvider.java:269)
	at sun.nio.fs.AbstractFileSystemProvider.deleteIfExists(AbstractFileSystemProvider.java:108)
	at java.nio.file.Files.deleteIfExists(Files.java:1165)
	at org.eclipse.core.internal.filesystem.local.LocalFile.internalDelete(LocalFile.java:218)
	at org.eclipse.core.internal.filesystem.local.LocalFile.internalDelete(LocalFile.java:238)
	at org.eclipse.core.internal.filesystem.local.LocalFile.internalDelete(LocalFile.java:238)
	at org.eclipse.core.internal.filesystem.local.LocalFile.delete(LocalFile.java:136)
	at org.eclipse.core.internal.localstore.DeleteVisitor.delete(DeleteVisitor.java:63)
	at org.eclipse.core.internal.localstore.DeleteVisitor.visit(DeleteVisitor.java:151)
	at org.eclipse.core.internal.localstore.UnifiedTree.accept(UnifiedTree.java:111)
	at org.eclipse.core.internal.localstore.FileSystemResourceManager.delete(FileSystemResourceManager.java:367)
	at org.eclipse.core.internal.resources.ResourceTree.internalDeleteFolder(ResourceTree.java:358)
	at org.eclipse.core.internal.resources.ResourceTree.standardDeleteFolder(ResourceTree.java:810)
	at org.eclipse.core.internal.resources.Resource.unprotectedDelete(Resource.java:1832)
	at org.eclipse.core.internal.resources.Resource.delete(Resource.java:782)
	at org.eclipse.core.internal.resources.Resource.delete(Resource.java:750)
	at com.xilinx.sdk.sw.ui.handlers.RegenBspSourcesHandler.internalGenerateBsp(RegenBspSourcesHandler.java:170)
	at com.xilinx.sdk.sw.ui.handlers.RegenBspSourcesHandler.access$2(RegenBspSourcesHandler.java:163)
	at com.xilinx.sdk.sw.ui.handlers.RegenBspSourcesHandler$1$1.run(RegenBspSourcesHandler.java:131)
	at org.eclipse.core.internal.resources.Workspace.run(Workspace.java:2240)
	at org.eclipse.core.internal.resources.Workspace.run(Workspace.java:2267)
	at com.xilinx.sdk.sw.ui.handlers.RegenBspSourcesHandler$1.run(RegenBspSourcesHandler.java:135)
	at org.eclipse.jface.operation.ModalContext$ModalContextThread.run(ModalContext.java:119)
Contains: Could not delete: D:\On_MicroBlaze_Demo\demo.sdk\brick_breaker_bsp\microblaze_0\libsrc.
Contains: Could not delete: D:\On_MicroBlaze_Demo\demo.sdk\brick_breaker_bsp\microblaze_0.
10:18:30 INFO  : Registering command handlers for SDK TCF services
10:18:31 INFO  : Launching XSCT server: xsct.bat -interactive D:\On_MicroBlaze_Demo\demo.sdk\temp_xsdb_launch_script.tcl
10:18:33 INFO  : XSCT server has started successfully.
10:18:33 INFO  : Successfully done setting XSCT server connection channel  
10:18:34 INFO  : Successfully done setting SDK workspace  
10:18:34 INFO  : Processing command line option -hwspec D:/On_MicroBlaze_Demo/demo.sdk/design_1_wrapper.hdf.
10:18:34 INFO  : Checking for hwspec changes in the project design_1_wrapper_hw_platform_0.
10:19:06 ERROR : Unexpected error occurred during generating bsp sources
java.lang.reflect.InvocationTargetException
	at org.eclipse.jface.operation.ModalContext.run(ModalContext.java:398)
	at org.eclipse.jface.dialogs.ProgressMonitorDialog.run(ProgressMonitorDialog.java:481)
	at org.eclipse.ui.internal.progress.ProgressMonitorJobsDialog.run(ProgressMonitorJobsDialog.java:242)
	at org.eclipse.ui.internal.progress.ProgressManager$3.run(ProgressManager.java:895)
	at org.eclipse.swt.custom.BusyIndicator.showWhile(BusyIndicator.java:70)
	at org.eclipse.ui.internal.progress.ProgressManager.busyCursorWhile(ProgressManager.java:930)
	at org.eclipse.ui.internal.progress.ProgressManager.busyCursorWhile(ProgressManager.java:905)
	at org.eclipse.ui.internal.progress.ProgressManager.run(ProgressManager.java:1078)
	at com.xilinx.sdk.sw.ui.handlers.RegenBspSourcesHandler.execute(RegenBspSourcesHandler.java:124)
	at com.xilinx.sdk.sw.ui.handlers.RegenBspSourcesHandler.execute(RegenBspSourcesHandler.java:78)
	at org.eclipse.ui.internal.handlers.HandlerProxy.execute(HandlerProxy.java:295)
	at org.eclipse.ui.internal.handlers.E4HandlerProxy.execute(E4HandlerProxy.java:90)
	at sun.reflect.NativeMethodAccessorImpl.invoke0(Native Method)
	at sun.reflect.NativeMethodAccessorImpl.invoke(NativeMethodAccessorImpl.java:62)
	at sun.reflect.DelegatingMethodAccessorImpl.invoke(DelegatingMethodAccessorImpl.java:43)
	at java.lang.reflect.Method.invoke(Method.java:498)
	at org.eclipse.e4.core.internal.di.MethodRequestor.execute(MethodRequestor.java:55)
	at org.eclipse.e4.core.internal.di.InjectorImpl.invokeUsingClass(InjectorImpl.java:282)
	at org.eclipse.e4.core.internal.di.InjectorImpl.invoke(InjectorImpl.java:264)
	at org.eclipse.e4.core.contexts.ContextInjectionFactory.invoke(ContextInjectionFactory.java:132)
	at org.eclipse.e4.core.commands.internal.HandlerServiceHandler.execute(HandlerServiceHandler.java:152)
	at org.eclipse.core.commands.Command.executeWithChecks(Command.java:494)
	at org.eclipse.core.commands.ParameterizedCommand.executeWithChecks(ParameterizedCommand.java:488)
	at org.eclipse.e4.core.commands.internal.HandlerServiceImpl.executeHandler(HandlerServiceImpl.java:210)
	at org.eclipse.e4.ui.workbench.renderers.swt.HandledContributionItem.executeItem(HandledContributionItem.java:433)
	at org.eclipse.e4.ui.workbench.renderers.swt.AbstractContributionItem.handleWidgetSelection(AbstractContributionItem.java:454)
	at org.eclipse.e4.ui.workbench.renderers.swt.AbstractContributionItem$3.handleEvent(AbstractContributionItem.java:482)
	at org.eclipse.swt.widgets.EventTable.sendEvent(EventTable.java:84)
	at org.eclipse.swt.widgets.Display.sendEvent(Display.java:4410)
	at org.eclipse.swt.widgets.Widget.sendEvent(Widget.java:1079)
	at org.eclipse.swt.widgets.Display.runDeferredEvents(Display.java:4228)
	at org.eclipse.swt.widgets.Display.readAndDispatch(Display.java:3816)
	at org.eclipse.e4.ui.internal.workbench.swt.PartRenderingEngine$4.run(PartRenderingEngine.java:1121)
	at org.eclipse.core.databinding.observable.Realm.runWithDefault(Realm.java:336)
	at org.eclipse.e4.ui.internal.workbench.swt.PartRenderingEngine.run(PartRenderingEngine.java:1022)
	at org.eclipse.e4.ui.internal.workbench.E4Workbench.createAndRunUI(E4Workbench.java:150)
	at org.eclipse.ui.internal.Workbench$5.run(Workbench.java:687)
	at org.eclipse.core.databinding.observable.Realm.runWithDefault(Realm.java:336)
	at org.eclipse.ui.internal.Workbench.createAndRunWorkbench(Workbench.java:604)
	at org.eclipse.ui.PlatformUI.createAndRunWorkbench(PlatformUI.java:148)
	at org.eclipse.ui.internal.ide.application.IDEApplication.start(IDEApplication.java:138)
	at org.eclipse.equinox.internal.app.EclipseAppHandle.run(EclipseAppHandle.java:196)
	at org.eclipse.core.runtime.internal.adaptor.EclipseAppLauncher.runApplication(EclipseAppLauncher.java:134)
	at org.eclipse.core.runtime.internal.adaptor.EclipseAppLauncher.start(EclipseAppLauncher.java:104)
	at org.eclipse.core.runtime.adaptor.EclipseStarter.run(EclipseStarter.java:388)
	at org.eclipse.core.runtime.adaptor.EclipseStarter.run(EclipseStarter.java:243)
	at sun.reflect.NativeMethodAccessorImpl.invoke0(Native Method)
	at sun.reflect.NativeMethodAccessorImpl.invoke(NativeMethodAccessorImpl.java:62)
	at sun.reflect.DelegatingMethodAccessorImpl.invoke(DelegatingMethodAccessorImpl.java:43)
	at java.lang.reflect.Method.invoke(Method.java:498)
	at org.eclipse.equinox.launcher.Main.invokeFramework(Main.java:673)
	at org.eclipse.equinox.launcher.Main.basicRun(Main.java:610)
	at org.eclipse.equinox.launcher.Main.run(Main.java:1519)
Caused by: java.lang.NullPointerException
	at com.xilinx.sdk.sw.ui.handlers.RegenBspSourcesHandler$1.run(RegenBspSourcesHandler.java:135)
	at org.eclipse.jface.operation.ModalContext$ModalContextThread.run(ModalContext.java:119)
10:26:53 INFO  : Registering command handlers for SDK TCF services
10:26:54 INFO  : Launching XSCT server: xsct.bat -interactive D:\On_MicroBlaze_Demo\demo.sdk\temp_xsdb_launch_script.tcl
10:26:58 INFO  : XSCT server has started successfully.
10:26:59 INFO  : Successfully done setting XSCT server connection channel  
10:26:59 INFO  : Processing command line option -hwspec D:/On_MicroBlaze_Demo/demo.sdk/design_1_wrapper.hdf.
10:26:59 INFO  : Successfully done setting SDK workspace  
10:26:59 INFO  : Checking for hwspec changes in the project design_1_wrapper_hw_platform_0.
10:29:30 INFO  : Refreshed build settings on project brick_breaker
10:35:18 INFO  : Connected to target on host '127.0.0.1' and port '3121'.
10:35:19 INFO  : 'targets -set -filter {jtag_cable_name =~ "Digilent Nexys4DDR 210292645861A" && level==0} -index 0' command is executed.
10:35:22 INFO  : FPGA configured successfully with bitstream "D:/On_MicroBlaze_Demo/demo.sdk/design_1_wrapper_hw_platform_0/download.bit"
10:39:28 INFO  : Connected to target on host '127.0.0.1' and port '3121'.
10:39:28 INFO  : 'targets -set -filter {jtag_cable_name =~ "Digilent Nexys4DDR 210292645861A" && level==0} -index 0' command is executed.
10:39:31 INFO  : FPGA configured successfully with bitstream "D:/On_MicroBlaze_Demo/demo.sdk/design_1_wrapper_hw_platform_0/download.bit"
10:42:58 INFO  : 'targets -set -filter {jtag_cable_name =~ "Digilent Nexys4DDR 210292645861A" && level==0} -index 0' command is executed.
10:42:58 INFO  : 'fpga -state' command is executed.
10:42:58 INFO  : Connected to target on host '127.0.0.1' and port '3121'.
10:42:59 INFO  : Jtag cable 'Digilent Nexys4DDR 210292645861A' is selected.
10:42:59 INFO  : 'jtag frequency' command is executed.
10:42:59 INFO  : 'configparams mdm-detect-bscan-mask 2' command is executed.
10:42:59 INFO  : Context for processor 'microblaze_0' is selected.
10:42:59 INFO  : Processor reset is completed for 'microblaze_0'.
10:42:59 INFO  : Context for processor 'microblaze_0' is selected.
10:42:59 INFO  : The application 'D:/On_MicroBlaze_Demo/demo.sdk/brick_breaker/Debug/brick_breaker.elf' is downloaded to processor 'microblaze_0'.
10:42:59 INFO  : ----------------XSDB Script----------------
connect -url tcp:127.0.0.1:3121
configparams mdm-detect-bscan-mask 2
targets -set -nocase -filter {name =~ "microblaze*#0" && bscan=="USER2"  && jtag_cable_name =~ "Digilent Nexys4DDR 210292645861A"} -index 0
rst -processor
targets -set -nocase -filter {name =~ "microblaze*#0" && bscan=="USER2"  && jtag_cable_name =~ "Digilent Nexys4DDR 210292645861A"} -index 0
dow D:/On_MicroBlaze_Demo/demo.sdk/brick_breaker/Debug/brick_breaker.elf
----------------End of Script----------------

10:42:59 INFO  : Context for processor 'microblaze_0' is selected.
10:42:59 INFO  : 'con' command is executed.
10:42:59 INFO  : ----------------XSDB Script (After Launch)----------------
targets -set -nocase -filter {name =~ "microblaze*#0" && bscan=="USER2"  && jtag_cable_name =~ "Digilent Nexys4DDR 210292645861A"} -index 0
con
----------------End of Script----------------

10:42:59 INFO  : Disconnected from the channel tcfchan#1.
10:56:54 INFO  : Connected to target on host '127.0.0.1' and port '3121'.
10:56:54 INFO  : 'targets -set -filter {jtag_cable_name =~ "Digilent Nexys4DDR 210292645861A" && level==0} -index 0' command is executed.
10:56:57 INFO  : FPGA configured successfully with bitstream "D:/On_MicroBlaze_Demo/demo.sdk/design_1_wrapper_hw_platform_0/download.bit"
10:57:48 INFO  : 'targets -set -filter {jtag_cable_name =~ "Digilent Nexys4DDR 210292645861A" && level==0} -index 0' command is executed.
10:57:48 INFO  : 'fpga -state' command is executed.
10:57:48 INFO  : Connected to target on host '127.0.0.1' and port '3121'.
10:57:49 INFO  : Jtag cable 'Digilent Nexys4DDR 210292645861A' is selected.
10:57:49 INFO  : 'jtag frequency' command is executed.
10:57:49 INFO  : 'configparams mdm-detect-bscan-mask 2' command is executed.
10:57:49 INFO  : Context for processor 'microblaze_0' is selected.
10:57:49 INFO  : Processor reset is completed for 'microblaze_0'.
10:57:49 INFO  : Context for processor 'microblaze_0' is selected.
10:57:49 INFO  : The application 'D:/On_MicroBlaze_Demo/demo.sdk/brick_breaker/Debug/brick_breaker.elf' is downloaded to processor 'microblaze_0'.
10:57:49 INFO  : ----------------XSDB Script----------------
connect -url tcp:127.0.0.1:3121
configparams mdm-detect-bscan-mask 2
targets -set -nocase -filter {name =~ "microblaze*#0" && bscan=="USER2"  && jtag_cable_name =~ "Digilent Nexys4DDR 210292645861A"} -index 0
rst -processor
targets -set -nocase -filter {name =~ "microblaze*#0" && bscan=="USER2"  && jtag_cable_name =~ "Digilent Nexys4DDR 210292645861A"} -index 0
dow D:/On_MicroBlaze_Demo/demo.sdk/brick_breaker/Debug/brick_breaker.elf
----------------End of Script----------------

10:57:49 INFO  : Context for processor 'microblaze_0' is selected.
10:57:49 INFO  : 'con' command is executed.
10:57:49 INFO  : ----------------XSDB Script (After Launch)----------------
targets -set -nocase -filter {name =~ "microblaze*#0" && bscan=="USER2"  && jtag_cable_name =~ "Digilent Nexys4DDR 210292645861A"} -index 0
con
----------------End of Script----------------

10:57:49 INFO  : Disconnected from the channel tcfchan#2.
11:58:52 INFO  : Connected to target on host '127.0.0.1' and port '3121'.
11:58:52 INFO  : 'targets -set -filter {jtag_cable_name =~ "Digilent Nexys4DDR 210292645861A" && level==0} -index 0' command is executed.
11:58:55 INFO  : FPGA configured successfully with bitstream "D:/On_MicroBlaze_Demo/demo.sdk/design_1_wrapper_hw_platform_0/download.bit"
11:59:20 INFO  : 'targets -set -filter {jtag_cable_name =~ "Digilent Nexys4DDR 210292645861A" && level==0} -index 0' command is executed.
11:59:20 INFO  : 'fpga -state' command is executed.
11:59:20 INFO  : Connected to target on host '127.0.0.1' and port '3121'.
11:59:20 INFO  : Jtag cable 'Digilent Nexys4DDR 210292645861A' is selected.
11:59:20 INFO  : 'jtag frequency' command is executed.
11:59:20 INFO  : 'configparams mdm-detect-bscan-mask 2' command is executed.
11:59:20 INFO  : Context for processor 'microblaze_0' is selected.
11:59:20 INFO  : Processor reset is completed for 'microblaze_0'.
11:59:20 INFO  : Context for processor 'microblaze_0' is selected.
11:59:21 INFO  : The application 'D:/On_MicroBlaze_Demo/demo.sdk/brick_breaker/Debug/brick_breaker.elf' is downloaded to processor 'microblaze_0'.
11:59:21 INFO  : ----------------XSDB Script----------------
connect -url tcp:127.0.0.1:3121
configparams mdm-detect-bscan-mask 2
targets -set -nocase -filter {name =~ "microblaze*#0" && bscan=="USER2"  && jtag_cable_name =~ "Digilent Nexys4DDR 210292645861A"} -index 0
rst -processor
targets -set -nocase -filter {name =~ "microblaze*#0" && bscan=="USER2"  && jtag_cable_name =~ "Digilent Nexys4DDR 210292645861A"} -index 0
dow D:/On_MicroBlaze_Demo/demo.sdk/brick_breaker/Debug/brick_breaker.elf
----------------End of Script----------------

11:59:21 INFO  : Context for processor 'microblaze_0' is selected.
11:59:21 INFO  : 'con' command is executed.
11:59:21 INFO  : ----------------XSDB Script (After Launch)----------------
targets -set -nocase -filter {name =~ "microblaze*#0" && bscan=="USER2"  && jtag_cable_name =~ "Digilent Nexys4DDR 210292645861A"} -index 0
con
----------------End of Script----------------

11:59:21 INFO  : Disconnected from the channel tcfchan#3.
12:34:03 INFO  : Connected to target on host '127.0.0.1' and port '3121'.
12:34:06 INFO  : 'targets -set -filter {jtag_cable_name =~ "Digilent Nexys4DDR 210292645861A" && level==0} -index 0' command is executed.
12:34:08 INFO  : FPGA configured successfully with bitstream "D:/On_MicroBlaze_Demo/demo.sdk/design_1_wrapper_hw_platform_0/download.bit"
12:34:46 INFO  : 'targets -set -filter {jtag_cable_name =~ "Digilent Nexys4DDR 210292645861A" && level==0} -index 0' command is executed.
12:34:46 INFO  : 'fpga -state' command is executed.
12:34:46 INFO  : Connected to target on host '127.0.0.1' and port '3121'.
12:34:47 INFO  : Jtag cable 'Digilent Nexys4DDR 210292645861A' is selected.
12:34:47 INFO  : 'jtag frequency' command is executed.
12:34:47 INFO  : 'configparams mdm-detect-bscan-mask 2' command is executed.
12:34:47 INFO  : Context for processor 'microblaze_0' is selected.
12:34:47 INFO  : Processor reset is completed for 'microblaze_0'.
12:34:47 INFO  : Context for processor 'microblaze_0' is selected.
12:34:47 INFO  : The application 'D:/On_MicroBlaze_Demo/demo.sdk/brick_breaker/Debug/brick_breaker.elf' is downloaded to processor 'microblaze_0'.
12:34:47 INFO  : ----------------XSDB Script----------------
connect -url tcp:127.0.0.1:3121
configparams mdm-detect-bscan-mask 2
targets -set -nocase -filter {name =~ "microblaze*#0" && bscan=="USER2"  && jtag_cable_name =~ "Digilent Nexys4DDR 210292645861A"} -index 0
rst -processor
targets -set -nocase -filter {name =~ "microblaze*#0" && bscan=="USER2"  && jtag_cable_name =~ "Digilent Nexys4DDR 210292645861A"} -index 0
dow D:/On_MicroBlaze_Demo/demo.sdk/brick_breaker/Debug/brick_breaker.elf
----------------End of Script----------------

12:34:47 INFO  : Context for processor 'microblaze_0' is selected.
12:34:47 INFO  : 'con' command is executed.
12:34:47 INFO  : ----------------XSDB Script (After Launch)----------------
targets -set -nocase -filter {name =~ "microblaze*#0" && bscan=="USER2"  && jtag_cable_name =~ "Digilent Nexys4DDR 210292645861A"} -index 0
con
----------------End of Script----------------

12:34:47 INFO  : Disconnected from the channel tcfchan#4.
12:11:29 INFO  : Registering command handlers for SDK TCF services
12:11:30 INFO  : Launching XSCT server: xsct.bat -interactive D:\On_MicroBlaze_Demo\demo.sdk\temp_xsdb_launch_script.tcl
12:11:34 INFO  : XSCT server has started successfully.
12:11:34 INFO  : Successfully done setting XSCT server connection channel  
12:11:36 INFO  : Processing command line option -hwspec D:/On_MicroBlaze_Demo/demo.sdk/design_1_wrapper.hdf.
12:11:36 INFO  : Successfully done setting SDK workspace  
12:11:36 INFO  : Checking for hwspec changes in the project design_1_wrapper_hw_platform_0.
12:13:04 INFO  : Registering command handlers for SDK TCF services
12:13:04 INFO  : Launching XSCT server: xsct.bat -interactive D:\On_MicroBlaze_Demo\demo.sdk\temp_xsdb_launch_script.tcl
12:13:06 INFO  : XSCT server has started successfully.
12:13:07 INFO  : Processing command line option -hwspec D:/On_MicroBlaze_Demo/demo.sdk/design_1_wrapper.hdf.
12:13:07 INFO  : Successfully done setting XSCT server connection channel  
12:13:07 INFO  : Successfully done setting SDK workspace  
12:13:07 INFO  : Checking for hwspec changes in the project design_1_wrapper_hw_platform_0.
