
*** Running vivado
    with args -log design_1_graphics_module_0_0.vds -m64 -product Vivado -mode batch -messageDb vivado.pb -notrace -source design_1_graphics_module_0_0.tcl


****** Vivado v2018.1 (64-bit)
  **** SW Build 2188600 on Wed Apr  4 18:40:38 MDT 2018
  **** IP Build 2185939 on Wed Apr  4 20:55:05 MDT 2018
    ** Copyright 1986-2018 Xilinx, Inc. All Rights Reserved.

source design_1_graphics_module_0_0.tcl -notrace
Command: synth_design -top design_1_graphics_module_0_0 -part xc7a100tcsg324-1 -mode out_of_context
Starting synth_design
Attempting to get a license for feature 'Synthesis' and/or device 'xc7a100t'
INFO: [Common 17-349] Got license for feature 'Synthesis' and/or device 'xc7a100t'
INFO: Launching helper process for spawning children vivado processes
INFO: Helper process launched with PID 32884 
---------------------------------------------------------------------------------
Starting RTL Elaboration : Time (s): cpu = 00:00:10 ; elapsed = 00:00:11 . Memory (MB): peak = 415.961 ; gain = 100.961
---------------------------------------------------------------------------------
INFO: [Synth 8-6157] synthesizing module 'design_1_graphics_module_0_0' [d:/On-MicroBlaze Demo/demo.srcs/sources_1/bd/design_1/ip/design_1_graphics_module_0_0/synth/design_1_graphics_module_0_0.v:57]
INFO: [Synth 8-6157] synthesizing module 'design_1_wrapper' [d:/On-MicroBlaze Demo/demo.srcs/sources_1/bd/design_1/ipshared/IPs/graphics_module/graphics_module.srcs/sources_1/bd/design_1/hdl/design_1_wrapper.v:12]
INFO: [Synth 8-6157] synthesizing module 'design_1' [d:/On-MicroBlaze Demo/demo.srcs/sources_1/bd/design_1/ipshared/IPs/graphics_module/graphics_module.srcs/sources_1/bd/design_1/synth/design_1.v:13]
INFO: [Synth 8-638] synthesizing module 'design_1_blk_mem_gen_0_0' [d:/On-MicroBlaze Demo/demo.srcs/sources_1/bd/design_1/ip/IPs/graphics_module/graphics_module.srcs/sources_1/bd/design_1/ip/design_1_blk_mem_gen_0_0/synth/design_1_blk_mem_gen_0_0.vhd:72]
	Parameter C_FAMILY bound to: artix7 - type: string 
	Parameter C_XDEVICEFAMILY bound to: artix7 - type: string 
	Parameter C_ELABORATION_DIR bound to: ./ - type: string 
	Parameter C_INTERFACE_TYPE bound to: 0 - type: integer 
	Parameter C_AXI_TYPE bound to: 1 - type: integer 
	Parameter C_AXI_SLAVE_TYPE bound to: 0 - type: integer 
	Parameter C_USE_BRAM_BLOCK bound to: 0 - type: integer 
	Parameter C_ENABLE_32BIT_ADDRESS bound to: 0 - type: integer 
	Parameter C_CTRL_ECC_ALGO bound to: NONE - type: string 
	Parameter C_HAS_AXI_ID bound to: 0 - type: integer 
	Parameter C_AXI_ID_WIDTH bound to: 4 - type: integer 
	Parameter C_MEM_TYPE bound to: 1 - type: integer 
	Parameter C_BYTE_SIZE bound to: 9 - type: integer 
	Parameter C_ALGORITHM bound to: 1 - type: integer 
	Parameter C_PRIM_TYPE bound to: 1 - type: integer 
	Parameter C_LOAD_INIT_FILE bound to: 1 - type: integer 
	Parameter C_INIT_FILE_NAME bound to: design_1_blk_mem_gen_0_0.mif - type: string 
	Parameter C_INIT_FILE bound to: NONE - type: string 
	Parameter C_USE_DEFAULT_DATA bound to: 1 - type: integer 
	Parameter C_DEFAULT_DATA bound to: 0 - type: string 
	Parameter C_HAS_RSTA bound to: 0 - type: integer 
	Parameter C_RST_PRIORITY_A bound to: CE - type: string 
	Parameter C_RSTRAM_A bound to: 0 - type: integer 
	Parameter C_INITA_VAL bound to: 0 - type: string 
	Parameter C_HAS_ENA bound to: 1 - type: integer 
	Parameter C_HAS_REGCEA bound to: 0 - type: integer 
	Parameter C_USE_BYTE_WEA bound to: 0 - type: integer 
	Parameter C_WEA_WIDTH bound to: 1 - type: integer 
	Parameter C_WRITE_MODE_A bound to: READ_FIRST - type: string 
	Parameter C_WRITE_WIDTH_A bound to: 13 - type: integer 
	Parameter C_READ_WIDTH_A bound to: 13 - type: integer 
	Parameter C_WRITE_DEPTH_A bound to: 307200 - type: integer 
	Parameter C_READ_DEPTH_A bound to: 307200 - type: integer 
	Parameter C_ADDRA_WIDTH bound to: 19 - type: integer 
	Parameter C_HAS_RSTB bound to: 0 - type: integer 
	Parameter C_RST_PRIORITY_B bound to: CE - type: string 
	Parameter C_RSTRAM_B bound to: 0 - type: integer 
	Parameter C_INITB_VAL bound to: 0 - type: string 
	Parameter C_HAS_ENB bound to: 0 - type: integer 
	Parameter C_HAS_REGCEB bound to: 0 - type: integer 
	Parameter C_USE_BYTE_WEB bound to: 0 - type: integer 
	Parameter C_WEB_WIDTH bound to: 1 - type: integer 
	Parameter C_WRITE_MODE_B bound to: READ_FIRST - type: string 
	Parameter C_WRITE_WIDTH_B bound to: 13 - type: integer 
	Parameter C_READ_WIDTH_B bound to: 13 - type: integer 
	Parameter C_WRITE_DEPTH_B bound to: 307200 - type: integer 
	Parameter C_READ_DEPTH_B bound to: 307200 - type: integer 
	Parameter C_ADDRB_WIDTH bound to: 19 - type: integer 
	Parameter C_HAS_MEM_OUTPUT_REGS_A bound to: 0 - type: integer 
	Parameter C_HAS_MEM_OUTPUT_REGS_B bound to: 0 - type: integer 
	Parameter C_HAS_MUX_OUTPUT_REGS_A bound to: 0 - type: integer 
	Parameter C_HAS_MUX_OUTPUT_REGS_B bound to: 0 - type: integer 
	Parameter C_MUX_PIPELINE_STAGES bound to: 0 - type: integer 
	Parameter C_HAS_SOFTECC_INPUT_REGS_A bound to: 0 - type: integer 
	Parameter C_HAS_SOFTECC_OUTPUT_REGS_B bound to: 0 - type: integer 
	Parameter C_USE_SOFTECC bound to: 0 - type: integer 
	Parameter C_USE_ECC bound to: 0 - type: integer 
	Parameter C_EN_ECC_PIPE bound to: 0 - type: integer 
	Parameter C_HAS_INJECTERR bound to: 0 - type: integer 
	Parameter C_SIM_COLLISION_CHECK bound to: ALL - type: string 
	Parameter C_COMMON_CLK bound to: 1 - type: integer 
	Parameter C_DISABLE_WARN_BHV_COLL bound to: 0 - type: integer 
	Parameter C_EN_SLEEP_PIN bound to: 0 - type: integer 
	Parameter C_USE_URAM bound to: 0 - type: integer 
	Parameter C_EN_RDADDRA_CHG bound to: 0 - type: integer 
	Parameter C_EN_RDADDRB_CHG bound to: 0 - type: integer 
	Parameter C_EN_DEEPSLEEP_PIN bound to: 0 - type: integer 
	Parameter C_EN_SHUTDOWN_PIN bound to: 0 - type: integer 
	Parameter C_EN_SAFETY_CKT bound to: 0 - type: integer 
	Parameter C_DISABLE_WARN_BHV_RANGE bound to: 0 - type: integer 
	Parameter C_COUNT_36K_BRAM bound to: 111 - type: string 
	Parameter C_COUNT_18K_BRAM bound to: 3 - type: string 
	Parameter C_EST_POWER_SUMMARY bound to: Estimated Power for IP     :     24.196292 mW - type: string 
INFO: [Synth 8-3491] module 'blk_mem_gen_v8_4_1' declared at 'd:/On-MicroBlaze Demo/demo.srcs/sources_1/bd/design_1/ip/IPs/graphics_module/graphics_module.srcs/sources_1/bd/design_1/ipshared/67d8/hdl/blk_mem_gen_v8_4_vhsyn_rfs.vhd:195313' bound to instance 'U0' of component 'blk_mem_gen_v8_4_1' [d:/On-MicroBlaze Demo/demo.srcs/sources_1/bd/design_1/ip/IPs/graphics_module/graphics_module.srcs/sources_1/bd/design_1/ip/design_1_blk_mem_gen_0_0/synth/design_1_blk_mem_gen_0_0.vhd:239]
INFO: [Synth 8-256] done synthesizing module 'design_1_blk_mem_gen_0_0' (11#1) [d:/On-MicroBlaze Demo/demo.srcs/sources_1/bd/design_1/ip/IPs/graphics_module/graphics_module.srcs/sources_1/bd/design_1/ip/design_1_blk_mem_gen_0_0/synth/design_1_blk_mem_gen_0_0.vhd:72]
INFO: [Synth 8-638] synthesizing module 'design_1_blk_mem_gen_1_0' [d:/On-MicroBlaze Demo/demo.srcs/sources_1/bd/design_1/ip/IPs/graphics_module/graphics_module.srcs/sources_1/bd/design_1/ip/design_1_blk_mem_gen_1_0/synth/design_1_blk_mem_gen_1_0.vhd:67]
	Parameter C_FAMILY bound to: artix7 - type: string 
	Parameter C_XDEVICEFAMILY bound to: artix7 - type: string 
	Parameter C_ELABORATION_DIR bound to: ./ - type: string 
	Parameter C_INTERFACE_TYPE bound to: 0 - type: integer 
	Parameter C_AXI_TYPE bound to: 1 - type: integer 
	Parameter C_AXI_SLAVE_TYPE bound to: 0 - type: integer 
	Parameter C_USE_BRAM_BLOCK bound to: 0 - type: integer 
	Parameter C_ENABLE_32BIT_ADDRESS bound to: 0 - type: integer 
	Parameter C_CTRL_ECC_ALGO bound to: NONE - type: string 
	Parameter C_HAS_AXI_ID bound to: 0 - type: integer 
	Parameter C_AXI_ID_WIDTH bound to: 4 - type: integer 
	Parameter C_MEM_TYPE bound to: 3 - type: integer 
	Parameter C_BYTE_SIZE bound to: 9 - type: integer 
	Parameter C_ALGORITHM bound to: 1 - type: integer 
	Parameter C_PRIM_TYPE bound to: 1 - type: integer 
	Parameter C_LOAD_INIT_FILE bound to: 1 - type: integer 
	Parameter C_INIT_FILE_NAME bound to: design_1_blk_mem_gen_1_0.mif - type: string 
	Parameter C_INIT_FILE bound to: NONE - type: string 
	Parameter C_USE_DEFAULT_DATA bound to: 1 - type: integer 
	Parameter C_DEFAULT_DATA bound to: 0 - type: string 
	Parameter C_HAS_RSTA bound to: 0 - type: integer 
	Parameter C_RST_PRIORITY_A bound to: CE - type: string 
	Parameter C_RSTRAM_A bound to: 0 - type: integer 
	Parameter C_INITA_VAL bound to: 0 - type: string 
	Parameter C_HAS_ENA bound to: 0 - type: integer 
	Parameter C_HAS_REGCEA bound to: 0 - type: integer 
	Parameter C_USE_BYTE_WEA bound to: 0 - type: integer 
	Parameter C_WEA_WIDTH bound to: 1 - type: integer 
	Parameter C_WRITE_MODE_A bound to: WRITE_FIRST - type: string 
	Parameter C_WRITE_WIDTH_A bound to: 1 - type: integer 
	Parameter C_READ_WIDTH_A bound to: 1 - type: integer 
	Parameter C_WRITE_DEPTH_A bound to: 1089 - type: integer 
	Parameter C_READ_DEPTH_A bound to: 1089 - type: integer 
	Parameter C_ADDRA_WIDTH bound to: 11 - type: integer 
	Parameter C_HAS_RSTB bound to: 0 - type: integer 
	Parameter C_RST_PRIORITY_B bound to: CE - type: string 
	Parameter C_RSTRAM_B bound to: 0 - type: integer 
	Parameter C_INITB_VAL bound to: 0 - type: string 
	Parameter C_HAS_ENB bound to: 0 - type: integer 
	Parameter C_HAS_REGCEB bound to: 0 - type: integer 
	Parameter C_USE_BYTE_WEB bound to: 0 - type: integer 
	Parameter C_WEB_WIDTH bound to: 1 - type: integer 
	Parameter C_WRITE_MODE_B bound to: WRITE_FIRST - type: string 
	Parameter C_WRITE_WIDTH_B bound to: 1 - type: integer 
	Parameter C_READ_WIDTH_B bound to: 1 - type: integer 
	Parameter C_WRITE_DEPTH_B bound to: 1089 - type: integer 
	Parameter C_READ_DEPTH_B bound to: 1089 - type: integer 
	Parameter C_ADDRB_WIDTH bound to: 11 - type: integer 
	Parameter C_HAS_MEM_OUTPUT_REGS_A bound to: 0 - type: integer 
	Parameter C_HAS_MEM_OUTPUT_REGS_B bound to: 0 - type: integer 
	Parameter C_HAS_MUX_OUTPUT_REGS_A bound to: 0 - type: integer 
	Parameter C_HAS_MUX_OUTPUT_REGS_B bound to: 0 - type: integer 
	Parameter C_MUX_PIPELINE_STAGES bound to: 0 - type: integer 
	Parameter C_HAS_SOFTECC_INPUT_REGS_A bound to: 0 - type: integer 
	Parameter C_HAS_SOFTECC_OUTPUT_REGS_B bound to: 0 - type: integer 
	Parameter C_USE_SOFTECC bound to: 0 - type: integer 
	Parameter C_USE_ECC bound to: 0 - type: integer 
	Parameter C_EN_ECC_PIPE bound to: 0 - type: integer 
	Parameter C_HAS_INJECTERR bound to: 0 - type: integer 
	Parameter C_SIM_COLLISION_CHECK bound to: ALL - type: string 
	Parameter C_COMMON_CLK bound to: 0 - type: integer 
	Parameter C_DISABLE_WARN_BHV_COLL bound to: 0 - type: integer 
	Parameter C_EN_SLEEP_PIN bound to: 0 - type: integer 
	Parameter C_USE_URAM bound to: 0 - type: integer 
	Parameter C_EN_RDADDRA_CHG bound to: 0 - type: integer 
	Parameter C_EN_RDADDRB_CHG bound to: 0 - type: integer 
	Parameter C_EN_DEEPSLEEP_PIN bound to: 0 - type: integer 
	Parameter C_EN_SHUTDOWN_PIN bound to: 0 - type: integer 
	Parameter C_EN_SAFETY_CKT bound to: 0 - type: integer 
	Parameter C_DISABLE_WARN_BHV_RANGE bound to: 0 - type: integer 
	Parameter C_COUNT_36K_BRAM bound to: 0 - type: string 
	Parameter C_COUNT_18K_BRAM bound to: 1 - type: string 
	Parameter C_EST_POWER_SUMMARY bound to: Estimated Power for IP     :     0.990811 mW - type: string 
INFO: [Synth 8-3491] module 'blk_mem_gen_v8_4_1' declared at 'd:/On-MicroBlaze Demo/demo.srcs/sources_1/bd/design_1/ip/IPs/graphics_module/graphics_module.srcs/sources_1/bd/design_1/ipshared/67d8/hdl/blk_mem_gen_v8_4_vhsyn_rfs.vhd:195313' bound to instance 'U0' of component 'blk_mem_gen_v8_4_1' [d:/On-MicroBlaze Demo/demo.srcs/sources_1/bd/design_1/ip/IPs/graphics_module/graphics_module.srcs/sources_1/bd/design_1/ip/design_1_blk_mem_gen_1_0/synth/design_1_blk_mem_gen_1_0.vhd:228]
INFO: [Synth 8-256] done synthesizing module 'design_1_blk_mem_gen_1_0' (12#1) [d:/On-MicroBlaze Demo/demo.srcs/sources_1/bd/design_1/ip/IPs/graphics_module/graphics_module.srcs/sources_1/bd/design_1/ip/design_1_blk_mem_gen_1_0/synth/design_1_blk_mem_gen_1_0.vhd:67]
INFO: [Synth 8-638] synthesizing module 'design_1_blk_mem_gen_1_1' [d:/On-MicroBlaze Demo/demo.srcs/sources_1/bd/design_1/ip/IPs/graphics_module/graphics_module.srcs/sources_1/bd/design_1/ip/design_1_blk_mem_gen_1_1/synth/design_1_blk_mem_gen_1_1.vhd:67]
	Parameter C_FAMILY bound to: artix7 - type: string 
	Parameter C_XDEVICEFAMILY bound to: artix7 - type: string 
	Parameter C_ELABORATION_DIR bound to: ./ - type: string 
	Parameter C_INTERFACE_TYPE bound to: 0 - type: integer 
	Parameter C_AXI_TYPE bound to: 1 - type: integer 
	Parameter C_AXI_SLAVE_TYPE bound to: 0 - type: integer 
	Parameter C_USE_BRAM_BLOCK bound to: 0 - type: integer 
	Parameter C_ENABLE_32BIT_ADDRESS bound to: 0 - type: integer 
	Parameter C_CTRL_ECC_ALGO bound to: NONE - type: string 
	Parameter C_HAS_AXI_ID bound to: 0 - type: integer 
	Parameter C_AXI_ID_WIDTH bound to: 4 - type: integer 
	Parameter C_MEM_TYPE bound to: 3 - type: integer 
	Parameter C_BYTE_SIZE bound to: 9 - type: integer 
	Parameter C_ALGORITHM bound to: 1 - type: integer 
	Parameter C_PRIM_TYPE bound to: 1 - type: integer 
	Parameter C_LOAD_INIT_FILE bound to: 1 - type: integer 
	Parameter C_INIT_FILE_NAME bound to: design_1_blk_mem_gen_1_1.mif - type: string 
	Parameter C_INIT_FILE bound to: NONE - type: string 
	Parameter C_USE_DEFAULT_DATA bound to: 1 - type: integer 
	Parameter C_DEFAULT_DATA bound to: 0 - type: string 
	Parameter C_HAS_RSTA bound to: 0 - type: integer 
	Parameter C_RST_PRIORITY_A bound to: CE - type: string 
	Parameter C_RSTRAM_A bound to: 0 - type: integer 
	Parameter C_INITA_VAL bound to: 0 - type: string 
	Parameter C_HAS_ENA bound to: 0 - type: integer 
	Parameter C_HAS_REGCEA bound to: 0 - type: integer 
	Parameter C_USE_BYTE_WEA bound to: 0 - type: integer 
	Parameter C_WEA_WIDTH bound to: 1 - type: integer 
	Parameter C_WRITE_MODE_A bound to: WRITE_FIRST - type: string 
	Parameter C_WRITE_WIDTH_A bound to: 12 - type: integer 
	Parameter C_READ_WIDTH_A bound to: 12 - type: integer 
	Parameter C_WRITE_DEPTH_A bound to: 90 - type: integer 
	Parameter C_READ_DEPTH_A bound to: 90 - type: integer 
	Parameter C_ADDRA_WIDTH bound to: 7 - type: integer 
	Parameter C_HAS_RSTB bound to: 0 - type: integer 
	Parameter C_RST_PRIORITY_B bound to: CE - type: string 
	Parameter C_RSTRAM_B bound to: 0 - type: integer 
	Parameter C_INITB_VAL bound to: 0 - type: string 
	Parameter C_HAS_ENB bound to: 0 - type: integer 
	Parameter C_HAS_REGCEB bound to: 0 - type: integer 
	Parameter C_USE_BYTE_WEB bound to: 0 - type: integer 
	Parameter C_WEB_WIDTH bound to: 1 - type: integer 
	Parameter C_WRITE_MODE_B bound to: WRITE_FIRST - type: string 
	Parameter C_WRITE_WIDTH_B bound to: 12 - type: integer 
	Parameter C_READ_WIDTH_B bound to: 12 - type: integer 
	Parameter C_WRITE_DEPTH_B bound to: 90 - type: integer 
	Parameter C_READ_DEPTH_B bound to: 90 - type: integer 
	Parameter C_ADDRB_WIDTH bound to: 7 - type: integer 
	Parameter C_HAS_MEM_OUTPUT_REGS_A bound to: 0 - type: integer 
	Parameter C_HAS_MEM_OUTPUT_REGS_B bound to: 0 - type: integer 
	Parameter C_HAS_MUX_OUTPUT_REGS_A bound to: 0 - type: integer 
	Parameter C_HAS_MUX_OUTPUT_REGS_B bound to: 0 - type: integer 
	Parameter C_MUX_PIPELINE_STAGES bound to: 0 - type: integer 
	Parameter C_HAS_SOFTECC_INPUT_REGS_A bound to: 0 - type: integer 
	Parameter C_HAS_SOFTECC_OUTPUT_REGS_B bound to: 0 - type: integer 
	Parameter C_USE_SOFTECC bound to: 0 - type: integer 
	Parameter C_USE_ECC bound to: 0 - type: integer 
	Parameter C_EN_ECC_PIPE bound to: 0 - type: integer 
	Parameter C_HAS_INJECTERR bound to: 0 - type: integer 
	Parameter C_SIM_COLLISION_CHECK bound to: ALL - type: string 
	Parameter C_COMMON_CLK bound to: 0 - type: integer 
	Parameter C_DISABLE_WARN_BHV_COLL bound to: 0 - type: integer 
	Parameter C_EN_SLEEP_PIN bound to: 0 - type: integer 
	Parameter C_USE_URAM bound to: 0 - type: integer 
	Parameter C_EN_RDADDRA_CHG bound to: 0 - type: integer 
	Parameter C_EN_RDADDRB_CHG bound to: 0 - type: integer 
	Parameter C_EN_DEEPSLEEP_PIN bound to: 0 - type: integer 
	Parameter C_EN_SHUTDOWN_PIN bound to: 0 - type: integer 
	Parameter C_EN_SAFETY_CKT bound to: 0 - type: integer 
	Parameter C_DISABLE_WARN_BHV_RANGE bound to: 0 - type: integer 
	Parameter C_COUNT_36K_BRAM bound to: 0 - type: string 
	Parameter C_COUNT_18K_BRAM bound to: 1 - type: string 
	Parameter C_EST_POWER_SUMMARY bound to: Estimated Power for IP     :     2.5432 mW - type: string 
INFO: [Synth 8-3491] module 'blk_mem_gen_v8_4_1' declared at 'd:/On-MicroBlaze Demo/demo.srcs/sources_1/bd/design_1/ip/IPs/graphics_module/graphics_module.srcs/sources_1/bd/design_1/ipshared/67d8/hdl/blk_mem_gen_v8_4_vhsyn_rfs.vhd:195313' bound to instance 'U0' of component 'blk_mem_gen_v8_4_1' [d:/On-MicroBlaze Demo/demo.srcs/sources_1/bd/design_1/ip/IPs/graphics_module/graphics_module.srcs/sources_1/bd/design_1/ip/design_1_blk_mem_gen_1_1/synth/design_1_blk_mem_gen_1_1.vhd:228]
INFO: [Synth 8-256] done synthesizing module 'design_1_blk_mem_gen_1_1' (13#1) [d:/On-MicroBlaze Demo/demo.srcs/sources_1/bd/design_1/ip/IPs/graphics_module/graphics_module.srcs/sources_1/bd/design_1/ip/design_1_blk_mem_gen_1_1/synth/design_1_blk_mem_gen_1_1.vhd:67]
INFO: [Synth 8-6157] synthesizing module 'design_1_framebuffer_read_0_0' [d:/On-MicroBlaze Demo/demo.srcs/sources_1/bd/design_1/ip/IPs/graphics_module/graphics_module.srcs/sources_1/bd/design_1/ip/design_1_framebuffer_read_0_0/synth/design_1_framebuffer_read_0_0.v:57]
INFO: [Synth 8-6157] synthesizing module 'framebuffer_read' [d:/On-MicroBlaze Demo/demo.srcs/sources_1/bd/design_1/ip/IPs/graphics_module/graphics_module.srcs/sources_1/bd/design_1/ipshared/6b5a/framebuffer_read.v:3]
INFO: [Synth 8-155] case statement is not full and has no default [d:/On-MicroBlaze Demo/demo.srcs/sources_1/bd/design_1/ip/IPs/graphics_module/graphics_module.srcs/sources_1/bd/design_1/ipshared/6b5a/framebuffer_read.v:67]
INFO: [Synth 8-6155] done synthesizing module 'framebuffer_read' (14#1) [d:/On-MicroBlaze Demo/demo.srcs/sources_1/bd/design_1/ip/IPs/graphics_module/graphics_module.srcs/sources_1/bd/design_1/ipshared/6b5a/framebuffer_read.v:3]
INFO: [Synth 8-6155] done synthesizing module 'design_1_framebuffer_read_0_0' (15#1) [d:/On-MicroBlaze Demo/demo.srcs/sources_1/bd/design_1/ip/IPs/graphics_module/graphics_module.srcs/sources_1/bd/design_1/ip/design_1_framebuffer_read_0_0/synth/design_1_framebuffer_read_0_0.v:57]
INFO: [Synth 8-6157] synthesizing module 'design_1_framebuffer_write_0_0' [d:/On-MicroBlaze Demo/demo.srcs/sources_1/bd/design_1/ip/IPs/graphics_module/graphics_module.srcs/sources_1/bd/design_1/ip/design_1_framebuffer_write_0_0/synth/design_1_framebuffer_write_0_0.v:57]
INFO: [Synth 8-6157] synthesizing module 'framebuffer_write' [d:/On-MicroBlaze Demo/demo.srcs/sources_1/bd/design_1/ip/IPs/graphics_module/graphics_module.srcs/sources_1/bd/design_1/ipshared/e2db/hdl/framebuffer_write.v:3]
	Parameter C_S00_AXI_DATA_WIDTH bound to: 32 - type: integer 
	Parameter C_S00_AXI_ADDR_WIDTH bound to: 32 - type: integer 
INFO: [Synth 8-6157] synthesizing module 'framebuffer_write_S00_AXI' [d:/On-MicroBlaze Demo/demo.srcs/sources_1/bd/design_1/ip/IPs/graphics_module/graphics_module.srcs/sources_1/bd/design_1/ipshared/e2db/hdl/framebuffer_write_S00_AXI.v:3]
	Parameter C_S_AXI_DATA_WIDTH bound to: 32 - type: integer 
	Parameter C_S_AXI_ADDR_WIDTH bound to: 32 - type: integer 
	Parameter ADDR_LSB bound to: 2 - type: integer 
	Parameter OPT_MEM_ADDR_BITS bound to: 2 - type: integer 
INFO: [Synth 8-155] case statement is not full and has no default [d:/On-MicroBlaze Demo/demo.srcs/sources_1/bd/design_1/ip/IPs/graphics_module/graphics_module.srcs/sources_1/bd/design_1/ipshared/e2db/hdl/framebuffer_write_S00_AXI.v:179]
INFO: [Synth 8-6155] done synthesizing module 'framebuffer_write_S00_AXI' (16#1) [d:/On-MicroBlaze Demo/demo.srcs/sources_1/bd/design_1/ip/IPs/graphics_module/graphics_module.srcs/sources_1/bd/design_1/ipshared/e2db/hdl/framebuffer_write_S00_AXI.v:3]
INFO: [Synth 8-6155] done synthesizing module 'framebuffer_write' (17#1) [d:/On-MicroBlaze Demo/demo.srcs/sources_1/bd/design_1/ip/IPs/graphics_module/graphics_module.srcs/sources_1/bd/design_1/ipshared/e2db/hdl/framebuffer_write.v:3]
INFO: [Synth 8-6155] done synthesizing module 'design_1_framebuffer_write_0_0' (18#1) [d:/On-MicroBlaze Demo/demo.srcs/sources_1/bd/design_1/ip/IPs/graphics_module/graphics_module.srcs/sources_1/bd/design_1/ip/design_1_framebuffer_write_0_0/synth/design_1_framebuffer_write_0_0.v:57]
INFO: [Synth 8-6155] done synthesizing module 'design_1' (19#1) [d:/On-MicroBlaze Demo/demo.srcs/sources_1/bd/design_1/ipshared/IPs/graphics_module/graphics_module.srcs/sources_1/bd/design_1/synth/design_1.v:13]
INFO: [Synth 8-6155] done synthesizing module 'design_1_wrapper' (20#1) [d:/On-MicroBlaze Demo/demo.srcs/sources_1/bd/design_1/ipshared/IPs/graphics_module/graphics_module.srcs/sources_1/bd/design_1/hdl/design_1_wrapper.v:12]
INFO: [Synth 8-6155] done synthesizing module 'design_1_graphics_module_0_0' (21#1) [d:/On-MicroBlaze Demo/demo.srcs/sources_1/bd/design_1/ip/design_1_graphics_module_0_0/synth/design_1_graphics_module_0_0.v:57]
WARNING: [Synth 8-3331] design framebuffer_write_S00_AXI has unconnected port S_AXI_AWPROT[2]
WARNING: [Synth 8-3331] design framebuffer_write_S00_AXI has unconnected port S_AXI_AWPROT[1]
WARNING: [Synth 8-3331] design framebuffer_write_S00_AXI has unconnected port S_AXI_AWPROT[0]
WARNING: [Synth 8-3331] design framebuffer_write_S00_AXI has unconnected port S_AXI_ARPROT[2]
WARNING: [Synth 8-3331] design framebuffer_write_S00_AXI has unconnected port S_AXI_ARPROT[1]
WARNING: [Synth 8-3331] design framebuffer_write_S00_AXI has unconnected port S_AXI_ARPROT[0]
WARNING: [Synth 8-3331] design blk_mem_gen_prim_wrapper_init__parameterized98 has unconnected port SSRA
WARNING: [Synth 8-3331] design blk_mem_gen_prim_wrapper_init__parameterized98 has unconnected port CLKB
WARNING: [Synth 8-3331] design blk_mem_gen_prim_wrapper_init__parameterized98 has unconnected port SSRB
WARNING: [Synth 8-3331] design blk_mem_gen_prim_wrapper_init__parameterized98 has unconnected port ENB
WARNING: [Synth 8-3331] design blk_mem_gen_prim_wrapper_init__parameterized98 has unconnected port REGCEB
WARNING: [Synth 8-3331] design blk_mem_gen_prim_wrapper_init__parameterized98 has unconnected port WEB[0]
WARNING: [Synth 8-3331] design blk_mem_gen_prim_wrapper_init__parameterized98 has unconnected port ADDRB[8]
WARNING: [Synth 8-3331] design blk_mem_gen_prim_wrapper_init__parameterized98 has unconnected port ADDRB[7]
WARNING: [Synth 8-3331] design blk_mem_gen_prim_wrapper_init__parameterized98 has unconnected port ADDRB[6]
WARNING: [Synth 8-3331] design blk_mem_gen_prim_wrapper_init__parameterized98 has unconnected port ADDRB[5]
WARNING: [Synth 8-3331] design blk_mem_gen_prim_wrapper_init__parameterized98 has unconnected port ADDRB[4]
WARNING: [Synth 8-3331] design blk_mem_gen_prim_wrapper_init__parameterized98 has unconnected port ADDRB[3]
WARNING: [Synth 8-3331] design blk_mem_gen_prim_wrapper_init__parameterized98 has unconnected port ADDRB[2]
WARNING: [Synth 8-3331] design blk_mem_gen_prim_wrapper_init__parameterized98 has unconnected port ADDRB[1]
WARNING: [Synth 8-3331] design blk_mem_gen_prim_wrapper_init__parameterized98 has unconnected port ADDRB[0]
WARNING: [Synth 8-3331] design blk_mem_gen_prim_wrapper_init__parameterized98 has unconnected port DINB[35]
WARNING: [Synth 8-3331] design blk_mem_gen_prim_wrapper_init__parameterized98 has unconnected port DINB[34]
WARNING: [Synth 8-3331] design blk_mem_gen_prim_wrapper_init__parameterized98 has unconnected port DINB[33]
WARNING: [Synth 8-3331] design blk_mem_gen_prim_wrapper_init__parameterized98 has unconnected port DINB[32]
WARNING: [Synth 8-3331] design blk_mem_gen_prim_wrapper_init__parameterized98 has unconnected port DINB[31]
WARNING: [Synth 8-3331] design blk_mem_gen_prim_wrapper_init__parameterized98 has unconnected port DINB[30]
WARNING: [Synth 8-3331] design blk_mem_gen_prim_wrapper_init__parameterized98 has unconnected port DINB[29]
WARNING: [Synth 8-3331] design blk_mem_gen_prim_wrapper_init__parameterized98 has unconnected port DINB[28]
WARNING: [Synth 8-3331] design blk_mem_gen_prim_wrapper_init__parameterized98 has unconnected port DINB[27]
WARNING: [Synth 8-3331] design blk_mem_gen_prim_wrapper_init__parameterized98 has unconnected port DINB[26]
WARNING: [Synth 8-3331] design blk_mem_gen_prim_wrapper_init__parameterized98 has unconnected port DINB[25]
WARNING: [Synth 8-3331] design blk_mem_gen_prim_wrapper_init__parameterized98 has unconnected port DINB[24]
WARNING: [Synth 8-3331] design blk_mem_gen_prim_wrapper_init__parameterized98 has unconnected port DINB[23]
WARNING: [Synth 8-3331] design blk_mem_gen_prim_wrapper_init__parameterized98 has unconnected port DINB[22]
WARNING: [Synth 8-3331] design blk_mem_gen_prim_wrapper_init__parameterized98 has unconnected port DINB[21]
WARNING: [Synth 8-3331] design blk_mem_gen_prim_wrapper_init__parameterized98 has unconnected port DINB[20]
WARNING: [Synth 8-3331] design blk_mem_gen_prim_wrapper_init__parameterized98 has unconnected port DINB[19]
WARNING: [Synth 8-3331] design blk_mem_gen_prim_wrapper_init__parameterized98 has unconnected port DINB[18]
WARNING: [Synth 8-3331] design blk_mem_gen_prim_wrapper_init__parameterized98 has unconnected port DINB[17]
WARNING: [Synth 8-3331] design blk_mem_gen_prim_wrapper_init__parameterized98 has unconnected port DINB[16]
WARNING: [Synth 8-3331] design blk_mem_gen_prim_wrapper_init__parameterized98 has unconnected port DINB[15]
WARNING: [Synth 8-3331] design blk_mem_gen_prim_wrapper_init__parameterized98 has unconnected port DINB[14]
WARNING: [Synth 8-3331] design blk_mem_gen_prim_wrapper_init__parameterized98 has unconnected port DINB[13]
WARNING: [Synth 8-3331] design blk_mem_gen_prim_wrapper_init__parameterized98 has unconnected port DINB[12]
WARNING: [Synth 8-3331] design blk_mem_gen_prim_wrapper_init__parameterized98 has unconnected port DINB[11]
WARNING: [Synth 8-3331] design blk_mem_gen_prim_wrapper_init__parameterized98 has unconnected port DINB[10]
WARNING: [Synth 8-3331] design blk_mem_gen_prim_wrapper_init__parameterized98 has unconnected port DINB[9]
WARNING: [Synth 8-3331] design blk_mem_gen_prim_wrapper_init__parameterized98 has unconnected port DINB[8]
WARNING: [Synth 8-3331] design blk_mem_gen_prim_wrapper_init__parameterized98 has unconnected port DINB[7]
WARNING: [Synth 8-3331] design blk_mem_gen_prim_wrapper_init__parameterized98 has unconnected port DINB[6]
WARNING: [Synth 8-3331] design blk_mem_gen_prim_wrapper_init__parameterized98 has unconnected port DINB[5]
WARNING: [Synth 8-3331] design blk_mem_gen_prim_wrapper_init__parameterized98 has unconnected port DINB[4]
WARNING: [Synth 8-3331] design blk_mem_gen_prim_wrapper_init__parameterized98 has unconnected port DINB[3]
WARNING: [Synth 8-3331] design blk_mem_gen_prim_wrapper_init__parameterized98 has unconnected port DINB[2]
WARNING: [Synth 8-3331] design blk_mem_gen_prim_wrapper_init__parameterized98 has unconnected port DINB[1]
WARNING: [Synth 8-3331] design blk_mem_gen_prim_wrapper_init__parameterized98 has unconnected port DINB[0]
WARNING: [Synth 8-3331] design blk_mem_gen_prim_wrapper_init__parameterized98 has unconnected port SLEEP
WARNING: [Synth 8-3331] design blk_mem_gen_prim_wrapper_init__parameterized98 has unconnected port INJECTSBITERR
WARNING: [Synth 8-3331] design blk_mem_gen_prim_wrapper_init__parameterized98 has unconnected port INJECTDBITERR
WARNING: [Synth 8-3331] design blk_mem_gen_prim_wrapper_init__parameterized98 has unconnected port ECCPIPECE
WARNING: [Synth 8-3331] design blk_mem_gen_prim_wrapper_init__parameterized98 has unconnected port ram_rstram_b
WARNING: [Synth 8-3331] design blk_mem_gen_prim_wrapper_init__parameterized98 has unconnected port ram_rstreg_b
WARNING: [Synth 8-3331] design blk_mem_gen_generic_cstr__parameterized1 has unconnected port REGCEA[0]
WARNING: [Synth 8-3331] design blk_mem_gen_generic_cstr__parameterized1 has unconnected port WEA[1]
WARNING: [Synth 8-3331] design blk_mem_gen_generic_cstr__parameterized1 has unconnected port REGCEB[0]
WARNING: [Synth 8-3331] design blk_mem_gen_generic_cstr__parameterized1 has unconnected port WEB[1]
WARNING: [Synth 8-3331] design blk_mem_gen_generic_cstr__parameterized1 has unconnected port INJECTSBITERR
WARNING: [Synth 8-3331] design blk_mem_gen_generic_cstr__parameterized1 has unconnected port INJECTDBITERR
WARNING: [Synth 8-3331] design blk_mem_output_block__parameterized1 has unconnected port CLKB
WARNING: [Synth 8-3331] design blk_mem_output_block__parameterized1 has unconnected port DOUTB_I[11]
WARNING: [Synth 8-3331] design blk_mem_output_block__parameterized1 has unconnected port DOUTB_I[10]
WARNING: [Synth 8-3331] design blk_mem_output_block__parameterized1 has unconnected port DOUTB_I[9]
WARNING: [Synth 8-3331] design blk_mem_output_block__parameterized1 has unconnected port DOUTB_I[8]
WARNING: [Synth 8-3331] design blk_mem_output_block__parameterized1 has unconnected port DOUTB_I[7]
WARNING: [Synth 8-3331] design blk_mem_output_block__parameterized1 has unconnected port DOUTB_I[6]
WARNING: [Synth 8-3331] design blk_mem_output_block__parameterized1 has unconnected port DOUTB_I[5]
WARNING: [Synth 8-3331] design blk_mem_output_block__parameterized1 has unconnected port DOUTB_I[4]
WARNING: [Synth 8-3331] design blk_mem_output_block__parameterized1 has unconnected port DOUTB_I[3]
WARNING: [Synth 8-3331] design blk_mem_output_block__parameterized1 has unconnected port DOUTB_I[2]
WARNING: [Synth 8-3331] design blk_mem_output_block__parameterized1 has unconnected port DOUTB_I[1]
WARNING: [Synth 8-3331] design blk_mem_output_block__parameterized1 has unconnected port DOUTB_I[0]
WARNING: [Synth 8-3331] design blk_mem_output_block__parameterized1 has unconnected port SBITERR_I
WARNING: [Synth 8-3331] design blk_mem_output_block__parameterized1 has unconnected port DBITERR_I
WARNING: [Synth 8-3331] design blk_mem_output_block__parameterized1 has unconnected port RDADDRECC_I[6]
WARNING: [Synth 8-3331] design blk_mem_output_block__parameterized1 has unconnected port RDADDRECC_I[5]
WARNING: [Synth 8-3331] design blk_mem_output_block__parameterized1 has unconnected port RDADDRECC_I[4]
WARNING: [Synth 8-3331] design blk_mem_output_block__parameterized1 has unconnected port RDADDRECC_I[3]
WARNING: [Synth 8-3331] design blk_mem_output_block__parameterized1 has unconnected port RDADDRECC_I[2]
WARNING: [Synth 8-3331] design blk_mem_output_block__parameterized1 has unconnected port RDADDRECC_I[1]
WARNING: [Synth 8-3331] design blk_mem_output_block__parameterized1 has unconnected port RDADDRECC_I[0]
WARNING: [Synth 8-3331] design blk_mem_input_block__parameterized1 has unconnected port RSTA
WARNING: [Synth 8-3331] design blk_mem_input_block__parameterized1 has unconnected port ENA
WARNING: [Synth 8-3331] design blk_mem_input_block__parameterized1 has unconnected port REGCEA
WARNING: [Synth 8-3331] design blk_mem_input_block__parameterized1 has unconnected port WEA[0]
WARNING: [Synth 8-3331] design blk_mem_input_block__parameterized1 has unconnected port DINA[11]
WARNING: [Synth 8-3331] design blk_mem_input_block__parameterized1 has unconnected port DINA[10]
WARNING: [Synth 8-3331] design blk_mem_input_block__parameterized1 has unconnected port DINA[9]
WARNING: [Synth 8-3331] design blk_mem_input_block__parameterized1 has unconnected port DINA[8]
WARNING: [Synth 8-3331] design blk_mem_input_block__parameterized1 has unconnected port DINA[7]
INFO: [Common 17-14] Message 'Synth 8-3331' appears 100 times and further instances of the messages will be disabled. Use the Tcl command set_msg_config to change the current settings.
---------------------------------------------------------------------------------
Finished RTL Elaboration : Time (s): cpu = 00:07:59 ; elapsed = 00:08:24 . Memory (MB): peak = 1285.723 ; gain = 970.723
---------------------------------------------------------------------------------

Report Check Netlist: 
+------+------------------+-------+---------+-------+------------------+
|      |Item              |Errors |Warnings |Status |Description       |
+------+------------------+-------+---------+-------+------------------+
|1     |multi_driven_nets |      0|        0|Passed |Multi driven nets |
+------+------------------+-------+---------+-------+------------------+
---------------------------------------------------------------------------------
Start Handling Custom Attributes
---------------------------------------------------------------------------------
---------------------------------------------------------------------------------
Finished Handling Custom Attributes : Time (s): cpu = 00:08:00 ; elapsed = 00:08:41 . Memory (MB): peak = 1285.723 ; gain = 970.723
---------------------------------------------------------------------------------
---------------------------------------------------------------------------------
Finished RTL Optimization Phase 1 : Time (s): cpu = 00:08:00 ; elapsed = 00:08:41 . Memory (MB): peak = 1285.723 ; gain = 970.723
---------------------------------------------------------------------------------
INFO: [Netlist 29-17] Analyzing 116 Unisim elements for replacement
INFO: [Netlist 29-28] Unisim Transformation completed in 0 CPU seconds
INFO: [Device 21-403] Loading part xc7a100tcsg324-1
INFO: [Project 1-570] Preparing netlist for logic optimization

Processing XDC Constraints
Initializing timing engine
Parsing XDC File [d:/On-MicroBlaze Demo/demo.srcs/sources_1/bd/design_1/ip/IPs/graphics_module/graphics_module.srcs/sources_1/bd/design_1/design_1_ooc.xdc] for cell 'inst/design_1_i'
Finished Parsing XDC File [d:/On-MicroBlaze Demo/demo.srcs/sources_1/bd/design_1/ip/IPs/graphics_module/graphics_module.srcs/sources_1/bd/design_1/design_1_ooc.xdc] for cell 'inst/design_1_i'
Parsing XDC File [D:/On-MicroBlaze Demo/demo.runs/design_1_graphics_module_0_0_synth_1/dont_touch.xdc]
Finished Parsing XDC File [D:/On-MicroBlaze Demo/demo.runs/design_1_graphics_module_0_0_synth_1/dont_touch.xdc]
Completed Processing XDC Constraints

INFO: [Project 1-111] Unisim Transformation Summary:
No Unisim elements were transformed.

Constraint Validation Runtime : Time (s): cpu = 00:00:01 ; elapsed = 00:00:00.150 . Memory (MB): peak = 1285.723 ; gain = 0.000
---------------------------------------------------------------------------------
Finished Constraint Validation : Time (s): cpu = 00:08:16 ; elapsed = 00:09:28 . Memory (MB): peak = 1285.723 ; gain = 970.723
---------------------------------------------------------------------------------
---------------------------------------------------------------------------------
Start Loading Part and Timing Information
---------------------------------------------------------------------------------
Loading part: xc7a100tcsg324-1
---------------------------------------------------------------------------------
Finished Loading Part and Timing Information : Time (s): cpu = 00:08:16 ; elapsed = 00:09:28 . Memory (MB): peak = 1285.723 ; gain = 970.723
---------------------------------------------------------------------------------
---------------------------------------------------------------------------------
Start Applying 'set_property' XDC Constraints
---------------------------------------------------------------------------------
Applied set_property DONT_TOUCH = true for inst/design_1_i/blk_mem_gen_0. (constraint file  auto generated constraint, line ).
Applied set_property DONT_TOUCH = true for inst/design_1_i/blk_mem_gen_1. (constraint file  auto generated constraint, line ).
Applied set_property DONT_TOUCH = true for inst/design_1_i/blk_mem_gen_2. (constraint file  auto generated constraint, line ).
Applied set_property DONT_TOUCH = true for inst/design_1_i/framebuffer_read_0. (constraint file  auto generated constraint, line ).
Applied set_property DONT_TOUCH = true for inst/design_1_i/framebuffer_write_0. (constraint file  auto generated constraint, line ).
---------------------------------------------------------------------------------
Finished applying 'set_property' XDC Constraints : Time (s): cpu = 00:08:16 ; elapsed = 00:09:29 . Memory (MB): peak = 1285.723 ; gain = 970.723
---------------------------------------------------------------------------------
INFO: [Synth 8-5544] ROM "read_address" won't be mapped to Block RAM because address size (3) smaller than threshold (5)
INFO: [Synth 8-5544] ROM "output_hsync" won't be mapped to Block RAM because address size (3) smaller than threshold (5)
INFO: [Synth 8-5544] ROM "x_on_screen" won't be mapped to Block RAM because address size (3) smaller than threshold (5)
INFO: [Synth 8-5544] ROM "read_status" won't be mapped to Block RAM because address size (3) smaller than threshold (5)
WARNING: [Synth 8-6014] Unused sequential element x_on_screen_reg was removed.  [d:/On-MicroBlaze Demo/demo.srcs/sources_1/bd/design_1/ip/IPs/graphics_module/graphics_module.srcs/sources_1/bd/design_1/ipshared/6b5a/framebuffer_read.v:61]
WARNING: [Synth 8-6014] Unused sequential element y_on_screen_reg was removed.  [d:/On-MicroBlaze Demo/demo.srcs/sources_1/bd/design_1/ip/IPs/graphics_module/graphics_module.srcs/sources_1/bd/design_1/ipshared/6b5a/framebuffer_read.v:62]
---------------------------------------------------------------------------------
Finished RTL Optimization Phase 2 : Time (s): cpu = 00:08:20 ; elapsed = 00:09:42 . Memory (MB): peak = 1285.723 ; gain = 970.723
---------------------------------------------------------------------------------

Report RTL Partitions: 
+-+--------------+------------+----------+
| |RTL Partition |Replication |Instances |
+-+--------------+------------+----------+
+-+--------------+------------+----------+
---------------------------------------------------------------------------------
Start RTL Component Statistics 
---------------------------------------------------------------------------------
Detailed RTL Component Info : 
+---Adders : 
	   2 Input     11 Bit       Adders := 1     
	   2 Input     10 Bit       Adders := 8     
	   2 Input      3 Bit       Adders := 2     
+---Registers : 
	               32 Bit    Registers := 10    
	               19 Bit    Registers := 2     
	               12 Bit    Registers := 1     
	               11 Bit    Registers := 1     
	               10 Bit    Registers := 6     
	                7 Bit    Registers := 2     
	                3 Bit    Registers := 1     
	                2 Bit    Registers := 2     
	                1 Bit    Registers := 9     
+---Muxes : 
	   2 Input     32 Bit        Muxes := 7     
	   8 Input     32 Bit        Muxes := 7     
	   7 Input     19 Bit        Muxes := 1     
	   6 Input     19 Bit        Muxes := 1     
	   2 Input     19 Bit        Muxes := 2     
	   7 Input     12 Bit        Muxes := 1     
	   2 Input     12 Bit        Muxes := 1     
	   6 Input     11 Bit        Muxes := 1     
	   7 Input     10 Bit        Muxes := 2     
	   2 Input     10 Bit        Muxes := 6     
	   6 Input     10 Bit        Muxes := 2     
	   7 Input      3 Bit        Muxes := 1     
	   2 Input      3 Bit        Muxes := 8     
	   6 Input      3 Bit        Muxes := 1     
	   2 Input      2 Bit        Muxes := 1     
	   2 Input      1 Bit        Muxes := 263   
	   7 Input      1 Bit        Muxes := 7     
	   6 Input      1 Bit        Muxes := 5     
---------------------------------------------------------------------------------
Finished RTL Component Statistics 
---------------------------------------------------------------------------------
---------------------------------------------------------------------------------
Start RTL Hierarchical Component Statistics 
---------------------------------------------------------------------------------
Hierarchical RTL Component report 
Module bindec 
Detailed RTL Component Info : 
+---Muxes : 
	   2 Input      1 Bit        Muxes := 128   
Module blk_mem_gen_mux 
Detailed RTL Component Info : 
+---Registers : 
	                7 Bit    Registers := 1     
Module blk_mem_gen_mux__parameterized0 
Detailed RTL Component Info : 
+---Registers : 
	                7 Bit    Registers := 1     
Module framebuffer_read 
Detailed RTL Component Info : 
+---Adders : 
	   2 Input     10 Bit       Adders := 4     
	   2 Input      3 Bit       Adders := 1     
+---Registers : 
	               19 Bit    Registers := 1     
	               12 Bit    Registers := 1     
	               10 Bit    Registers := 3     
	                3 Bit    Registers := 1     
	                1 Bit    Registers := 2     
+---Muxes : 
	   7 Input     19 Bit        Muxes := 1     
	   7 Input     12 Bit        Muxes := 1     
	   2 Input     12 Bit        Muxes := 1     
	   7 Input     10 Bit        Muxes := 2     
	   2 Input     10 Bit        Muxes := 4     
	   7 Input      3 Bit        Muxes := 1     
	   2 Input      2 Bit        Muxes := 1     
	   7 Input      1 Bit        Muxes := 7     
Module framebuffer_write_S00_AXI 
Detailed RTL Component Info : 
+---Adders : 
	   2 Input     11 Bit       Adders := 1     
	   2 Input     10 Bit       Adders := 4     
	   2 Input      3 Bit       Adders := 1     
+---Registers : 
	               32 Bit    Registers := 10    
	               19 Bit    Registers := 1     
	               11 Bit    Registers := 1     
	               10 Bit    Registers := 3     
	                2 Bit    Registers := 2     
	                1 Bit    Registers := 7     
+---Muxes : 
	   2 Input     32 Bit        Muxes := 7     
	   8 Input     32 Bit        Muxes := 7     
	   6 Input     19 Bit        Muxes := 1     
	   2 Input     19 Bit        Muxes := 2     
	   6 Input     11 Bit        Muxes := 1     
	   2 Input     10 Bit        Muxes := 2     
	   6 Input     10 Bit        Muxes := 2     
	   2 Input      3 Bit        Muxes := 8     
	   6 Input      3 Bit        Muxes := 1     
	   2 Input      1 Bit        Muxes := 7     
	   6 Input      1 Bit        Muxes := 5     
---------------------------------------------------------------------------------
Finished RTL Hierarchical Component Statistics
---------------------------------------------------------------------------------
---------------------------------------------------------------------------------
Start Part Resource Summary
---------------------------------------------------------------------------------
Part Resources:
DSPs: 240 (col length:80)
BRAMs: 270 (col length: RAMB18 80 RAMB36 40)
---------------------------------------------------------------------------------
Finished Part Resource Summary
---------------------------------------------------------------------------------
---------------------------------------------------------------------------------
Start Cross Boundary and Area Optimization
---------------------------------------------------------------------------------
Warning: Parallel synthesis criteria is not met 
WARNING: [Synth 8-6014] Unused sequential element inst/y_on_screen_reg was removed.  [d:/On-MicroBlaze Demo/demo.srcs/sources_1/bd/design_1/ip/IPs/graphics_module/graphics_module.srcs/sources_1/bd/design_1/ipshared/6b5a/framebuffer_read.v:62]
WARNING: [Synth 8-6014] Unused sequential element inst/x_on_screen_reg was removed.  [d:/On-MicroBlaze Demo/demo.srcs/sources_1/bd/design_1/ip/IPs/graphics_module/graphics_module.srcs/sources_1/bd/design_1/ipshared/6b5a/framebuffer_read.v:61]
DSP Report: Generating DSP inst/read_address0, operation Mode is: C'+A2*(B:0x280).
DSP Report: register inst/y_on_screen_reg is absorbed into DSP inst/read_address0.
DSP Report: register inst/x_on_screen_reg is absorbed into DSP inst/read_address0.
DSP Report: operator inst/read_address0 is absorbed into DSP inst/read_address0.
DSP Report: operator inst/read_address1 is absorbed into DSP inst/read_address0.
INFO: [Synth 8-4471] merging register 'inst/framebuffer_write_S00_AXI_inst/y_position_reg[9:0]' into 'inst/framebuffer_write_S00_AXI_inst/y_position_reg[9:0]' [d:/On-MicroBlaze Demo/demo.srcs/sources_1/bd/design_1/ip/IPs/graphics_module/graphics_module.srcs/sources_1/bd/design_1/ipshared/e2db/hdl/framebuffer_write_S00_AXI.v:175]
INFO: [Synth 8-4471] merging register 'inst/framebuffer_write_S00_AXI_inst/x_position_reg[9:0]' into 'inst/framebuffer_write_S00_AXI_inst/x_position_reg[9:0]' [d:/On-MicroBlaze Demo/demo.srcs/sources_1/bd/design_1/ip/IPs/graphics_module/graphics_module.srcs/sources_1/bd/design_1/ipshared/e2db/hdl/framebuffer_write_S00_AXI.v:174]
WARNING: [Synth 8-6014] Unused sequential element inst/framebuffer_write_S00_AXI_inst/y_position_reg was removed.  [d:/On-MicroBlaze Demo/demo.srcs/sources_1/bd/design_1/ip/IPs/graphics_module/graphics_module.srcs/sources_1/bd/design_1/ipshared/e2db/hdl/framebuffer_write_S00_AXI.v:175]
WARNING: [Synth 8-6014] Unused sequential element inst/framebuffer_write_S00_AXI_inst/x_position_reg was removed.  [d:/On-MicroBlaze Demo/demo.srcs/sources_1/bd/design_1/ip/IPs/graphics_module/graphics_module.srcs/sources_1/bd/design_1/ipshared/e2db/hdl/framebuffer_write_S00_AXI.v:174]
DSP Report: Generating DSP inst/framebuffer_write_S00_AXI_inst/write_address0, operation Mode is: C'+A2*(B:0x280).
DSP Report: register inst/framebuffer_write_S00_AXI_inst/y_position_reg is absorbed into DSP inst/framebuffer_write_S00_AXI_inst/write_address0.
DSP Report: register inst/framebuffer_write_S00_AXI_inst/x_position_reg is absorbed into DSP inst/framebuffer_write_S00_AXI_inst/write_address0.
DSP Report: operator inst/framebuffer_write_S00_AXI_inst/write_address0 is absorbed into DSP inst/framebuffer_write_S00_AXI_inst/write_address0.
DSP Report: operator inst/framebuffer_write_S00_AXI_inst/write_address1 is absorbed into DSP inst/framebuffer_write_S00_AXI_inst/write_address0.
INFO: [Synth 8-3332] Sequential element (inst_blk_mem_gen/gnbram.gnativebmg.native_blk_mem_gen/valid.cstr/has_mux_a.A/no_softecc_sel_reg.ce_pri.sel_pipe_reg[6]) is unused and will be removed from module blk_mem_gen_v8_4_1.
INFO: [Synth 8-3332] Sequential element (inst_blk_mem_gen/gnbram.gnativebmg.native_blk_mem_gen/valid.cstr/has_mux_a.A/no_softecc_sel_reg.ce_pri.sel_pipe_reg[5]) is unused and will be removed from module blk_mem_gen_v8_4_1.
INFO: [Synth 8-3332] Sequential element (inst_blk_mem_gen/gnbram.gnativebmg.native_blk_mem_gen/valid.cstr/has_mux_a.A/no_softecc_sel_reg.ce_pri.sel_pipe_reg[4]) is unused and will be removed from module blk_mem_gen_v8_4_1.
INFO: [Synth 8-3332] Sequential element (inst_blk_mem_gen/gnbram.gnativebmg.native_blk_mem_gen/valid.cstr/has_mux_a.A/no_softecc_sel_reg.ce_pri.sel_pipe_reg[3]) is unused and will be removed from module blk_mem_gen_v8_4_1.
INFO: [Synth 8-3332] Sequential element (inst_blk_mem_gen/gnbram.gnativebmg.native_blk_mem_gen/valid.cstr/has_mux_a.A/no_softecc_sel_reg.ce_pri.sel_pipe_reg[2]) is unused and will be removed from module blk_mem_gen_v8_4_1.
INFO: [Synth 8-3332] Sequential element (inst_blk_mem_gen/gnbram.gnativebmg.native_blk_mem_gen/valid.cstr/has_mux_a.A/no_softecc_sel_reg.ce_pri.sel_pipe_reg[1]) is unused and will be removed from module blk_mem_gen_v8_4_1.
INFO: [Synth 8-3332] Sequential element (inst_blk_mem_gen/gnbram.gnativebmg.native_blk_mem_gen/valid.cstr/has_mux_a.A/no_softecc_sel_reg.ce_pri.sel_pipe_reg[0]) is unused and will be removed from module blk_mem_gen_v8_4_1.
INFO: [Synth 8-3886] merging instance 'inst/design_1_i/framebuffer_write_0/inst/framebuffer_write_S00_AXI_inst/axi_rresp_reg[0]' (FDRE) to 'inst/design_1_i/framebuffer_write_0/inst/framebuffer_write_S00_AXI_inst/axi_rresp_reg[1]'
INFO: [Synth 8-3333] propagating constant 0 across sequential element (\inst/design_1_i/framebuffer_write_0 /\inst/framebuffer_write_S00_AXI_inst/axi_rresp_reg[1] )
INFO: [Synth 8-3886] merging instance 'inst/design_1_i/framebuffer_write_0/inst/framebuffer_write_S00_AXI_inst/axi_bresp_reg[0]' (FDRE) to 'inst/design_1_i/framebuffer_write_0/inst/framebuffer_write_S00_AXI_inst/axi_bresp_reg[1]'
INFO: [Synth 8-3333] propagating constant 0 across sequential element (\inst/design_1_i/framebuffer_write_0 /\inst/framebuffer_write_S00_AXI_inst/axi_bresp_reg[1] )
INFO: [Synth 8-3332] Sequential element (inst/framebuffer_write_S00_AXI_inst/axi_awaddr_reg[31]) is unused and will be removed from module design_1_framebuffer_write_0_0.
INFO: [Synth 8-3332] Sequential element (inst/framebuffer_write_S00_AXI_inst/axi_awaddr_reg[30]) is unused and will be removed from module design_1_framebuffer_write_0_0.
INFO: [Synth 8-3332] Sequential element (inst/framebuffer_write_S00_AXI_inst/axi_awaddr_reg[29]) is unused and will be removed from module design_1_framebuffer_write_0_0.
INFO: [Synth 8-3332] Sequential element (inst/framebuffer_write_S00_AXI_inst/axi_awaddr_reg[28]) is unused and will be removed from module design_1_framebuffer_write_0_0.
INFO: [Synth 8-3332] Sequential element (inst/framebuffer_write_S00_AXI_inst/axi_awaddr_reg[27]) is unused and will be removed from module design_1_framebuffer_write_0_0.
INFO: [Synth 8-3332] Sequential element (inst/framebuffer_write_S00_AXI_inst/axi_awaddr_reg[26]) is unused and will be removed from module design_1_framebuffer_write_0_0.
INFO: [Synth 8-3332] Sequential element (inst/framebuffer_write_S00_AXI_inst/axi_awaddr_reg[25]) is unused and will be removed from module design_1_framebuffer_write_0_0.
INFO: [Synth 8-3332] Sequential element (inst/framebuffer_write_S00_AXI_inst/axi_awaddr_reg[24]) is unused and will be removed from module design_1_framebuffer_write_0_0.
INFO: [Synth 8-3332] Sequential element (inst/framebuffer_write_S00_AXI_inst/axi_awaddr_reg[23]) is unused and will be removed from module design_1_framebuffer_write_0_0.
INFO: [Synth 8-3332] Sequential element (inst/framebuffer_write_S00_AXI_inst/axi_awaddr_reg[22]) is unused and will be removed from module design_1_framebuffer_write_0_0.
INFO: [Synth 8-3332] Sequential element (inst/framebuffer_write_S00_AXI_inst/axi_awaddr_reg[21]) is unused and will be removed from module design_1_framebuffer_write_0_0.
INFO: [Synth 8-3332] Sequential element (inst/framebuffer_write_S00_AXI_inst/axi_awaddr_reg[20]) is unused and will be removed from module design_1_framebuffer_write_0_0.
INFO: [Synth 8-3332] Sequential element (inst/framebuffer_write_S00_AXI_inst/axi_awaddr_reg[19]) is unused and will be removed from module design_1_framebuffer_write_0_0.
INFO: [Synth 8-3332] Sequential element (inst/framebuffer_write_S00_AXI_inst/axi_awaddr_reg[18]) is unused and will be removed from module design_1_framebuffer_write_0_0.
INFO: [Synth 8-3332] Sequential element (inst/framebuffer_write_S00_AXI_inst/axi_awaddr_reg[17]) is unused and will be removed from module design_1_framebuffer_write_0_0.
INFO: [Synth 8-3332] Sequential element (inst/framebuffer_write_S00_AXI_inst/axi_awaddr_reg[16]) is unused and will be removed from module design_1_framebuffer_write_0_0.
INFO: [Synth 8-3332] Sequential element (inst/framebuffer_write_S00_AXI_inst/axi_awaddr_reg[15]) is unused and will be removed from module design_1_framebuffer_write_0_0.
INFO: [Synth 8-3332] Sequential element (inst/framebuffer_write_S00_AXI_inst/axi_awaddr_reg[14]) is unused and will be removed from module design_1_framebuffer_write_0_0.
INFO: [Synth 8-3332] Sequential element (inst/framebuffer_write_S00_AXI_inst/axi_awaddr_reg[13]) is unused and will be removed from module design_1_framebuffer_write_0_0.
INFO: [Synth 8-3332] Sequential element (inst/framebuffer_write_S00_AXI_inst/axi_awaddr_reg[12]) is unused and will be removed from module design_1_framebuffer_write_0_0.
INFO: [Synth 8-3332] Sequential element (inst/framebuffer_write_S00_AXI_inst/axi_awaddr_reg[11]) is unused and will be removed from module design_1_framebuffer_write_0_0.
INFO: [Synth 8-3332] Sequential element (inst/framebuffer_write_S00_AXI_inst/axi_awaddr_reg[10]) is unused and will be removed from module design_1_framebuffer_write_0_0.
INFO: [Synth 8-3332] Sequential element (inst/framebuffer_write_S00_AXI_inst/axi_awaddr_reg[9]) is unused and will be removed from module design_1_framebuffer_write_0_0.
INFO: [Synth 8-3332] Sequential element (inst/framebuffer_write_S00_AXI_inst/axi_awaddr_reg[8]) is unused and will be removed from module design_1_framebuffer_write_0_0.
INFO: [Synth 8-3332] Sequential element (inst/framebuffer_write_S00_AXI_inst/axi_awaddr_reg[7]) is unused and will be removed from module design_1_framebuffer_write_0_0.
INFO: [Synth 8-3332] Sequential element (inst/framebuffer_write_S00_AXI_inst/axi_awaddr_reg[6]) is unused and will be removed from module design_1_framebuffer_write_0_0.
INFO: [Synth 8-3332] Sequential element (inst/framebuffer_write_S00_AXI_inst/axi_awaddr_reg[5]) is unused and will be removed from module design_1_framebuffer_write_0_0.
INFO: [Synth 8-3332] Sequential element (inst/framebuffer_write_S00_AXI_inst/axi_awaddr_reg[1]) is unused and will be removed from module design_1_framebuffer_write_0_0.
INFO: [Synth 8-3332] Sequential element (inst/framebuffer_write_S00_AXI_inst/axi_awaddr_reg[0]) is unused and will be removed from module design_1_framebuffer_write_0_0.
INFO: [Synth 8-3332] Sequential element (inst/framebuffer_write_S00_AXI_inst/axi_bresp_reg[1]) is unused and will be removed from module design_1_framebuffer_write_0_0.
INFO: [Synth 8-3332] Sequential element (inst/framebuffer_write_S00_AXI_inst/axi_araddr_reg[31]) is unused and will be removed from module design_1_framebuffer_write_0_0.
INFO: [Synth 8-3332] Sequential element (inst/framebuffer_write_S00_AXI_inst/axi_araddr_reg[30]) is unused and will be removed from module design_1_framebuffer_write_0_0.
INFO: [Synth 8-3332] Sequential element (inst/framebuffer_write_S00_AXI_inst/axi_araddr_reg[29]) is unused and will be removed from module design_1_framebuffer_write_0_0.
INFO: [Synth 8-3332] Sequential element (inst/framebuffer_write_S00_AXI_inst/axi_araddr_reg[28]) is unused and will be removed from module design_1_framebuffer_write_0_0.
INFO: [Synth 8-3332] Sequential element (inst/framebuffer_write_S00_AXI_inst/axi_araddr_reg[27]) is unused and will be removed from module design_1_framebuffer_write_0_0.
INFO: [Synth 8-3332] Sequential element (inst/framebuffer_write_S00_AXI_inst/axi_araddr_reg[26]) is unused and will be removed from module design_1_framebuffer_write_0_0.
INFO: [Synth 8-3332] Sequential element (inst/framebuffer_write_S00_AXI_inst/axi_araddr_reg[25]) is unused and will be removed from module design_1_framebuffer_write_0_0.
INFO: [Synth 8-3332] Sequential element (inst/framebuffer_write_S00_AXI_inst/axi_araddr_reg[24]) is unused and will be removed from module design_1_framebuffer_write_0_0.
INFO: [Synth 8-3332] Sequential element (inst/framebuffer_write_S00_AXI_inst/axi_araddr_reg[23]) is unused and will be removed from module design_1_framebuffer_write_0_0.
INFO: [Synth 8-3332] Sequential element (inst/framebuffer_write_S00_AXI_inst/axi_araddr_reg[22]) is unused and will be removed from module design_1_framebuffer_write_0_0.
INFO: [Synth 8-3332] Sequential element (inst/framebuffer_write_S00_AXI_inst/axi_araddr_reg[21]) is unused and will be removed from module design_1_framebuffer_write_0_0.
INFO: [Synth 8-3332] Sequential element (inst/framebuffer_write_S00_AXI_inst/axi_araddr_reg[20]) is unused and will be removed from module design_1_framebuffer_write_0_0.
INFO: [Synth 8-3332] Sequential element (inst/framebuffer_write_S00_AXI_inst/axi_araddr_reg[19]) is unused and will be removed from module design_1_framebuffer_write_0_0.
INFO: [Synth 8-3332] Sequential element (inst/framebuffer_write_S00_AXI_inst/axi_araddr_reg[18]) is unused and will be removed from module design_1_framebuffer_write_0_0.
INFO: [Synth 8-3332] Sequential element (inst/framebuffer_write_S00_AXI_inst/axi_araddr_reg[17]) is unused and will be removed from module design_1_framebuffer_write_0_0.
INFO: [Synth 8-3332] Sequential element (inst/framebuffer_write_S00_AXI_inst/axi_araddr_reg[16]) is unused and will be removed from module design_1_framebuffer_write_0_0.
INFO: [Synth 8-3332] Sequential element (inst/framebuffer_write_S00_AXI_inst/axi_araddr_reg[15]) is unused and will be removed from module design_1_framebuffer_write_0_0.
INFO: [Synth 8-3332] Sequential element (inst/framebuffer_write_S00_AXI_inst/axi_araddr_reg[14]) is unused and will be removed from module design_1_framebuffer_write_0_0.
INFO: [Synth 8-3332] Sequential element (inst/framebuffer_write_S00_AXI_inst/axi_araddr_reg[13]) is unused and will be removed from module design_1_framebuffer_write_0_0.
INFO: [Synth 8-3332] Sequential element (inst/framebuffer_write_S00_AXI_inst/axi_araddr_reg[12]) is unused and will be removed from module design_1_framebuffer_write_0_0.
INFO: [Synth 8-3332] Sequential element (inst/framebuffer_write_S00_AXI_inst/axi_araddr_reg[11]) is unused and will be removed from module design_1_framebuffer_write_0_0.
INFO: [Synth 8-3332] Sequential element (inst/framebuffer_write_S00_AXI_inst/axi_araddr_reg[10]) is unused and will be removed from module design_1_framebuffer_write_0_0.
INFO: [Synth 8-3332] Sequential element (inst/framebuffer_write_S00_AXI_inst/axi_araddr_reg[9]) is unused and will be removed from module design_1_framebuffer_write_0_0.
INFO: [Synth 8-3332] Sequential element (inst/framebuffer_write_S00_AXI_inst/axi_araddr_reg[8]) is unused and will be removed from module design_1_framebuffer_write_0_0.
INFO: [Synth 8-3332] Sequential element (inst/framebuffer_write_S00_AXI_inst/axi_araddr_reg[7]) is unused and will be removed from module design_1_framebuffer_write_0_0.
INFO: [Synth 8-3332] Sequential element (inst/framebuffer_write_S00_AXI_inst/axi_araddr_reg[6]) is unused and will be removed from module design_1_framebuffer_write_0_0.
INFO: [Synth 8-3332] Sequential element (inst/framebuffer_write_S00_AXI_inst/axi_araddr_reg[5]) is unused and will be removed from module design_1_framebuffer_write_0_0.
INFO: [Synth 8-3332] Sequential element (inst/framebuffer_write_S00_AXI_inst/axi_araddr_reg[1]) is unused and will be removed from module design_1_framebuffer_write_0_0.
INFO: [Synth 8-3332] Sequential element (inst/framebuffer_write_S00_AXI_inst/axi_araddr_reg[0]) is unused and will be removed from module design_1_framebuffer_write_0_0.
INFO: [Synth 8-3332] Sequential element (inst/framebuffer_write_S00_AXI_inst/axi_rresp_reg[1]) is unused and will be removed from module design_1_framebuffer_write_0_0.
---------------------------------------------------------------------------------
Finished Cross Boundary and Area Optimization : Time (s): cpu = 00:08:25 ; elapsed = 00:10:02 . Memory (MB): peak = 1285.723 ; gain = 970.723
---------------------------------------------------------------------------------
---------------------------------------------------------------------------------
Start ROM, RAM, DSP and Shift Register Reporting
---------------------------------------------------------------------------------

DSP: Preliminary Mapping  Report (see note below)
+-------------------------------+-----------------+--------+--------+--------+--------+--------+------+------+------+------+-------+------+------+
|Module Name                    | DSP Mapping     | A Size | B Size | C Size | D Size | P Size | AREG | BREG | CREG | DREG | ADREG | MREG | PREG | 
+-------------------------------+-----------------+--------+--------+--------+--------+--------+------+------+------+------+-------+------+------+
|framebuffer_read               | C'+A2*(B:0x280) | 10     | 10     | 10     | -      | 19     | 1    | 0    | 1    | -    | -     | 0    | 0    | 
|design_1_framebuffer_write_0_0 | C'+A2*(B:0x280) | 10     | 10     | 10     | -      | 19     | 1    | 0    | 1    | -    | -     | 0    | 0    | 
+-------------------------------+-----------------+--------+--------+--------+--------+--------+------+------+------+------+-------+------+------+

Note: The table above is a preliminary report that shows the DSPs inferred at the current stage of the synthesis flow. Some DSP may be reimplemented as non DSP primitives later in the synthesis flow. Multiple instantiated DSPs are reported only once.
---------------------------------------------------------------------------------
Finished ROM, RAM, DSP and Shift Register Reporting
---------------------------------------------------------------------------------

Report RTL Partitions: 
+-+--------------+------------+----------+
| |RTL Partition |Replication |Instances |
+-+--------------+------------+----------+
+-+--------------+------------+----------+
---------------------------------------------------------------------------------
Start Applying XDC Timing Constraints
---------------------------------------------------------------------------------
---------------------------------------------------------------------------------
Finished Applying XDC Timing Constraints : Time (s): cpu = 00:08:38 ; elapsed = 00:10:16 . Memory (MB): peak = 1285.723 ; gain = 970.723
---------------------------------------------------------------------------------
---------------------------------------------------------------------------------
Start Timing Optimization
---------------------------------------------------------------------------------
---------------------------------------------------------------------------------
Finished Timing Optimization : Time (s): cpu = 00:08:39 ; elapsed = 00:10:17 . Memory (MB): peak = 1285.723 ; gain = 970.723
---------------------------------------------------------------------------------

Report RTL Partitions: 
+-+--------------+------------+----------+
| |RTL Partition |Replication |Instances |
+-+--------------+------------+----------+
+-+--------------+------------+----------+
---------------------------------------------------------------------------------
Start Technology Mapping
---------------------------------------------------------------------------------
---------------------------------------------------------------------------------
Finished Technology Mapping : Time (s): cpu = 00:08:40 ; elapsed = 00:10:18 . Memory (MB): peak = 1285.723 ; gain = 970.723
---------------------------------------------------------------------------------

Report RTL Partitions: 
+-+--------------+------------+----------+
| |RTL Partition |Replication |Instances |
+-+--------------+------------+----------+
+-+--------------+------------+----------+
---------------------------------------------------------------------------------
Start IO Insertion
---------------------------------------------------------------------------------
---------------------------------------------------------------------------------
Start Flattening Before IO Insertion
---------------------------------------------------------------------------------
---------------------------------------------------------------------------------
Finished Flattening Before IO Insertion
---------------------------------------------------------------------------------
---------------------------------------------------------------------------------
Start Final Netlist Cleanup
---------------------------------------------------------------------------------
---------------------------------------------------------------------------------
Finished Final Netlist Cleanup
---------------------------------------------------------------------------------
---------------------------------------------------------------------------------
Finished IO Insertion : Time (s): cpu = 00:08:41 ; elapsed = 00:10:19 . Memory (MB): peak = 1285.723 ; gain = 970.723
---------------------------------------------------------------------------------

Report Check Netlist: 
+------+------------------+-------+---------+-------+------------------+
|      |Item              |Errors |Warnings |Status |Description       |
+------+------------------+-------+---------+-------+------------------+
|1     |multi_driven_nets |      0|        0|Passed |Multi driven nets |
+------+------------------+-------+---------+-------+------------------+
---------------------------------------------------------------------------------
Start Renaming Generated Instances
---------------------------------------------------------------------------------
---------------------------------------------------------------------------------
Finished Renaming Generated Instances : Time (s): cpu = 00:08:41 ; elapsed = 00:10:19 . Memory (MB): peak = 1285.723 ; gain = 970.723
---------------------------------------------------------------------------------

Report RTL Partitions: 
+-+--------------+------------+----------+
| |RTL Partition |Replication |Instances |
+-+--------------+------------+----------+
+-+--------------+------------+----------+
---------------------------------------------------------------------------------
Start Rebuilding User Hierarchy
---------------------------------------------------------------------------------
---------------------------------------------------------------------------------
Finished Rebuilding User Hierarchy : Time (s): cpu = 00:08:41 ; elapsed = 00:10:19 . Memory (MB): peak = 1285.723 ; gain = 970.723
---------------------------------------------------------------------------------
---------------------------------------------------------------------------------
Start Renaming Generated Ports
---------------------------------------------------------------------------------
---------------------------------------------------------------------------------
Finished Renaming Generated Ports : Time (s): cpu = 00:08:41 ; elapsed = 00:10:19 . Memory (MB): peak = 1285.723 ; gain = 970.723
---------------------------------------------------------------------------------
---------------------------------------------------------------------------------
Start Handling Custom Attributes
---------------------------------------------------------------------------------
---------------------------------------------------------------------------------
Finished Handling Custom Attributes : Time (s): cpu = 00:08:41 ; elapsed = 00:10:19 . Memory (MB): peak = 1285.723 ; gain = 970.723
---------------------------------------------------------------------------------
---------------------------------------------------------------------------------
Start Renaming Generated Nets
---------------------------------------------------------------------------------
---------------------------------------------------------------------------------
Finished Renaming Generated Nets : Time (s): cpu = 00:08:41 ; elapsed = 00:10:19 . Memory (MB): peak = 1285.723 ; gain = 970.723
---------------------------------------------------------------------------------
---------------------------------------------------------------------------------
Start Writing Synthesis Report
---------------------------------------------------------------------------------

Report BlackBoxes: 
+-+--------------+----------+
| |BlackBox name |Instances |
+-+--------------+----------+
+-+--------------+----------+

Report Cell Usage: 
+------+-----------+------+
|      |Cell       |Count |
+------+-----------+------+
|1     |CARRY4     |     8|
|2     |DSP48E1    |     2|
|3     |LUT1       |     2|
|4     |LUT2       |    37|
|5     |LUT3       |    46|
|6     |LUT4       |    96|
|7     |LUT5       |   223|
|8     |LUT6       |   318|
|9     |MUXF7      |   126|
|10    |MUXF8      |    36|
|11    |RAMB18E1   |     2|
|12    |RAMB18E1_1 |     1|
|13    |RAMB18E1_2 |     1|
|14    |RAMB18E1_3 |     1|
|15    |RAMB36E1   |    16|
|16    |RAMB36E1_1 |    16|
|17    |RAMB36E1_2 |     4|
|18    |RAMB36E1_3 |    72|
|19    |RAMB36E1_4 |     1|
|20    |RAMB36E1_5 |     1|
|21    |RAMB36E1_6 |     1|
|22    |FDRE       |   381|
|23    |FDSE       |     1|
+------+-----------+------+

Report Instance Areas: 
+------+---------------------------------------------------+-----------------------------------------------+------+
|      |Instance                                           |Module                                         |Cells |
+------+---------------------------------------------------+-----------------------------------------------+------+
|1     |top                                                |                                               |  1392|
|2     |  inst                                             |design_1_wrapper                               |  1392|
|3     |    design_1_i                                     |design_1                                       |  1392|
|4     |      blk_mem_gen_0                                |design_1_blk_mem_gen_0_0                       |   623|
|5     |        U0                                         |blk_mem_gen_v8_4_1                             |   623|
|6     |          inst_blk_mem_gen                         |blk_mem_gen_v8_4_1_synth                       |   623|
|7     |            \gnbram.gnativebmg.native_blk_mem_gen  |blk_mem_gen_top                                |   623|
|8     |              \valid.cstr                          |blk_mem_gen_generic_cstr                       |   623|
|9     |                \has_mux_b.B                       |blk_mem_gen_mux__parameterized0                |   338|
|10    |                \ramloop[0].ram.r                  |blk_mem_gen_prim_width                         |     2|
|11    |                  \prim_init.ram                   |blk_mem_gen_prim_wrapper_init                  |     2|
|12    |                \ramloop[10].ram.r                 |blk_mem_gen_prim_width__parameterized9         |     2|
|13    |                  \prim_init.ram                   |blk_mem_gen_prim_wrapper_init__parameterized9  |     2|
|14    |                \ramloop[11].ram.r                 |blk_mem_gen_prim_width__parameterized10        |     1|
|15    |                  \prim_init.ram                   |blk_mem_gen_prim_wrapper_init__parameterized10 |     1|
|16    |                \ramloop[12].ram.r                 |blk_mem_gen_prim_width__parameterized11        |     4|
|17    |                  \prim_init.ram                   |blk_mem_gen_prim_wrapper_init__parameterized11 |     4|
|18    |                \ramloop[13].ram.r                 |blk_mem_gen_prim_width__parameterized12        |     4|
|19    |                  \prim_init.ram                   |blk_mem_gen_prim_wrapper_init__parameterized12 |     4|
|20    |                \ramloop[14].ram.r                 |blk_mem_gen_prim_width__parameterized13        |     4|
|21    |                  \prim_init.ram                   |blk_mem_gen_prim_wrapper_init__parameterized13 |     4|
|22    |                \ramloop[15].ram.r                 |blk_mem_gen_prim_width__parameterized14        |     4|
|23    |                  \prim_init.ram                   |blk_mem_gen_prim_wrapper_init__parameterized14 |     4|
|24    |                \ramloop[16].ram.r                 |blk_mem_gen_prim_width__parameterized15        |     1|
|25    |                  \prim_init.ram                   |blk_mem_gen_prim_wrapper_init__parameterized15 |     1|
|26    |                \ramloop[17].ram.r                 |blk_mem_gen_prim_width__parameterized16        |     1|
|27    |                  \prim_init.ram                   |blk_mem_gen_prim_wrapper_init__parameterized16 |     1|
|28    |                \ramloop[18].ram.r                 |blk_mem_gen_prim_width__parameterized17        |     2|
|29    |                  \prim_init.ram                   |blk_mem_gen_prim_wrapper_init__parameterized17 |     2|
|30    |                \ramloop[19].ram.r                 |blk_mem_gen_prim_width__parameterized18        |     2|
|31    |                  \prim_init.ram                   |blk_mem_gen_prim_wrapper_init__parameterized18 |     2|
|32    |                \ramloop[1].ram.r                  |blk_mem_gen_prim_width__parameterized0         |     2|
|33    |                  \prim_init.ram                   |blk_mem_gen_prim_wrapper_init__parameterized0  |     2|
|34    |                \ramloop[20].ram.r                 |blk_mem_gen_prim_width__parameterized19        |     2|
|35    |                  \prim_init.ram                   |blk_mem_gen_prim_wrapper_init__parameterized19 |     2|
|36    |                \ramloop[21].ram.r                 |blk_mem_gen_prim_width__parameterized20        |     2|
|37    |                  \prim_init.ram                   |blk_mem_gen_prim_wrapper_init__parameterized20 |     2|
|38    |                \ramloop[22].ram.r                 |blk_mem_gen_prim_width__parameterized21        |     1|
|39    |                  \prim_init.ram                   |blk_mem_gen_prim_wrapper_init__parameterized21 |     1|
|40    |                \ramloop[23].ram.r                 |blk_mem_gen_prim_width__parameterized22        |     3|
|41    |                  \prim_init.ram                   |blk_mem_gen_prim_wrapper_init__parameterized22 |     3|
|42    |                \ramloop[24].ram.r                 |blk_mem_gen_prim_width__parameterized23        |     3|
|43    |                  \prim_init.ram                   |blk_mem_gen_prim_wrapper_init__parameterized23 |     3|
|44    |                \ramloop[25].ram.r                 |blk_mem_gen_prim_width__parameterized24        |     3|
|45    |                  \prim_init.ram                   |blk_mem_gen_prim_wrapper_init__parameterized24 |     3|
|46    |                \ramloop[26].ram.r                 |blk_mem_gen_prim_width__parameterized25        |     3|
|47    |                  \prim_init.ram                   |blk_mem_gen_prim_wrapper_init__parameterized25 |     3|
|48    |                \ramloop[27].ram.r                 |blk_mem_gen_prim_width__parameterized26        |     3|
|49    |                  \prim_init.ram                   |blk_mem_gen_prim_wrapper_init__parameterized26 |     3|
|50    |                \ramloop[28].ram.r                 |blk_mem_gen_prim_width__parameterized27        |     3|
|51    |                  \prim_init.ram                   |blk_mem_gen_prim_wrapper_init__parameterized27 |     3|
|52    |                \ramloop[29].ram.r                 |blk_mem_gen_prim_width__parameterized28        |     3|
|53    |                  \prim_init.ram                   |blk_mem_gen_prim_wrapper_init__parameterized28 |     3|
|54    |                \ramloop[2].ram.r                  |blk_mem_gen_prim_width__parameterized1         |     2|
|55    |                  \prim_init.ram                   |blk_mem_gen_prim_wrapper_init__parameterized1  |     2|
|56    |                \ramloop[30].ram.r                 |blk_mem_gen_prim_width__parameterized29        |     3|
|57    |                  \prim_init.ram                   |blk_mem_gen_prim_wrapper_init__parameterized29 |     3|
|58    |                \ramloop[31].ram.r                 |blk_mem_gen_prim_width__parameterized30        |     3|
|59    |                  \prim_init.ram                   |blk_mem_gen_prim_wrapper_init__parameterized30 |     3|
|60    |                \ramloop[32].ram.r                 |blk_mem_gen_prim_width__parameterized31        |     3|
|61    |                  \prim_init.ram                   |blk_mem_gen_prim_wrapper_init__parameterized31 |     3|
|62    |                \ramloop[33].ram.r                 |blk_mem_gen_prim_width__parameterized32        |     3|
|63    |                  \prim_init.ram                   |blk_mem_gen_prim_wrapper_init__parameterized32 |     3|
|64    |                \ramloop[34].ram.r                 |blk_mem_gen_prim_width__parameterized33        |     3|
|65    |                  \prim_init.ram                   |blk_mem_gen_prim_wrapper_init__parameterized33 |     3|
|66    |                \ramloop[35].ram.r                 |blk_mem_gen_prim_width__parameterized34        |     3|
|67    |                  \prim_init.ram                   |blk_mem_gen_prim_wrapper_init__parameterized34 |     3|
|68    |                \ramloop[36].ram.r                 |blk_mem_gen_prim_width__parameterized35        |     3|
|69    |                  \prim_init.ram                   |blk_mem_gen_prim_wrapper_init__parameterized35 |     3|
|70    |                \ramloop[37].ram.r                 |blk_mem_gen_prim_width__parameterized36        |     3|
|71    |                  \prim_init.ram                   |blk_mem_gen_prim_wrapper_init__parameterized36 |     3|
|72    |                \ramloop[38].ram.r                 |blk_mem_gen_prim_width__parameterized37        |     3|
|73    |                  \prim_init.ram                   |blk_mem_gen_prim_wrapper_init__parameterized37 |     3|
|74    |                \ramloop[39].ram.r                 |blk_mem_gen_prim_width__parameterized38        |     3|
|75    |                  \prim_init.ram                   |blk_mem_gen_prim_wrapper_init__parameterized38 |     3|
|76    |                \ramloop[3].ram.r                  |blk_mem_gen_prim_width__parameterized2         |     2|
|77    |                  \prim_init.ram                   |blk_mem_gen_prim_wrapper_init__parameterized2  |     2|
|78    |                \ramloop[40].ram.r                 |blk_mem_gen_prim_width__parameterized39        |     3|
|79    |                  \prim_init.ram                   |blk_mem_gen_prim_wrapper_init__parameterized39 |     3|
|80    |                \ramloop[41].ram.r                 |blk_mem_gen_prim_width__parameterized40        |     3|
|81    |                  \prim_init.ram                   |blk_mem_gen_prim_wrapper_init__parameterized40 |     3|
|82    |                \ramloop[42].ram.r                 |blk_mem_gen_prim_width__parameterized41        |     4|
|83    |                  \prim_init.ram                   |blk_mem_gen_prim_wrapper_init__parameterized41 |     4|
|84    |                \ramloop[43].ram.r                 |blk_mem_gen_prim_width__parameterized42        |     4|
|85    |                  \prim_init.ram                   |blk_mem_gen_prim_wrapper_init__parameterized42 |     4|
|86    |                \ramloop[44].ram.r                 |blk_mem_gen_prim_width__parameterized43        |     4|
|87    |                  \prim_init.ram                   |blk_mem_gen_prim_wrapper_init__parameterized43 |     4|
|88    |                \ramloop[45].ram.r                 |blk_mem_gen_prim_width__parameterized44        |     4|
|89    |                  \prim_init.ram                   |blk_mem_gen_prim_wrapper_init__parameterized44 |     4|
|90    |                \ramloop[46].ram.r                 |blk_mem_gen_prim_width__parameterized45        |     4|
|91    |                  \prim_init.ram                   |blk_mem_gen_prim_wrapper_init__parameterized45 |     4|
|92    |                \ramloop[47].ram.r                 |blk_mem_gen_prim_width__parameterized46        |     3|
|93    |                  \prim_init.ram                   |blk_mem_gen_prim_wrapper_init__parameterized46 |     3|
|94    |                \ramloop[48].ram.r                 |blk_mem_gen_prim_width__parameterized47        |     3|
|95    |                  \prim_init.ram                   |blk_mem_gen_prim_wrapper_init__parameterized47 |     3|
|96    |                \ramloop[49].ram.r                 |blk_mem_gen_prim_width__parameterized48        |     3|
|97    |                  \prim_init.ram                   |blk_mem_gen_prim_wrapper_init__parameterized48 |     3|
|98    |                \ramloop[4].ram.r                  |blk_mem_gen_prim_width__parameterized3         |     1|
|99    |                  \prim_init.ram                   |blk_mem_gen_prim_wrapper_init__parameterized3  |     1|
|100   |                \ramloop[50].ram.r                 |blk_mem_gen_prim_width__parameterized49        |     3|
|101   |                  \prim_init.ram                   |blk_mem_gen_prim_wrapper_init__parameterized49 |     3|
|102   |                \ramloop[51].ram.r                 |blk_mem_gen_prim_width__parameterized50        |     3|
|103   |                  \prim_init.ram                   |blk_mem_gen_prim_wrapper_init__parameterized50 |     3|
|104   |                \ramloop[52].ram.r                 |blk_mem_gen_prim_width__parameterized51        |     3|
|105   |                  \prim_init.ram                   |blk_mem_gen_prim_wrapper_init__parameterized51 |     3|
|106   |                \ramloop[53].ram.r                 |blk_mem_gen_prim_width__parameterized52        |     3|
|107   |                  \prim_init.ram                   |blk_mem_gen_prim_wrapper_init__parameterized52 |     3|
|108   |                \ramloop[54].ram.r                 |blk_mem_gen_prim_width__parameterized53        |     3|
|109   |                  \prim_init.ram                   |blk_mem_gen_prim_wrapper_init__parameterized53 |     3|
|110   |                \ramloop[55].ram.r                 |blk_mem_gen_prim_width__parameterized54        |     3|
|111   |                  \prim_init.ram                   |blk_mem_gen_prim_wrapper_init__parameterized54 |     3|
|112   |                \ramloop[56].ram.r                 |blk_mem_gen_prim_width__parameterized55        |     3|
|113   |                  \prim_init.ram                   |blk_mem_gen_prim_wrapper_init__parameterized55 |     3|
|114   |                \ramloop[57].ram.r                 |blk_mem_gen_prim_width__parameterized56        |     3|
|115   |                  \prim_init.ram                   |blk_mem_gen_prim_wrapper_init__parameterized56 |     3|
|116   |                \ramloop[58].ram.r                 |blk_mem_gen_prim_width__parameterized57        |     3|
|117   |                  \prim_init.ram                   |blk_mem_gen_prim_wrapper_init__parameterized57 |     3|
|118   |                \ramloop[59].ram.r                 |blk_mem_gen_prim_width__parameterized58        |     3|
|119   |                  \prim_init.ram                   |blk_mem_gen_prim_wrapper_init__parameterized58 |     3|
|120   |                \ramloop[5].ram.r                  |blk_mem_gen_prim_width__parameterized4         |     3|
|121   |                  \prim_init.ram                   |blk_mem_gen_prim_wrapper_init__parameterized4  |     3|
|122   |                \ramloop[60].ram.r                 |blk_mem_gen_prim_width__parameterized59        |     3|
|123   |                  \prim_init.ram                   |blk_mem_gen_prim_wrapper_init__parameterized59 |     3|
|124   |                \ramloop[61].ram.r                 |blk_mem_gen_prim_width__parameterized60        |     3|
|125   |                  \prim_init.ram                   |blk_mem_gen_prim_wrapper_init__parameterized60 |     3|
|126   |                \ramloop[62].ram.r                 |blk_mem_gen_prim_width__parameterized61        |     3|
|127   |                  \prim_init.ram                   |blk_mem_gen_prim_wrapper_init__parameterized61 |     3|
|128   |                \ramloop[63].ram.r                 |blk_mem_gen_prim_width__parameterized62        |     3|
|129   |                  \prim_init.ram                   |blk_mem_gen_prim_wrapper_init__parameterized62 |     3|
|130   |                \ramloop[64].ram.r                 |blk_mem_gen_prim_width__parameterized63        |     3|
|131   |                  \prim_init.ram                   |blk_mem_gen_prim_wrapper_init__parameterized63 |     3|
|132   |                \ramloop[65].ram.r                 |blk_mem_gen_prim_width__parameterized64        |     3|
|133   |                  \prim_init.ram                   |blk_mem_gen_prim_wrapper_init__parameterized64 |     3|
|134   |                \ramloop[66].ram.r                 |blk_mem_gen_prim_width__parameterized65        |     3|
|135   |                  \prim_init.ram                   |blk_mem_gen_prim_wrapper_init__parameterized65 |     3|
|136   |                \ramloop[67].ram.r                 |blk_mem_gen_prim_width__parameterized66        |     3|
|137   |                  \prim_init.ram                   |blk_mem_gen_prim_wrapper_init__parameterized66 |     3|
|138   |                \ramloop[68].ram.r                 |blk_mem_gen_prim_width__parameterized67        |     3|
|139   |                  \prim_init.ram                   |blk_mem_gen_prim_wrapper_init__parameterized67 |     3|
|140   |                \ramloop[69].ram.r                 |blk_mem_gen_prim_width__parameterized68        |     3|
|141   |                  \prim_init.ram                   |blk_mem_gen_prim_wrapper_init__parameterized68 |     3|
|142   |                \ramloop[6].ram.r                  |blk_mem_gen_prim_width__parameterized5         |     1|
|143   |                  \prim_init.ram                   |blk_mem_gen_prim_wrapper_init__parameterized5  |     1|
|144   |                \ramloop[70].ram.r                 |blk_mem_gen_prim_width__parameterized69        |     3|
|145   |                  \prim_init.ram                   |blk_mem_gen_prim_wrapper_init__parameterized69 |     3|
|146   |                \ramloop[71].ram.r                 |blk_mem_gen_prim_width__parameterized70        |     3|
|147   |                  \prim_init.ram                   |blk_mem_gen_prim_wrapper_init__parameterized70 |     3|
|148   |                \ramloop[72].ram.r                 |blk_mem_gen_prim_width__parameterized71        |     3|
|149   |                  \prim_init.ram                   |blk_mem_gen_prim_wrapper_init__parameterized71 |     3|
|150   |                \ramloop[73].ram.r                 |blk_mem_gen_prim_width__parameterized72        |     3|
|151   |                  \prim_init.ram                   |blk_mem_gen_prim_wrapper_init__parameterized72 |     3|
|152   |                \ramloop[74].ram.r                 |blk_mem_gen_prim_width__parameterized73        |     3|
|153   |                  \prim_init.ram                   |blk_mem_gen_prim_wrapper_init__parameterized73 |     3|
|154   |                \ramloop[75].ram.r                 |blk_mem_gen_prim_width__parameterized74        |     3|
|155   |                  \prim_init.ram                   |blk_mem_gen_prim_wrapper_init__parameterized74 |     3|
|156   |                \ramloop[76].ram.r                 |blk_mem_gen_prim_width__parameterized75        |     3|
|157   |                  \prim_init.ram                   |blk_mem_gen_prim_wrapper_init__parameterized75 |     3|
|158   |                \ramloop[77].ram.r                 |blk_mem_gen_prim_width__parameterized76        |     3|
|159   |                  \prim_init.ram                   |blk_mem_gen_prim_wrapper_init__parameterized76 |     3|
|160   |                \ramloop[78].ram.r                 |blk_mem_gen_prim_width__parameterized77        |     3|
|161   |                  \prim_init.ram                   |blk_mem_gen_prim_wrapper_init__parameterized77 |     3|
|162   |                \ramloop[79].ram.r                 |blk_mem_gen_prim_width__parameterized78        |     3|
|163   |                  \prim_init.ram                   |blk_mem_gen_prim_wrapper_init__parameterized78 |     3|
|164   |                \ramloop[7].ram.r                  |blk_mem_gen_prim_width__parameterized6         |     2|
|165   |                  \prim_init.ram                   |blk_mem_gen_prim_wrapper_init__parameterized6  |     2|
|166   |                \ramloop[80].ram.r                 |blk_mem_gen_prim_width__parameterized79        |     3|
|167   |                  \prim_init.ram                   |blk_mem_gen_prim_wrapper_init__parameterized79 |     3|
|168   |                \ramloop[81].ram.r                 |blk_mem_gen_prim_width__parameterized80        |     4|
|169   |                  \prim_init.ram                   |blk_mem_gen_prim_wrapper_init__parameterized80 |     4|
|170   |                \ramloop[82].ram.r                 |blk_mem_gen_prim_width__parameterized81        |     3|
|171   |                  \prim_init.ram                   |blk_mem_gen_prim_wrapper_init__parameterized81 |     3|
|172   |                \ramloop[83].ram.r                 |blk_mem_gen_prim_width__parameterized82        |     3|
|173   |                  \prim_init.ram                   |blk_mem_gen_prim_wrapper_init__parameterized82 |     3|
|174   |                \ramloop[84].ram.r                 |blk_mem_gen_prim_width__parameterized83        |     3|
|175   |                  \prim_init.ram                   |blk_mem_gen_prim_wrapper_init__parameterized83 |     3|
|176   |                \ramloop[85].ram.r                 |blk_mem_gen_prim_width__parameterized84        |     3|
|177   |                  \prim_init.ram                   |blk_mem_gen_prim_wrapper_init__parameterized84 |     3|
|178   |                \ramloop[86].ram.r                 |blk_mem_gen_prim_width__parameterized85        |     3|
|179   |                  \prim_init.ram                   |blk_mem_gen_prim_wrapper_init__parameterized85 |     3|
|180   |                \ramloop[87].ram.r                 |blk_mem_gen_prim_width__parameterized86        |     3|
|181   |                  \prim_init.ram                   |blk_mem_gen_prim_wrapper_init__parameterized86 |     3|
|182   |                \ramloop[88].ram.r                 |blk_mem_gen_prim_width__parameterized87        |     3|
|183   |                  \prim_init.ram                   |blk_mem_gen_prim_wrapper_init__parameterized87 |     3|
|184   |                \ramloop[89].ram.r                 |blk_mem_gen_prim_width__parameterized88        |     4|
|185   |                  \prim_init.ram                   |blk_mem_gen_prim_wrapper_init__parameterized88 |     4|
|186   |                \ramloop[8].ram.r                  |blk_mem_gen_prim_width__parameterized7         |     2|
|187   |                  \prim_init.ram                   |blk_mem_gen_prim_wrapper_init__parameterized7  |     2|
|188   |                \ramloop[90].ram.r                 |blk_mem_gen_prim_width__parameterized89        |     4|
|189   |                  \prim_init.ram                   |blk_mem_gen_prim_wrapper_init__parameterized89 |     4|
|190   |                \ramloop[91].ram.r                 |blk_mem_gen_prim_width__parameterized90        |     3|
|191   |                  \prim_init.ram                   |blk_mem_gen_prim_wrapper_init__parameterized90 |     3|
|192   |                \ramloop[92].ram.r                 |blk_mem_gen_prim_width__parameterized91        |     3|
|193   |                  \prim_init.ram                   |blk_mem_gen_prim_wrapper_init__parameterized91 |     3|
|194   |                \ramloop[93].ram.r                 |blk_mem_gen_prim_width__parameterized92        |     3|
|195   |                  \prim_init.ram                   |blk_mem_gen_prim_wrapper_init__parameterized92 |     3|
|196   |                \ramloop[94].ram.r                 |blk_mem_gen_prim_width__parameterized93        |     3|
|197   |                  \prim_init.ram                   |blk_mem_gen_prim_wrapper_init__parameterized93 |     3|
|198   |                \ramloop[95].ram.r                 |blk_mem_gen_prim_width__parameterized94        |     4|
|199   |                  \prim_init.ram                   |blk_mem_gen_prim_wrapper_init__parameterized94 |     4|
|200   |                \ramloop[96].ram.r                 |blk_mem_gen_prim_width__parameterized95        |     5|
|201   |                  \prim_init.ram                   |blk_mem_gen_prim_wrapper_init__parameterized95 |     5|
|202   |                \ramloop[97].ram.r                 |blk_mem_gen_prim_width__parameterized96        |     3|
|203   |                  \prim_init.ram                   |blk_mem_gen_prim_wrapper_init__parameterized96 |     3|
|204   |                \ramloop[9].ram.r                  |blk_mem_gen_prim_width__parameterized8         |     2|
|205   |                  \prim_init.ram                   |blk_mem_gen_prim_wrapper_init__parameterized8  |     2|
|206   |      blk_mem_gen_1                                |design_1_blk_mem_gen_1_0                       |     1|
|207   |        U0                                         |blk_mem_gen_v8_4_1__parameterized1             |     1|
|208   |          inst_blk_mem_gen                         |blk_mem_gen_v8_4_1_synth__parameterized0       |     1|
|209   |            \gnbram.gnativebmg.native_blk_mem_gen  |blk_mem_gen_top__parameterized0                |     1|
|210   |              \valid.cstr                          |blk_mem_gen_generic_cstr__parameterized0       |     1|
|211   |                \ramloop[0].ram.r                  |blk_mem_gen_prim_width__parameterized97        |     1|
|212   |                  \prim_init.ram                   |blk_mem_gen_prim_wrapper_init__parameterized97 |     1|
|213   |      blk_mem_gen_2                                |design_1_blk_mem_gen_1_1                       |     1|
|214   |        U0                                         |blk_mem_gen_v8_4_1__parameterized3             |     1|
|215   |          inst_blk_mem_gen                         |blk_mem_gen_v8_4_1_synth__parameterized1       |     1|
|216   |            \gnbram.gnativebmg.native_blk_mem_gen  |blk_mem_gen_top__parameterized1                |     1|
|217   |              \valid.cstr                          |blk_mem_gen_generic_cstr__parameterized1       |     1|
|218   |                \ramloop[0].ram.r                  |blk_mem_gen_prim_width__parameterized98        |     1|
|219   |                  \prim_init.ram                   |blk_mem_gen_prim_wrapper_init__parameterized98 |     1|
|220   |      framebuffer_read_0                           |design_1_framebuffer_read_0_0                  |   153|
|221   |        inst                                       |framebuffer_read                               |   153|
|222   |      framebuffer_write_0                          |design_1_framebuffer_write_0_0                 |   614|
|223   |        inst                                       |framebuffer_write                              |   614|
|224   |          framebuffer_write_S00_AXI_inst           |framebuffer_write_S00_AXI                      |   614|
+------+---------------------------------------------------+-----------------------------------------------+------+
---------------------------------------------------------------------------------
Finished Writing Synthesis Report : Time (s): cpu = 00:08:41 ; elapsed = 00:10:19 . Memory (MB): peak = 1285.723 ; gain = 970.723
---------------------------------------------------------------------------------
Synthesis finished with 0 errors, 0 critical warnings and 7186 warnings.
Synthesis Optimization Runtime : Time (s): cpu = 00:00:31 ; elapsed = 00:09:58 . Memory (MB): peak = 1285.723 ; gain = 970.723
Synthesis Optimization Complete : Time (s): cpu = 00:08:42 ; elapsed = 00:10:19 . Memory (MB): peak = 1285.723 ; gain = 970.723
INFO: [Project 1-571] Translating synthesized netlist
INFO: [Netlist 29-17] Analyzing 288 Unisim elements for replacement
INFO: [Netlist 29-28] Unisim Transformation completed in 0 CPU seconds
INFO: [Project 1-570] Preparing netlist for logic optimization
INFO: [Opt 31-138] Pushed 0 inverter(s) to 0 load pin(s).
INFO: [Project 1-111] Unisim Transformation Summary:
No Unisim elements were transformed.

INFO: [Common 17-83] Releasing license: Synthesis
118 Infos, 106 Warnings, 0 Critical Warnings and 0 Errors encountered.
synth_design completed successfully
synth_design: Time (s): cpu = 00:08:45 ; elapsed = 00:10:26 . Memory (MB): peak = 1285.723 ; gain = 982.254
INFO: [Common 17-1381] The checkpoint 'D:/On-MicroBlaze Demo/demo.runs/design_1_graphics_module_0_0_synth_1/design_1_graphics_module_0_0.dcp' has been generated.
write_checkpoint: Time (s): cpu = 00:00:01 ; elapsed = 00:00:08 . Memory (MB): peak = 1285.723 ; gain = 0.000
